	.text
	.syntax unified
	.eabi_attribute	67, "2.09"	@ Tag_conformance
	.cpu	cortex-m23
	.eabi_attribute	6, 16	@ Tag_CPU_arch
	.eabi_attribute	7, 77	@ Tag_CPU_arch_profile
	.eabi_attribute	8, 0	@ Tag_ARM_ISA_use
	.eabi_attribute	9, 3	@ Tag_THUMB_ISA_use
	.eabi_attribute	34, 0	@ Tag_CPU_unaligned_access
	.eabi_attribute	17, 1	@ Tag_ABI_PCS_GOT_use
	.eabi_attribute	20, 2	@ Tag_ABI_FP_denormal
	.eabi_attribute	21, 0	@ Tag_ABI_FP_exceptions
	.eabi_attribute	23, 1	@ Tag_ABI_FP_number_model
	.eabi_attribute	24, 1	@ Tag_ABI_align_needed
	.eabi_attribute	25, 1	@ Tag_ABI_align_preserved
	.eabi_attribute	38, 1	@ Tag_ABI_FP_16bit_format
	.eabi_attribute	18, 4	@ Tag_ABI_PCS_wchar_t
	.eabi_attribute	26, 2	@ Tag_ABI_enum_size
	.eabi_attribute	14, 0	@ Tag_ABI_PCS_R9_use
	.file	"drvr_uuart.c"
	.file	1 "C:\\Users\\Anaya\\AppData\\Local\\Keil_v5\\ARM\\ARMCLANG\\bin\\..\\include" "stdint.h"
	.file	2 "D:\\work\\dheeraj\\local\\CEL\\CCC\\CCC_CPU0\\Code" "../../CCC_common/Library/Device/Nuvoton/M261/Include\\uuart_reg.h"
	.file	3 "D:\\work\\dheeraj\\local\\CEL\\CCC\\CCC_CPU0\\Code" "../../CCC_common/Library/Device/Nuvoton/M261/Include\\sys_reg.h"
	.section	.text.uuart_ctor,"ax",%progbits
	.hidden	uuart_ctor                      @ -- Begin function uuart_ctor
	.globl	uuart_ctor
	.p2align	2
	.type	uuart_ctor,%function
	.code	16                              @ @uuart_ctor
	.thumb_func
uuart_ctor:
.Lfunc_begin0:
	.file	4 "D:\\work\\dheeraj\\local\\CEL\\CCC\\CCC_CPU0\\Code" "source/driver/drvr_uuart.c"
	.loc	4 5 0                           @ source/driver/drvr_uuart.c:5:0
	.fnstart
	.cfi_sections .debug_frame
	.cfi_startproc
@ %bb.0:
	.save	{r7, lr}
	push	{r7, lr}
	.cfi_def_cfa_offset 8
	.cfi_offset lr, -4
	.cfi_offset r7, -8
	.pad	#8
	sub	sp, #8
	.cfi_def_cfa_offset 16
	str	r0, [sp, #4]
.Ltmp0:
	.loc	4 8 9 prologue_end              @ source/driver/drvr_uuart.c:8:9
	ldr	r0, [sp, #4]
	.loc	4 8 17 is_stmt 0                @ source/driver/drvr_uuart.c:8:17
	ldrb	r0, [r0, #13]
	.loc	4 8 2                           @ source/driver/drvr_uuart.c:8:2
	cbnz	r0, .LBB0_2
	b	.LBB0_1
.LBB0_1:
	.loc	4 0 2                           @ source/driver/drvr_uuart.c:0:2
	ldr	r0, __arm_cp.0_0
.Ltmp1:
	.loc	4 10 10 is_stmt 1               @ source/driver/drvr_uuart.c:10:10
	str	r0, [sp]
	ldr	r0, __arm_cp.0_1
	.loc	4 14 7                          @ source/driver/drvr_uuart.c:14:7
	bl	CLK_EnableModuleClock
	ldr	r1, __arm_cp.0_2
	.loc	4 20 21                         @ source/driver/drvr_uuart.c:20:21
	ldr	r0, [r1]
	movw	r2, #4080
	bics	r0, r2
	str	r0, [r1]
	.loc	4 21 21                         @ source/driver/drvr_uuart.c:21:21
	ldr	r0, [r1]
	movw	r2, #816
	orrs	r0, r2
	str	r0, [r1]
	.loc	4 22 4                          @ source/driver/drvr_uuart.c:22:4
	b	.LBB0_2
.Ltmp2:
.LBB0_2:
	.loc	4 25 13                         @ source/driver/drvr_uuart.c:25:13
	ldr	r0, [sp]
	.loc	4 25 19 is_stmt 0               @ source/driver/drvr_uuart.c:25:19
	ldr	r1, [sp, #4]
	.loc	4 25 27                         @ source/driver/drvr_uuart.c:25:27
	ldr	r1, [r1]
	.loc	4 25 2                          @ source/driver/drvr_uuart.c:25:2
	bl	UUART_Open
	.loc	4 27 18 is_stmt 1               @ source/driver/drvr_uuart.c:27:18
	ldr	r0, [sp]
	.loc	4 27 2 is_stmt 0                @ source/driver/drvr_uuart.c:27:2
	ldr	r1, [sp, #4]
	.loc	4 27 16                         @ source/driver/drvr_uuart.c:27:16
	str	r0, [r1, #16]
	.loc	4 28 1 epilogue_begin is_stmt 1 @ source/driver/drvr_uuart.c:28:1
	add	sp, #8
	pop	{r7, pc}
.Ltmp3:
	.loc	4 0 1 is_stmt 0                 @ :0:1
.Ltmp4:
	.p2align	2
@ %bb.3:
__arm_cp.0_0:
	.long	1074593792                      @ 0x400d0000
.Lcpi_end0:
	.size	__arm_cp.0_0, .Lcpi_end0-__arm_cp.0_0
__arm_cp.0_1:
	.long	2147483656                      @ 0x80000008
.Lcpi_end1:
	.size	__arm_cp.0_1, .Lcpi_end1-__arm_cp.0_1
__arm_cp.0_2:
	.long	1073741900                      @ 0x4000004c
.Lcpi_end2:
	.size	__arm_cp.0_2, .Lcpi_end2-__arm_cp.0_2
.Lfunc_end0:
	.size	uuart_ctor, .Lfunc_end0-uuart_ctor
	.cfi_endproc
	.cantunwind
	.fnend
                                        @ -- End function
	.section	.text.uuart_write,"ax",%progbits
	.hidden	uuart_write                     @ -- Begin function uuart_write
	.globl	uuart_write
	.p2align	1
	.type	uuart_write,%function
	.code	16                              @ @uuart_write
	.thumb_func
uuart_write:
.Lfunc_begin1:
	.loc	4 30 0 is_stmt 1                @ source/driver/drvr_uuart.c:30:0
	.fnstart
	.cfi_startproc
@ %bb.0:
	.save	{r7, lr}
	push	{r7, lr}
	.cfi_def_cfa_offset 8
	.cfi_offset lr, -4
	.cfi_offset r7, -8
	.pad	#24
	sub	sp, #24
	.cfi_def_cfa_offset 32
	str	r0, [sp, #16]
.Ltmp5:
	.loc	4 31 19 prologue_end            @ source/driver/drvr_uuart.c:31:19
	ldr	r0, [sp, #16]
	.loc	4 31 27 is_stmt 0               @ source/driver/drvr_uuart.c:31:27
	ldr	r0, [r0, #16]
	.loc	4 31 11                         @ source/driver/drvr_uuart.c:31:11
	str	r0, [sp, #12]
.Ltmp6:
	.loc	4 34 5 is_stmt 1                @ source/driver/drvr_uuart.c:34:5
	ldr	r0, [sp, #16]
	.loc	4 34 13 is_stmt 0               @ source/driver/drvr_uuart.c:34:13
	ldr	r0, [r0, #8]
.Ltmp7:
	.loc	4 34 5                          @ source/driver/drvr_uuart.c:34:5
	cbnz	r0, .LBB1_2
	b	.LBB1_1
.LBB1_1:
	.loc	4 0 5                           @ source/driver/drvr_uuart.c:0:5
	add	r1, sp, #20
	movs	r0, #1
.Ltmp8:
	.loc	4 34 26                         @ source/driver/drvr_uuart.c:34:26
	strb	r0, [r1]
	b	.LBB1_8
.Ltmp9:
.LBB1_2:
	.loc	4 36 2 is_stmt 1                @ source/driver/drvr_uuart.c:36:2
	b	.LBB1_3
.LBB1_3:                                @ =>This Inner Loop Header: Depth=1
	.loc	4 36 8 is_stmt 0                @ source/driver/drvr_uuart.c:36:8
	ldr	r0, [sp, #12]
	ldr	r0, [r0, #60]
	movw	r1, #512
	ands	r0, r1
	lsrs	r1, r0, #9
	movs	r0, #0
	.loc	4 36 37                         @ source/driver/drvr_uuart.c:36:37
	str	r0, [sp, #4]                    @ 4-byte Spill
	cbnz	r1, .LBB1_5
	b	.LBB1_4
.LBB1_4:                                @   in Loop: Header=BB1_3 Depth=1
	.loc	4 36 40                         @ source/driver/drvr_uuart.c:36:40
	ldr	r0, [sp, #16]
	.loc	4 36 48                         @ source/driver/drvr_uuart.c:36:48
	ldr	r0, [r0, #8]
	.loc	4 36 53                         @ source/driver/drvr_uuart.c:36:53
	ldrb	r0, [r0, #12]
	.loc	4 36 62                         @ source/driver/drvr_uuart.c:36:62
	rsbs	r1, r0, #0
	adcs	r0, r1
	str	r0, [sp, #4]                    @ 4-byte Spill
	b	.LBB1_5
.LBB1_5:                                @   in Loop: Header=BB1_3 Depth=1
	.loc	4 0 0                           @ source/driver/drvr_uuart.c:0:0
	ldr	r0, [sp, #4]                    @ 4-byte Reload
	.loc	4 36 2                          @ source/driver/drvr_uuart.c:36:2
	lsls	r0, r0, #31
	cbz	r0, .LBB1_7
	b	.LBB1_6
.LBB1_6:                                @   in Loop: Header=BB1_3 Depth=1
.Ltmp10:
	.loc	4 37 13 is_stmt 1               @ source/driver/drvr_uuart.c:37:13
	ldr	r0, [sp, #16]
	.loc	4 37 21 is_stmt 0               @ source/driver/drvr_uuart.c:37:21
	ldr	r0, [r0, #8]
	add	r1, sp, #8
	.loc	4 37 3                          @ source/driver/drvr_uuart.c:37:3
	str	r1, [sp]                        @ 4-byte Spill
	bl	fifo_read
	ldr	r1, [sp]                        @ 4-byte Reload
	.loc	4 38 16 is_stmt 1               @ source/driver/drvr_uuart.c:38:16
	ldr	r0, [sp, #12]
	movs	r2, #1
	.loc	4 38 4 is_stmt 0                @ source/driver/drvr_uuart.c:38:4
	bl	UUART_Write
.Ltmp11:
	.loc	4 36 2 is_stmt 1                @ source/driver/drvr_uuart.c:36:2
	b	.LBB1_3
.LBB1_7:
	.loc	4 0 2 is_stmt 0                 @ source/driver/drvr_uuart.c:0:2
	add	r1, sp, #20
	movs	r0, #0
	.loc	4 40 2 is_stmt 1                @ source/driver/drvr_uuart.c:40:2
	strb	r0, [r1]
	b	.LBB1_8
.LBB1_8:
	.loc	4 0 2 is_stmt 0                 @ source/driver/drvr_uuart.c:0:2
	add	r0, sp, #20
	.loc	4 41 1 is_stmt 1                @ source/driver/drvr_uuart.c:41:1
	ldrb	r0, [r0]
	.loc	4 41 1 epilogue_begin is_stmt 0 @ source/driver/drvr_uuart.c:41:1
	add	sp, #24
	pop	{r7, pc}
.Ltmp12:
.Lfunc_end1:
	.size	uuart_write, .Lfunc_end1-uuart_write
	.cfi_endproc
	.cantunwind
	.fnend
                                        @ -- End function
	.section	.text.uuart_read,"ax",%progbits
	.hidden	uuart_read                      @ -- Begin function uuart_read
	.globl	uuart_read
	.p2align	1
	.type	uuart_read,%function
	.code	16                              @ @uuart_read
	.thumb_func
uuart_read:
.Lfunc_begin2:
	.loc	4 43 0 is_stmt 1                @ source/driver/drvr_uuart.c:43:0
	.fnstart
	.cfi_startproc
@ %bb.0:
	.save	{r7, lr}
	push	{r7, lr}
	.cfi_def_cfa_offset 8
	.cfi_offset lr, -4
	.cfi_offset r7, -8
	.pad	#24
	sub	sp, #24
	.cfi_def_cfa_offset 32
	str	r0, [sp, #16]
.Ltmp13:
	.loc	4 44 19 prologue_end            @ source/driver/drvr_uuart.c:44:19
	ldr	r0, [sp, #16]
	.loc	4 44 27 is_stmt 0               @ source/driver/drvr_uuart.c:44:27
	ldr	r0, [r0, #16]
	.loc	4 44 11                         @ source/driver/drvr_uuart.c:44:11
	str	r0, [sp, #12]
.Ltmp14:
	.loc	4 47 5 is_stmt 1                @ source/driver/drvr_uuart.c:47:5
	ldr	r0, [sp, #16]
	.loc	4 47 13 is_stmt 0               @ source/driver/drvr_uuart.c:47:13
	ldr	r0, [r0, #4]
.Ltmp15:
	.loc	4 47 5                          @ source/driver/drvr_uuart.c:47:5
	cbnz	r0, .LBB2_2
	b	.LBB2_1
.LBB2_1:
	.loc	4 0 5                           @ source/driver/drvr_uuart.c:0:5
	add	r1, sp, #20
	movs	r0, #1
.Ltmp16:
	.loc	4 47 26                         @ source/driver/drvr_uuart.c:47:26
	strb	r0, [r1]
	b	.LBB2_8
.Ltmp17:
.LBB2_2:
	.loc	4 49 2 is_stmt 1                @ source/driver/drvr_uuart.c:49:2
	b	.LBB2_3
.LBB2_3:                                @ =>This Inner Loop Header: Depth=1
	.loc	4 49 8 is_stmt 0                @ source/driver/drvr_uuart.c:49:8
	ldr	r0, [sp, #12]
	ldr	r1, [r0, #60]
	movs	r0, #0
	.loc	4 49 39                         @ source/driver/drvr_uuart.c:49:39
	lsls	r1, r1, #31
	str	r0, [sp, #4]                    @ 4-byte Spill
	cbnz	r1, .LBB2_5
	b	.LBB2_4
.LBB2_4:                                @   in Loop: Header=BB2_3 Depth=1
	.loc	4 49 42                         @ source/driver/drvr_uuart.c:49:42
	ldr	r0, [sp, #16]
	.loc	4 49 50                         @ source/driver/drvr_uuart.c:49:50
	ldr	r0, [r0, #4]
	.loc	4 49 55                         @ source/driver/drvr_uuart.c:49:55
	ldrb	r0, [r0, #13]
	.loc	4 49 63                         @ source/driver/drvr_uuart.c:49:63
	rsbs	r1, r0, #0
	adcs	r0, r1
	str	r0, [sp, #4]                    @ 4-byte Spill
	b	.LBB2_5
.LBB2_5:                                @   in Loop: Header=BB2_3 Depth=1
	.loc	4 0 0                           @ source/driver/drvr_uuart.c:0:0
	ldr	r0, [sp, #4]                    @ 4-byte Reload
	.loc	4 49 2                          @ source/driver/drvr_uuart.c:49:2
	lsls	r0, r0, #31
	cbz	r0, .LBB2_7
	b	.LBB2_6
.LBB2_6:                                @   in Loop: Header=BB2_3 Depth=1
.Ltmp18:
	.loc	4 50 15 is_stmt 1               @ source/driver/drvr_uuart.c:50:15
	ldr	r0, [sp, #12]
	add	r1, sp, #8
	str	r1, [sp]                        @ 4-byte Spill
	movs	r2, #1
	.loc	4 50 4 is_stmt 0                @ source/driver/drvr_uuart.c:50:4
	bl	UUART_Read
	ldr	r1, [sp]                        @ 4-byte Reload
	.loc	4 51 14 is_stmt 1               @ source/driver/drvr_uuart.c:51:14
	ldr	r0, [sp, #16]
	.loc	4 51 22 is_stmt 0               @ source/driver/drvr_uuart.c:51:22
	ldr	r0, [r0, #4]
	.loc	4 51 26                         @ source/driver/drvr_uuart.c:51:26
	ldrb	r1, [r1]
	.loc	4 51 3                          @ source/driver/drvr_uuart.c:51:3
	bl	fifo_write
.Ltmp19:
	.loc	4 49 2 is_stmt 1                @ source/driver/drvr_uuart.c:49:2
	b	.LBB2_3
.LBB2_7:
	.loc	4 0 2 is_stmt 0                 @ source/driver/drvr_uuart.c:0:2
	add	r1, sp, #20
	movs	r0, #0
	.loc	4 53 2 is_stmt 1                @ source/driver/drvr_uuart.c:53:2
	strb	r0, [r1]
	b	.LBB2_8
.LBB2_8:
	.loc	4 0 2 is_stmt 0                 @ source/driver/drvr_uuart.c:0:2
	add	r0, sp, #20
	.loc	4 54 1 is_stmt 1                @ source/driver/drvr_uuart.c:54:1
	ldrb	r0, [r0]
	.loc	4 54 1 epilogue_begin is_stmt 0 @ source/driver/drvr_uuart.c:54:1
	add	sp, #24
	pop	{r7, pc}
.Ltmp20:
.Lfunc_end2:
	.size	uuart_read, .Lfunc_end2-uuart_read
	.cfi_endproc
	.cantunwind
	.fnend
                                        @ -- End function
	.file	5 "D:\\work\\dheeraj\\local\\CEL\\CCC\\CCC_CPU0\\Code" "source/driver/include\\drvr_uuart.h"
	.file	6 "D:\\work\\dheeraj\\local\\CEL\\CCC\\CCC_CPU0\\Code" "source/Include\\fifo.h"
	.section	.debug_abbrev,"",%progbits
	.byte	1                               @ Abbreviation Code
	.byte	17                              @ DW_TAG_compile_unit
	.byte	1                               @ DW_CHILDREN_yes
	.byte	37                              @ DW_AT_producer
	.byte	14                              @ DW_FORM_strp
	.byte	19                              @ DW_AT_language
	.byte	5                               @ DW_FORM_data2
	.byte	3                               @ DW_AT_name
	.byte	14                              @ DW_FORM_strp
	.byte	16                              @ DW_AT_stmt_list
	.byte	23                              @ DW_FORM_sec_offset
	.byte	27                              @ DW_AT_comp_dir
	.byte	14                              @ DW_FORM_strp
	.byte	17                              @ DW_AT_low_pc
	.byte	1                               @ DW_FORM_addr
	.byte	85                              @ DW_AT_ranges
	.byte	23                              @ DW_FORM_sec_offset
	.byte	0                               @ EOM(1)
	.byte	0                               @ EOM(2)
	.byte	2                               @ Abbreviation Code
	.byte	15                              @ DW_TAG_pointer_type
	.byte	0                               @ DW_CHILDREN_no
	.byte	73                              @ DW_AT_type
	.byte	19                              @ DW_FORM_ref4
	.byte	0                               @ EOM(1)
	.byte	0                               @ EOM(2)
	.byte	3                               @ Abbreviation Code
	.byte	22                              @ DW_TAG_typedef
	.byte	0                               @ DW_CHILDREN_no
	.byte	73                              @ DW_AT_type
	.byte	19                              @ DW_FORM_ref4
	.byte	3                               @ DW_AT_name
	.byte	14                              @ DW_FORM_strp
	.byte	58                              @ DW_AT_decl_file
	.byte	11                              @ DW_FORM_data1
	.byte	59                              @ DW_AT_decl_line
	.byte	5                               @ DW_FORM_data2
	.byte	0                               @ EOM(1)
	.byte	0                               @ EOM(2)
	.byte	4                               @ Abbreviation Code
	.byte	19                              @ DW_TAG_structure_type
	.byte	1                               @ DW_CHILDREN_yes
	.byte	11                              @ DW_AT_byte_size
	.byte	11                              @ DW_FORM_data1
	.byte	58                              @ DW_AT_decl_file
	.byte	11                              @ DW_FORM_data1
	.byte	59                              @ DW_AT_decl_line
	.byte	11                              @ DW_FORM_data1
	.byte	0                               @ EOM(1)
	.byte	0                               @ EOM(2)
	.byte	5                               @ Abbreviation Code
	.byte	13                              @ DW_TAG_member
	.byte	0                               @ DW_CHILDREN_no
	.byte	3                               @ DW_AT_name
	.byte	14                              @ DW_FORM_strp
	.byte	73                              @ DW_AT_type
	.byte	19                              @ DW_FORM_ref4
	.byte	58                              @ DW_AT_decl_file
	.byte	11                              @ DW_FORM_data1
	.byte	59                              @ DW_AT_decl_line
	.byte	5                               @ DW_FORM_data2
	.byte	56                              @ DW_AT_data_member_location
	.byte	11                              @ DW_FORM_data1
	.byte	0                               @ EOM(1)
	.byte	0                               @ EOM(2)
	.byte	6                               @ Abbreviation Code
	.byte	53                              @ DW_TAG_volatile_type
	.byte	0                               @ DW_CHILDREN_no
	.byte	73                              @ DW_AT_type
	.byte	19                              @ DW_FORM_ref4
	.byte	0                               @ EOM(1)
	.byte	0                               @ EOM(2)
	.byte	7                               @ Abbreviation Code
	.byte	22                              @ DW_TAG_typedef
	.byte	0                               @ DW_CHILDREN_no
	.byte	73                              @ DW_AT_type
	.byte	19                              @ DW_FORM_ref4
	.byte	3                               @ DW_AT_name
	.byte	14                              @ DW_FORM_strp
	.byte	58                              @ DW_AT_decl_file
	.byte	11                              @ DW_FORM_data1
	.byte	59                              @ DW_AT_decl_line
	.byte	11                              @ DW_FORM_data1
	.byte	0                               @ EOM(1)
	.byte	0                               @ EOM(2)
	.byte	8                               @ Abbreviation Code
	.byte	36                              @ DW_TAG_base_type
	.byte	0                               @ DW_CHILDREN_no
	.byte	3                               @ DW_AT_name
	.byte	14                              @ DW_FORM_strp
	.byte	62                              @ DW_AT_encoding
	.byte	11                              @ DW_FORM_data1
	.byte	11                              @ DW_AT_byte_size
	.byte	11                              @ DW_FORM_data1
	.byte	0                               @ EOM(1)
	.byte	0                               @ EOM(2)
	.byte	9                               @ Abbreviation Code
	.byte	1                               @ DW_TAG_array_type
	.byte	1                               @ DW_CHILDREN_yes
	.byte	73                              @ DW_AT_type
	.byte	19                              @ DW_FORM_ref4
	.byte	0                               @ EOM(1)
	.byte	0                               @ EOM(2)
	.byte	10                              @ Abbreviation Code
	.byte	33                              @ DW_TAG_subrange_type
	.byte	0                               @ DW_CHILDREN_no
	.byte	73                              @ DW_AT_type
	.byte	19                              @ DW_FORM_ref4
	.byte	55                              @ DW_AT_count
	.byte	11                              @ DW_FORM_data1
	.byte	0                               @ EOM(1)
	.byte	0                               @ EOM(2)
	.byte	11                              @ Abbreviation Code
	.byte	38                              @ DW_TAG_const_type
	.byte	0                               @ DW_CHILDREN_no
	.byte	73                              @ DW_AT_type
	.byte	19                              @ DW_FORM_ref4
	.byte	0                               @ EOM(1)
	.byte	0                               @ EOM(2)
	.byte	12                              @ Abbreviation Code
	.byte	36                              @ DW_TAG_base_type
	.byte	0                               @ DW_CHILDREN_no
	.byte	3                               @ DW_AT_name
	.byte	14                              @ DW_FORM_strp
	.byte	11                              @ DW_AT_byte_size
	.byte	11                              @ DW_FORM_data1
	.byte	62                              @ DW_AT_encoding
	.byte	11                              @ DW_FORM_data1
	.byte	0                               @ EOM(1)
	.byte	0                               @ EOM(2)
	.byte	13                              @ Abbreviation Code
	.byte	19                              @ DW_TAG_structure_type
	.byte	1                               @ DW_CHILDREN_yes
	.byte	11                              @ DW_AT_byte_size
	.byte	5                               @ DW_FORM_data2
	.byte	58                              @ DW_AT_decl_file
	.byte	11                              @ DW_FORM_data1
	.byte	59                              @ DW_AT_decl_line
	.byte	11                              @ DW_FORM_data1
	.byte	0                               @ EOM(1)
	.byte	0                               @ EOM(2)
	.byte	14                              @ Abbreviation Code
	.byte	13                              @ DW_TAG_member
	.byte	0                               @ DW_CHILDREN_no
	.byte	3                               @ DW_AT_name
	.byte	14                              @ DW_FORM_strp
	.byte	73                              @ DW_AT_type
	.byte	19                              @ DW_FORM_ref4
	.byte	58                              @ DW_AT_decl_file
	.byte	11                              @ DW_FORM_data1
	.byte	59                              @ DW_AT_decl_line
	.byte	5                               @ DW_FORM_data2
	.byte	56                              @ DW_AT_data_member_location
	.byte	5                               @ DW_FORM_data2
	.byte	0                               @ EOM(1)
	.byte	0                               @ EOM(2)
	.byte	15                              @ Abbreviation Code
	.byte	46                              @ DW_TAG_subprogram
	.byte	1                               @ DW_CHILDREN_yes
	.byte	17                              @ DW_AT_low_pc
	.byte	1                               @ DW_FORM_addr
	.byte	18                              @ DW_AT_high_pc
	.byte	6                               @ DW_FORM_data4
	.byte	64                              @ DW_AT_frame_base
	.byte	24                              @ DW_FORM_exprloc
	.byte	3                               @ DW_AT_name
	.byte	14                              @ DW_FORM_strp
	.byte	58                              @ DW_AT_decl_file
	.byte	11                              @ DW_FORM_data1
	.byte	59                              @ DW_AT_decl_line
	.byte	11                              @ DW_FORM_data1
	.byte	39                              @ DW_AT_prototyped
	.byte	25                              @ DW_FORM_flag_present
	.byte	63                              @ DW_AT_external
	.byte	25                              @ DW_FORM_flag_present
	.byte	0                               @ EOM(1)
	.byte	0                               @ EOM(2)
	.byte	16                              @ Abbreviation Code
	.byte	5                               @ DW_TAG_formal_parameter
	.byte	0                               @ DW_CHILDREN_no
	.byte	2                               @ DW_AT_location
	.byte	24                              @ DW_FORM_exprloc
	.byte	3                               @ DW_AT_name
	.byte	14                              @ DW_FORM_strp
	.byte	58                              @ DW_AT_decl_file
	.byte	11                              @ DW_FORM_data1
	.byte	59                              @ DW_AT_decl_line
	.byte	11                              @ DW_FORM_data1
	.byte	73                              @ DW_AT_type
	.byte	19                              @ DW_FORM_ref4
	.byte	0                               @ EOM(1)
	.byte	0                               @ EOM(2)
	.byte	17                              @ Abbreviation Code
	.byte	52                              @ DW_TAG_variable
	.byte	0                               @ DW_CHILDREN_no
	.byte	2                               @ DW_AT_location
	.byte	24                              @ DW_FORM_exprloc
	.byte	3                               @ DW_AT_name
	.byte	14                              @ DW_FORM_strp
	.byte	58                              @ DW_AT_decl_file
	.byte	11                              @ DW_FORM_data1
	.byte	59                              @ DW_AT_decl_line
	.byte	11                              @ DW_FORM_data1
	.byte	73                              @ DW_AT_type
	.byte	19                              @ DW_FORM_ref4
	.byte	0                               @ EOM(1)
	.byte	0                               @ EOM(2)
	.byte	18                              @ Abbreviation Code
	.byte	46                              @ DW_TAG_subprogram
	.byte	1                               @ DW_CHILDREN_yes
	.byte	17                              @ DW_AT_low_pc
	.byte	1                               @ DW_FORM_addr
	.byte	18                              @ DW_AT_high_pc
	.byte	6                               @ DW_FORM_data4
	.byte	64                              @ DW_AT_frame_base
	.byte	24                              @ DW_FORM_exprloc
	.byte	3                               @ DW_AT_name
	.byte	14                              @ DW_FORM_strp
	.byte	58                              @ DW_AT_decl_file
	.byte	11                              @ DW_FORM_data1
	.byte	59                              @ DW_AT_decl_line
	.byte	11                              @ DW_FORM_data1
	.byte	39                              @ DW_AT_prototyped
	.byte	25                              @ DW_FORM_flag_present
	.byte	73                              @ DW_AT_type
	.byte	19                              @ DW_FORM_ref4
	.byte	63                              @ DW_AT_external
	.byte	25                              @ DW_FORM_flag_present
	.byte	0                               @ EOM(1)
	.byte	0                               @ EOM(2)
	.byte	19                              @ Abbreviation Code
	.byte	13                              @ DW_TAG_member
	.byte	0                               @ DW_CHILDREN_no
	.byte	3                               @ DW_AT_name
	.byte	14                              @ DW_FORM_strp
	.byte	73                              @ DW_AT_type
	.byte	19                              @ DW_FORM_ref4
	.byte	58                              @ DW_AT_decl_file
	.byte	11                              @ DW_FORM_data1
	.byte	59                              @ DW_AT_decl_line
	.byte	11                              @ DW_FORM_data1
	.byte	56                              @ DW_AT_data_member_location
	.byte	11                              @ DW_FORM_data1
	.byte	0                               @ EOM(1)
	.byte	0                               @ EOM(2)
	.byte	0                               @ EOM(3)
	.section	.debug_info,"",%progbits
.Lcu_begin0:
	.long	.Ldebug_info_end0-.Ldebug_info_start0 @ Length of Unit
.Ldebug_info_start0:
	.short	4                               @ DWARF version number
	.long	.debug_abbrev                   @ Offset Into Abbrev. Section
	.byte	4                               @ Address Size (in bytes)
	.byte	1                               @ Abbrev [1] 0xb:0x6b1 DW_TAG_compile_unit
	.long	.Linfo_string0                  @ DW_AT_producer
	.short	29                              @ DW_AT_language
	.long	.Linfo_string1                  @ DW_AT_name
	.long	.Lline_table_start0             @ DW_AT_stmt_list
	.long	.Linfo_string2                  @ DW_AT_comp_dir
	.long	0                               @ DW_AT_low_pc
	.long	.Ldebug_ranges0                 @ DW_AT_ranges
	.byte	2                               @ Abbrev [2] 0x26:0x5 DW_TAG_pointer_type
	.long	43                              @ DW_AT_type
	.byte	3                               @ Abbrev [3] 0x2b:0xc DW_TAG_typedef
	.long	55                              @ DW_AT_type
	.long	.Linfo_string27                 @ DW_AT_name
	.byte	2                               @ DW_AT_decl_file
	.short	440                             @ DW_AT_decl_line
	.byte	4                               @ Abbrev [4] 0x37:0x116 DW_TAG_structure_type
	.byte	104                             @ DW_AT_byte_size
	.byte	2                               @ DW_AT_decl_file
	.byte	26                              @ DW_AT_decl_line
	.byte	5                               @ Abbrev [5] 0x3b:0xd DW_TAG_member
	.long	.Linfo_string3                  @ DW_AT_name
	.long	333                             @ DW_AT_type
	.byte	2                               @ DW_AT_decl_file
	.short	418                             @ DW_AT_decl_line
	.byte	0                               @ DW_AT_data_member_location
	.byte	5                               @ Abbrev [5] 0x48:0xd DW_TAG_member
	.long	.Linfo_string6                  @ DW_AT_name
	.long	333                             @ DW_AT_type
	.byte	2                               @ DW_AT_decl_file
	.short	419                             @ DW_AT_decl_line
	.byte	4                               @ DW_AT_data_member_location
	.byte	5                               @ Abbrev [5] 0x55:0xd DW_TAG_member
	.long	.Linfo_string7                  @ DW_AT_name
	.long	333                             @ DW_AT_type
	.byte	2                               @ DW_AT_decl_file
	.short	420                             @ DW_AT_decl_line
	.byte	8                               @ DW_AT_data_member_location
	.byte	5                               @ Abbrev [5] 0x62:0xd DW_TAG_member
	.long	.Linfo_string8                  @ DW_AT_name
	.long	356                             @ DW_AT_type
	.byte	2                               @ DW_AT_decl_file
	.short	421                             @ DW_AT_decl_line
	.byte	12                              @ DW_AT_data_member_location
	.byte	5                               @ Abbrev [5] 0x6f:0xd DW_TAG_member
	.long	.Linfo_string10                 @ DW_AT_name
	.long	333                             @ DW_AT_type
	.byte	2                               @ DW_AT_decl_file
	.short	422                             @ DW_AT_decl_line
	.byte	16                              @ DW_AT_data_member_location
	.byte	5                               @ Abbrev [5] 0x7c:0xd DW_TAG_member
	.long	.Linfo_string11                 @ DW_AT_name
	.long	380                             @ DW_AT_type
	.byte	2                               @ DW_AT_decl_file
	.short	423                             @ DW_AT_decl_line
	.byte	20                              @ DW_AT_data_member_location
	.byte	5                               @ Abbrev [5] 0x89:0xd DW_TAG_member
	.long	.Linfo_string12                 @ DW_AT_name
	.long	333                             @ DW_AT_type
	.byte	2                               @ DW_AT_decl_file
	.short	424                             @ DW_AT_decl_line
	.byte	32                              @ DW_AT_data_member_location
	.byte	5                               @ Abbrev [5] 0x96:0xd DW_TAG_member
	.long	.Linfo_string13                 @ DW_AT_name
	.long	356                             @ DW_AT_type
	.byte	2                               @ DW_AT_decl_file
	.short	425                             @ DW_AT_decl_line
	.byte	36                              @ DW_AT_data_member_location
	.byte	5                               @ Abbrev [5] 0xa3:0xd DW_TAG_member
	.long	.Linfo_string14                 @ DW_AT_name
	.long	333                             @ DW_AT_type
	.byte	2                               @ DW_AT_decl_file
	.short	426                             @ DW_AT_decl_line
	.byte	40                              @ DW_AT_data_member_location
	.byte	5                               @ Abbrev [5] 0xb0:0xd DW_TAG_member
	.long	.Linfo_string15                 @ DW_AT_name
	.long	333                             @ DW_AT_type
	.byte	2                               @ DW_AT_decl_file
	.short	427                             @ DW_AT_decl_line
	.byte	44                              @ DW_AT_data_member_location
	.byte	5                               @ Abbrev [5] 0xbd:0xd DW_TAG_member
	.long	.Linfo_string16                 @ DW_AT_name
	.long	333                             @ DW_AT_type
	.byte	2                               @ DW_AT_decl_file
	.short	428                             @ DW_AT_decl_line
	.byte	48                              @ DW_AT_data_member_location
	.byte	5                               @ Abbrev [5] 0xca:0xd DW_TAG_member
	.long	.Linfo_string17                 @ DW_AT_name
	.long	368                             @ DW_AT_type
	.byte	2                               @ DW_AT_decl_file
	.short	429                             @ DW_AT_decl_line
	.byte	52                              @ DW_AT_data_member_location
	.byte	5                               @ Abbrev [5] 0xd7:0xd DW_TAG_member
	.long	.Linfo_string18                 @ DW_AT_name
	.long	333                             @ DW_AT_type
	.byte	2                               @ DW_AT_decl_file
	.short	430                             @ DW_AT_decl_line
	.byte	56                              @ DW_AT_data_member_location
	.byte	5                               @ Abbrev [5] 0xe4:0xd DW_TAG_member
	.long	.Linfo_string19                 @ DW_AT_name
	.long	333                             @ DW_AT_type
	.byte	2                               @ DW_AT_decl_file
	.short	431                             @ DW_AT_decl_line
	.byte	60                              @ DW_AT_data_member_location
	.byte	5                               @ Abbrev [5] 0xf1:0xd DW_TAG_member
	.long	.Linfo_string20                 @ DW_AT_name
	.long	333                             @ DW_AT_type
	.byte	2                               @ DW_AT_decl_file
	.short	432                             @ DW_AT_decl_line
	.byte	64                              @ DW_AT_data_member_location
	.byte	5                               @ Abbrev [5] 0xfe:0xd DW_TAG_member
	.long	.Linfo_string21                 @ DW_AT_name
	.long	392                             @ DW_AT_type
	.byte	2                               @ DW_AT_decl_file
	.short	433                             @ DW_AT_decl_line
	.byte	68                              @ DW_AT_data_member_location
	.byte	5                               @ Abbrev [5] 0x10b:0xd DW_TAG_member
	.long	.Linfo_string22                 @ DW_AT_name
	.long	333                             @ DW_AT_type
	.byte	2                               @ DW_AT_decl_file
	.short	434                             @ DW_AT_decl_line
	.byte	84                              @ DW_AT_data_member_location
	.byte	5                               @ Abbrev [5] 0x118:0xd DW_TAG_member
	.long	.Linfo_string23                 @ DW_AT_name
	.long	333                             @ DW_AT_type
	.byte	2                               @ DW_AT_decl_file
	.short	435                             @ DW_AT_decl_line
	.byte	88                              @ DW_AT_data_member_location
	.byte	5                               @ Abbrev [5] 0x125:0xd DW_TAG_member
	.long	.Linfo_string24                 @ DW_AT_name
	.long	333                             @ DW_AT_type
	.byte	2                               @ DW_AT_decl_file
	.short	436                             @ DW_AT_decl_line
	.byte	92                              @ DW_AT_data_member_location
	.byte	5                               @ Abbrev [5] 0x132:0xd DW_TAG_member
	.long	.Linfo_string25                 @ DW_AT_name
	.long	333                             @ DW_AT_type
	.byte	2                               @ DW_AT_decl_file
	.short	437                             @ DW_AT_decl_line
	.byte	96                              @ DW_AT_data_member_location
	.byte	5                               @ Abbrev [5] 0x13f:0xd DW_TAG_member
	.long	.Linfo_string26                 @ DW_AT_name
	.long	333                             @ DW_AT_type
	.byte	2                               @ DW_AT_decl_file
	.short	438                             @ DW_AT_decl_line
	.byte	100                             @ DW_AT_data_member_location
	.byte	0                               @ End Of Children Mark
	.byte	6                               @ Abbrev [6] 0x14d:0x5 DW_TAG_volatile_type
	.long	338                             @ DW_AT_type
	.byte	7                               @ Abbrev [7] 0x152:0xb DW_TAG_typedef
	.long	349                             @ DW_AT_type
	.long	.Linfo_string5                  @ DW_AT_name
	.byte	1                               @ DW_AT_decl_file
	.byte	64                              @ DW_AT_decl_line
	.byte	8                               @ Abbrev [8] 0x15d:0x7 DW_TAG_base_type
	.long	.Linfo_string4                  @ DW_AT_name
	.byte	7                               @ DW_AT_encoding
	.byte	4                               @ DW_AT_byte_size
	.byte	9                               @ Abbrev [9] 0x164:0xc DW_TAG_array_type
	.long	368                             @ DW_AT_type
	.byte	10                              @ Abbrev [10] 0x169:0x6 DW_TAG_subrange_type
	.long	373                             @ DW_AT_type
	.byte	1                               @ DW_AT_count
	.byte	0                               @ End Of Children Mark
	.byte	11                              @ Abbrev [11] 0x170:0x5 DW_TAG_const_type
	.long	333                             @ DW_AT_type
	.byte	12                              @ Abbrev [12] 0x175:0x7 DW_TAG_base_type
	.long	.Linfo_string9                  @ DW_AT_name
	.byte	8                               @ DW_AT_byte_size
	.byte	7                               @ DW_AT_encoding
	.byte	9                               @ Abbrev [9] 0x17c:0xc DW_TAG_array_type
	.long	368                             @ DW_AT_type
	.byte	10                              @ Abbrev [10] 0x181:0x6 DW_TAG_subrange_type
	.long	373                             @ DW_AT_type
	.byte	3                               @ DW_AT_count
	.byte	0                               @ End Of Children Mark
	.byte	9                               @ Abbrev [9] 0x188:0xc DW_TAG_array_type
	.long	368                             @ DW_AT_type
	.byte	10                              @ Abbrev [10] 0x18d:0x6 DW_TAG_subrange_type
	.long	373                             @ DW_AT_type
	.byte	4                               @ DW_AT_count
	.byte	0                               @ End Of Children Mark
	.byte	2                               @ Abbrev [2] 0x194:0x5 DW_TAG_pointer_type
	.long	409                             @ DW_AT_type
	.byte	3                               @ Abbrev [3] 0x199:0xc DW_TAG_typedef
	.long	421                             @ DW_AT_type
	.long	.Linfo_string83                 @ DW_AT_name
	.byte	3                               @ DW_AT_decl_file
	.short	1083                            @ DW_AT_decl_line
	.byte	13                              @ Abbrev [13] 0x1a5:0x30d DW_TAG_structure_type
	.short	1028                            @ DW_AT_byte_size
	.byte	3                               @ DW_AT_decl_file
	.byte	25                              @ DW_AT_decl_line
	.byte	5                               @ Abbrev [5] 0x1aa:0xd DW_TAG_member
	.long	.Linfo_string28                 @ DW_AT_name
	.long	368                             @ DW_AT_type
	.byte	3                               @ DW_AT_decl_file
	.short	1022                            @ DW_AT_decl_line
	.byte	0                               @ DW_AT_data_member_location
	.byte	5                               @ Abbrev [5] 0x1b7:0xd DW_TAG_member
	.long	.Linfo_string29                 @ DW_AT_name
	.long	333                             @ DW_AT_type
	.byte	3                               @ DW_AT_decl_file
	.short	1023                            @ DW_AT_decl_line
	.byte	4                               @ DW_AT_data_member_location
	.byte	5                               @ Abbrev [5] 0x1c4:0xd DW_TAG_member
	.long	.Linfo_string30                 @ DW_AT_name
	.long	333                             @ DW_AT_type
	.byte	3                               @ DW_AT_decl_file
	.short	1024                            @ DW_AT_decl_line
	.byte	8                               @ DW_AT_data_member_location
	.byte	5                               @ Abbrev [5] 0x1d1:0xd DW_TAG_member
	.long	.Linfo_string31                 @ DW_AT_name
	.long	333                             @ DW_AT_type
	.byte	3                               @ DW_AT_decl_file
	.short	1025                            @ DW_AT_decl_line
	.byte	12                              @ DW_AT_data_member_location
	.byte	5                               @ Abbrev [5] 0x1de:0xd DW_TAG_member
	.long	.Linfo_string32                 @ DW_AT_name
	.long	333                             @ DW_AT_type
	.byte	3                               @ DW_AT_decl_file
	.short	1026                            @ DW_AT_decl_line
	.byte	16                              @ DW_AT_data_member_location
	.byte	5                               @ Abbrev [5] 0x1eb:0xd DW_TAG_member
	.long	.Linfo_string8                  @ DW_AT_name
	.long	356                             @ DW_AT_type
	.byte	3                               @ DW_AT_decl_file
	.short	1027                            @ DW_AT_decl_line
	.byte	20                              @ DW_AT_data_member_location
	.byte	5                               @ Abbrev [5] 0x1f8:0xd DW_TAG_member
	.long	.Linfo_string33                 @ DW_AT_name
	.long	333                             @ DW_AT_type
	.byte	3                               @ DW_AT_decl_file
	.short	1028                            @ DW_AT_decl_line
	.byte	24                              @ DW_AT_data_member_location
	.byte	5                               @ Abbrev [5] 0x205:0xd DW_TAG_member
	.long	.Linfo_string34                 @ DW_AT_name
	.long	333                             @ DW_AT_type
	.byte	3                               @ DW_AT_decl_file
	.short	1029                            @ DW_AT_decl_line
	.byte	28                              @ DW_AT_data_member_location
	.byte	5                               @ Abbrev [5] 0x212:0xd DW_TAG_member
	.long	.Linfo_string11                 @ DW_AT_name
	.long	356                             @ DW_AT_type
	.byte	3                               @ DW_AT_decl_file
	.short	1030                            @ DW_AT_decl_line
	.byte	32                              @ DW_AT_data_member_location
	.byte	5                               @ Abbrev [5] 0x21f:0xd DW_TAG_member
	.long	.Linfo_string35                 @ DW_AT_name
	.long	333                             @ DW_AT_type
	.byte	3                               @ DW_AT_decl_file
	.short	1031                            @ DW_AT_decl_line
	.byte	36                              @ DW_AT_data_member_location
	.byte	5                               @ Abbrev [5] 0x22c:0xd DW_TAG_member
	.long	.Linfo_string36                 @ DW_AT_name
	.long	333                             @ DW_AT_type
	.byte	3                               @ DW_AT_decl_file
	.short	1032                            @ DW_AT_decl_line
	.byte	40                              @ DW_AT_data_member_location
	.byte	5                               @ Abbrev [5] 0x239:0xd DW_TAG_member
	.long	.Linfo_string37                 @ DW_AT_name
	.long	333                             @ DW_AT_type
	.byte	3                               @ DW_AT_decl_file
	.short	1033                            @ DW_AT_decl_line
	.byte	44                              @ DW_AT_data_member_location
	.byte	5                               @ Abbrev [5] 0x246:0xd DW_TAG_member
	.long	.Linfo_string38                 @ DW_AT_name
	.long	333                             @ DW_AT_type
	.byte	3                               @ DW_AT_decl_file
	.short	1034                            @ DW_AT_decl_line
	.byte	48                              @ DW_AT_data_member_location
	.byte	5                               @ Abbrev [5] 0x253:0xd DW_TAG_member
	.long	.Linfo_string39                 @ DW_AT_name
	.long	333                             @ DW_AT_type
	.byte	3                               @ DW_AT_decl_file
	.short	1035                            @ DW_AT_decl_line
	.byte	52                              @ DW_AT_data_member_location
	.byte	5                               @ Abbrev [5] 0x260:0xd DW_TAG_member
	.long	.Linfo_string40                 @ DW_AT_name
	.long	333                             @ DW_AT_type
	.byte	3                               @ DW_AT_decl_file
	.short	1036                            @ DW_AT_decl_line
	.byte	56                              @ DW_AT_data_member_location
	.byte	5                               @ Abbrev [5] 0x26d:0xd DW_TAG_member
	.long	.Linfo_string41                 @ DW_AT_name
	.long	333                             @ DW_AT_type
	.byte	3                               @ DW_AT_decl_file
	.short	1037                            @ DW_AT_decl_line
	.byte	60                              @ DW_AT_data_member_location
	.byte	5                               @ Abbrev [5] 0x27a:0xd DW_TAG_member
	.long	.Linfo_string42                 @ DW_AT_name
	.long	333                             @ DW_AT_type
	.byte	3                               @ DW_AT_decl_file
	.short	1038                            @ DW_AT_decl_line
	.byte	64                              @ DW_AT_data_member_location
	.byte	5                               @ Abbrev [5] 0x287:0xd DW_TAG_member
	.long	.Linfo_string43                 @ DW_AT_name
	.long	333                             @ DW_AT_type
	.byte	3                               @ DW_AT_decl_file
	.short	1039                            @ DW_AT_decl_line
	.byte	68                              @ DW_AT_data_member_location
	.byte	5                               @ Abbrev [5] 0x294:0xd DW_TAG_member
	.long	.Linfo_string44                 @ DW_AT_name
	.long	333                             @ DW_AT_type
	.byte	3                               @ DW_AT_decl_file
	.short	1040                            @ DW_AT_decl_line
	.byte	72                              @ DW_AT_data_member_location
	.byte	5                               @ Abbrev [5] 0x2a1:0xd DW_TAG_member
	.long	.Linfo_string45                 @ DW_AT_name
	.long	333                             @ DW_AT_type
	.byte	3                               @ DW_AT_decl_file
	.short	1041                            @ DW_AT_decl_line
	.byte	76                              @ DW_AT_data_member_location
	.byte	5                               @ Abbrev [5] 0x2ae:0xd DW_TAG_member
	.long	.Linfo_string46                 @ DW_AT_name
	.long	333                             @ DW_AT_type
	.byte	3                               @ DW_AT_decl_file
	.short	1042                            @ DW_AT_decl_line
	.byte	80                              @ DW_AT_data_member_location
	.byte	5                               @ Abbrev [5] 0x2bb:0xd DW_TAG_member
	.long	.Linfo_string47                 @ DW_AT_name
	.long	333                             @ DW_AT_type
	.byte	3                               @ DW_AT_decl_file
	.short	1043                            @ DW_AT_decl_line
	.byte	84                              @ DW_AT_data_member_location
	.byte	5                               @ Abbrev [5] 0x2c8:0xd DW_TAG_member
	.long	.Linfo_string48                 @ DW_AT_name
	.long	333                             @ DW_AT_type
	.byte	3                               @ DW_AT_decl_file
	.short	1044                            @ DW_AT_decl_line
	.byte	88                              @ DW_AT_data_member_location
	.byte	5                               @ Abbrev [5] 0x2d5:0xd DW_TAG_member
	.long	.Linfo_string49                 @ DW_AT_name
	.long	333                             @ DW_AT_type
	.byte	3                               @ DW_AT_decl_file
	.short	1045                            @ DW_AT_decl_line
	.byte	92                              @ DW_AT_data_member_location
	.byte	5                               @ Abbrev [5] 0x2e2:0xd DW_TAG_member
	.long	.Linfo_string50                 @ DW_AT_name
	.long	333                             @ DW_AT_type
	.byte	3                               @ DW_AT_decl_file
	.short	1046                            @ DW_AT_decl_line
	.byte	96                              @ DW_AT_data_member_location
	.byte	5                               @ Abbrev [5] 0x2ef:0xd DW_TAG_member
	.long	.Linfo_string51                 @ DW_AT_name
	.long	333                             @ DW_AT_type
	.byte	3                               @ DW_AT_decl_file
	.short	1047                            @ DW_AT_decl_line
	.byte	100                             @ DW_AT_data_member_location
	.byte	5                               @ Abbrev [5] 0x2fc:0xd DW_TAG_member
	.long	.Linfo_string52                 @ DW_AT_name
	.long	333                             @ DW_AT_type
	.byte	3                               @ DW_AT_decl_file
	.short	1048                            @ DW_AT_decl_line
	.byte	104                             @ DW_AT_data_member_location
	.byte	5                               @ Abbrev [5] 0x309:0xd DW_TAG_member
	.long	.Linfo_string53                 @ DW_AT_name
	.long	333                             @ DW_AT_type
	.byte	3                               @ DW_AT_decl_file
	.short	1049                            @ DW_AT_decl_line
	.byte	108                             @ DW_AT_data_member_location
	.byte	5                               @ Abbrev [5] 0x316:0xd DW_TAG_member
	.long	.Linfo_string13                 @ DW_AT_name
	.long	392                             @ DW_AT_type
	.byte	3                               @ DW_AT_decl_file
	.short	1050                            @ DW_AT_decl_line
	.byte	112                             @ DW_AT_data_member_location
	.byte	5                               @ Abbrev [5] 0x323:0xd DW_TAG_member
	.long	.Linfo_string54                 @ DW_AT_name
	.long	333                             @ DW_AT_type
	.byte	3                               @ DW_AT_decl_file
	.short	1051                            @ DW_AT_decl_line
	.byte	128                             @ DW_AT_data_member_location
	.byte	5                               @ Abbrev [5] 0x330:0xd DW_TAG_member
	.long	.Linfo_string55                 @ DW_AT_name
	.long	333                             @ DW_AT_type
	.byte	3                               @ DW_AT_decl_file
	.short	1052                            @ DW_AT_decl_line
	.byte	132                             @ DW_AT_data_member_location
	.byte	5                               @ Abbrev [5] 0x33d:0xd DW_TAG_member
	.long	.Linfo_string56                 @ DW_AT_name
	.long	333                             @ DW_AT_type
	.byte	3                               @ DW_AT_decl_file
	.short	1053                            @ DW_AT_decl_line
	.byte	136                             @ DW_AT_data_member_location
	.byte	5                               @ Abbrev [5] 0x34a:0xd DW_TAG_member
	.long	.Linfo_string57                 @ DW_AT_name
	.long	333                             @ DW_AT_type
	.byte	3                               @ DW_AT_decl_file
	.short	1054                            @ DW_AT_decl_line
	.byte	140                             @ DW_AT_data_member_location
	.byte	5                               @ Abbrev [5] 0x357:0xd DW_TAG_member
	.long	.Linfo_string58                 @ DW_AT_name
	.long	333                             @ DW_AT_type
	.byte	3                               @ DW_AT_decl_file
	.short	1055                            @ DW_AT_decl_line
	.byte	144                             @ DW_AT_data_member_location
	.byte	5                               @ Abbrev [5] 0x364:0xd DW_TAG_member
	.long	.Linfo_string59                 @ DW_AT_name
	.long	333                             @ DW_AT_type
	.byte	3                               @ DW_AT_decl_file
	.short	1056                            @ DW_AT_decl_line
	.byte	148                             @ DW_AT_data_member_location
	.byte	5                               @ Abbrev [5] 0x371:0xd DW_TAG_member
	.long	.Linfo_string60                 @ DW_AT_name
	.long	333                             @ DW_AT_type
	.byte	3                               @ DW_AT_decl_file
	.short	1057                            @ DW_AT_decl_line
	.byte	152                             @ DW_AT_data_member_location
	.byte	5                               @ Abbrev [5] 0x37e:0xd DW_TAG_member
	.long	.Linfo_string61                 @ DW_AT_name
	.long	333                             @ DW_AT_type
	.byte	3                               @ DW_AT_decl_file
	.short	1058                            @ DW_AT_decl_line
	.byte	156                             @ DW_AT_data_member_location
	.byte	5                               @ Abbrev [5] 0x38b:0xd DW_TAG_member
	.long	.Linfo_string21                 @ DW_AT_name
	.long	1202                            @ DW_AT_type
	.byte	3                               @ DW_AT_decl_file
	.short	1059                            @ DW_AT_decl_line
	.byte	160                             @ DW_AT_data_member_location
	.byte	5                               @ Abbrev [5] 0x398:0xd DW_TAG_member
	.long	.Linfo_string62                 @ DW_AT_name
	.long	333                             @ DW_AT_type
	.byte	3                               @ DW_AT_decl_file
	.short	1060                            @ DW_AT_decl_line
	.byte	192                             @ DW_AT_data_member_location
	.byte	5                               @ Abbrev [5] 0x3a5:0xd DW_TAG_member
	.long	.Linfo_string63                 @ DW_AT_name
	.long	333                             @ DW_AT_type
	.byte	3                               @ DW_AT_decl_file
	.short	1061                            @ DW_AT_decl_line
	.byte	196                             @ DW_AT_data_member_location
	.byte	5                               @ Abbrev [5] 0x3b2:0xd DW_TAG_member
	.long	.Linfo_string64                 @ DW_AT_name
	.long	333                             @ DW_AT_type
	.byte	3                               @ DW_AT_decl_file
	.short	1062                            @ DW_AT_decl_line
	.byte	200                             @ DW_AT_data_member_location
	.byte	5                               @ Abbrev [5] 0x3bf:0xd DW_TAG_member
	.long	.Linfo_string65                 @ DW_AT_name
	.long	1214                            @ DW_AT_type
	.byte	3                               @ DW_AT_decl_file
	.short	1063                            @ DW_AT_decl_line
	.byte	204                             @ DW_AT_data_member_location
	.byte	5                               @ Abbrev [5] 0x3cc:0xd DW_TAG_member
	.long	.Linfo_string66                 @ DW_AT_name
	.long	333                             @ DW_AT_type
	.byte	3                               @ DW_AT_decl_file
	.short	1064                            @ DW_AT_decl_line
	.byte	220                             @ DW_AT_data_member_location
	.byte	5                               @ Abbrev [5] 0x3d9:0xd DW_TAG_member
	.long	.Linfo_string67                 @ DW_AT_name
	.long	333                             @ DW_AT_type
	.byte	3                               @ DW_AT_decl_file
	.short	1065                            @ DW_AT_decl_line
	.byte	224                             @ DW_AT_data_member_location
	.byte	5                               @ Abbrev [5] 0x3e6:0xd DW_TAG_member
	.long	.Linfo_string68                 @ DW_AT_name
	.long	333                             @ DW_AT_type
	.byte	3                               @ DW_AT_decl_file
	.short	1066                            @ DW_AT_decl_line
	.byte	228                             @ DW_AT_data_member_location
	.byte	5                               @ Abbrev [5] 0x3f3:0xd DW_TAG_member
	.long	.Linfo_string69                 @ DW_AT_name
	.long	333                             @ DW_AT_type
	.byte	3                               @ DW_AT_decl_file
	.short	1067                            @ DW_AT_decl_line
	.byte	232                             @ DW_AT_data_member_location
	.byte	5                               @ Abbrev [5] 0x400:0xd DW_TAG_member
	.long	.Linfo_string70                 @ DW_AT_name
	.long	333                             @ DW_AT_type
	.byte	3                               @ DW_AT_decl_file
	.short	1068                            @ DW_AT_decl_line
	.byte	236                             @ DW_AT_data_member_location
	.byte	5                               @ Abbrev [5] 0x40d:0xd DW_TAG_member
	.long	.Linfo_string71                 @ DW_AT_name
	.long	333                             @ DW_AT_type
	.byte	3                               @ DW_AT_decl_file
	.short	1069                            @ DW_AT_decl_line
	.byte	240                             @ DW_AT_data_member_location
	.byte	5                               @ Abbrev [5] 0x41a:0xd DW_TAG_member
	.long	.Linfo_string72                 @ DW_AT_name
	.long	333                             @ DW_AT_type
	.byte	3                               @ DW_AT_decl_file
	.short	1070                            @ DW_AT_decl_line
	.byte	244                             @ DW_AT_data_member_location
	.byte	5                               @ Abbrev [5] 0x427:0xd DW_TAG_member
	.long	.Linfo_string73                 @ DW_AT_name
	.long	333                             @ DW_AT_type
	.byte	3                               @ DW_AT_decl_file
	.short	1071                            @ DW_AT_decl_line
	.byte	248                             @ DW_AT_data_member_location
	.byte	5                               @ Abbrev [5] 0x434:0xd DW_TAG_member
	.long	.Linfo_string74                 @ DW_AT_name
	.long	356                             @ DW_AT_type
	.byte	3                               @ DW_AT_decl_file
	.short	1072                            @ DW_AT_decl_line
	.byte	252                             @ DW_AT_data_member_location
	.byte	14                              @ Abbrev [14] 0x441:0xe DW_TAG_member
	.long	.Linfo_string75                 @ DW_AT_name
	.long	333                             @ DW_AT_type
	.byte	3                               @ DW_AT_decl_file
	.short	1073                            @ DW_AT_decl_line
	.short	256                             @ DW_AT_data_member_location
	.byte	14                              @ Abbrev [14] 0x44f:0xe DW_TAG_member
	.long	.Linfo_string76                 @ DW_AT_name
	.long	1226                            @ DW_AT_type
	.byte	3                               @ DW_AT_decl_file
	.short	1074                            @ DW_AT_decl_line
	.short	260                             @ DW_AT_data_member_location
	.byte	14                              @ Abbrev [14] 0x45d:0xe DW_TAG_member
	.long	.Linfo_string77                 @ DW_AT_name
	.long	333                             @ DW_AT_type
	.byte	3                               @ DW_AT_decl_file
	.short	1075                            @ DW_AT_decl_line
	.short	492                             @ DW_AT_data_member_location
	.byte	14                              @ Abbrev [14] 0x46b:0xe DW_TAG_member
	.long	.Linfo_string78                 @ DW_AT_name
	.long	1238                            @ DW_AT_type
	.byte	3                               @ DW_AT_decl_file
	.short	1076                            @ DW_AT_decl_line
	.short	496                             @ DW_AT_data_member_location
	.byte	14                              @ Abbrev [14] 0x479:0xe DW_TAG_member
	.long	.Linfo_string79                 @ DW_AT_name
	.long	333                             @ DW_AT_type
	.byte	3                               @ DW_AT_decl_file
	.short	1077                            @ DW_AT_decl_line
	.short	504                             @ DW_AT_data_member_location
	.byte	14                              @ Abbrev [14] 0x487:0xe DW_TAG_member
	.long	.Linfo_string80                 @ DW_AT_name
	.long	333                             @ DW_AT_type
	.byte	3                               @ DW_AT_decl_file
	.short	1078                            @ DW_AT_decl_line
	.short	508                             @ DW_AT_data_member_location
	.byte	14                              @ Abbrev [14] 0x495:0xe DW_TAG_member
	.long	.Linfo_string81                 @ DW_AT_name
	.long	1250                            @ DW_AT_type
	.byte	3                               @ DW_AT_decl_file
	.short	1079                            @ DW_AT_decl_line
	.short	512                             @ DW_AT_data_member_location
	.byte	14                              @ Abbrev [14] 0x4a3:0xe DW_TAG_member
	.long	.Linfo_string82                 @ DW_AT_name
	.long	333                             @ DW_AT_type
	.byte	3                               @ DW_AT_decl_file
	.short	1080                            @ DW_AT_decl_line
	.short	1024                            @ DW_AT_data_member_location
	.byte	0                               @ End Of Children Mark
	.byte	9                               @ Abbrev [9] 0x4b2:0xc DW_TAG_array_type
	.long	368                             @ DW_AT_type
	.byte	10                              @ Abbrev [10] 0x4b7:0x6 DW_TAG_subrange_type
	.long	373                             @ DW_AT_type
	.byte	8                               @ DW_AT_count
	.byte	0                               @ End Of Children Mark
	.byte	9                               @ Abbrev [9] 0x4be:0xc DW_TAG_array_type
	.long	333                             @ DW_AT_type
	.byte	10                              @ Abbrev [10] 0x4c3:0x6 DW_TAG_subrange_type
	.long	373                             @ DW_AT_type
	.byte	4                               @ DW_AT_count
	.byte	0                               @ End Of Children Mark
	.byte	9                               @ Abbrev [9] 0x4ca:0xc DW_TAG_array_type
	.long	368                             @ DW_AT_type
	.byte	10                              @ Abbrev [10] 0x4cf:0x6 DW_TAG_subrange_type
	.long	373                             @ DW_AT_type
	.byte	58                              @ DW_AT_count
	.byte	0                               @ End Of Children Mark
	.byte	9                               @ Abbrev [9] 0x4d6:0xc DW_TAG_array_type
	.long	368                             @ DW_AT_type
	.byte	10                              @ Abbrev [10] 0x4db:0x6 DW_TAG_subrange_type
	.long	373                             @ DW_AT_type
	.byte	2                               @ DW_AT_count
	.byte	0                               @ End Of Children Mark
	.byte	9                               @ Abbrev [9] 0x4e2:0xc DW_TAG_array_type
	.long	368                             @ DW_AT_type
	.byte	10                              @ Abbrev [10] 0x4e7:0x6 DW_TAG_subrange_type
	.long	373                             @ DW_AT_type
	.byte	128                             @ DW_AT_count
	.byte	0                               @ End Of Children Mark
	.byte	15                              @ Abbrev [15] 0x4ee:0x2e DW_TAG_subprogram
	.long	.Lfunc_begin0                   @ DW_AT_low_pc
	.long	.Lfunc_end0-.Lfunc_begin0       @ DW_AT_high_pc
	.byte	1                               @ DW_AT_frame_base
	.byte	93
	.long	.Linfo_string84                 @ DW_AT_name
	.byte	4                               @ DW_AT_decl_file
	.byte	5                               @ DW_AT_decl_line
                                        @ DW_AT_prototyped
                                        @ DW_AT_external
	.byte	16                              @ Abbrev [16] 0x4ff:0xe DW_TAG_formal_parameter
	.byte	2                               @ DW_AT_location
	.byte	145
	.byte	4
	.long	.Linfo_string89                 @ DW_AT_name
	.byte	4                               @ DW_AT_decl_file
	.byte	5                               @ DW_AT_decl_line
	.long	1454                            @ DW_AT_type
	.byte	17                              @ Abbrev [17] 0x50d:0xe DW_TAG_variable
	.byte	2                               @ DW_AT_location
	.byte	145
	.byte	0
	.long	.Linfo_string109                @ DW_AT_name
	.byte	4                               @ DW_AT_decl_file
	.byte	6                               @ DW_AT_decl_line
	.long	38                              @ DW_AT_type
	.byte	0                               @ End Of Children Mark
	.byte	18                              @ Abbrev [18] 0x51c:0x40 DW_TAG_subprogram
	.long	.Lfunc_begin1                   @ DW_AT_low_pc
	.long	.Lfunc_end1-.Lfunc_begin1       @ DW_AT_high_pc
	.byte	1                               @ DW_AT_frame_base
	.byte	93
	.long	.Linfo_string85                 @ DW_AT_name
	.byte	4                               @ DW_AT_decl_file
	.byte	30                              @ DW_AT_decl_line
                                        @ DW_AT_prototyped
	.long	1436                            @ DW_AT_type
                                        @ DW_AT_external
	.byte	16                              @ Abbrev [16] 0x531:0xe DW_TAG_formal_parameter
	.byte	2                               @ DW_AT_location
	.byte	145
	.byte	16
	.long	.Linfo_string89                 @ DW_AT_name
	.byte	4                               @ DW_AT_decl_file
	.byte	30                              @ DW_AT_decl_line
	.long	1454                            @ DW_AT_type
	.byte	17                              @ Abbrev [17] 0x53f:0xe DW_TAG_variable
	.byte	2                               @ DW_AT_location
	.byte	145
	.byte	12
	.long	.Linfo_string109                @ DW_AT_name
	.byte	4                               @ DW_AT_decl_file
	.byte	31                              @ DW_AT_decl_line
	.long	38                              @ DW_AT_type
	.byte	17                              @ Abbrev [17] 0x54d:0xe DW_TAG_variable
	.byte	2                               @ DW_AT_location
	.byte	145
	.byte	8
	.long	.Linfo_string111                @ DW_AT_name
	.byte	4                               @ DW_AT_decl_file
	.byte	32                              @ DW_AT_decl_line
	.long	1436                            @ DW_AT_type
	.byte	0                               @ End Of Children Mark
	.byte	18                              @ Abbrev [18] 0x55c:0x40 DW_TAG_subprogram
	.long	.Lfunc_begin2                   @ DW_AT_low_pc
	.long	.Lfunc_end2-.Lfunc_begin2       @ DW_AT_high_pc
	.byte	1                               @ DW_AT_frame_base
	.byte	93
	.long	.Linfo_string88                 @ DW_AT_name
	.byte	4                               @ DW_AT_decl_file
	.byte	43                              @ DW_AT_decl_line
                                        @ DW_AT_prototyped
	.long	1436                            @ DW_AT_type
                                        @ DW_AT_external
	.byte	16                              @ Abbrev [16] 0x571:0xe DW_TAG_formal_parameter
	.byte	2                               @ DW_AT_location
	.byte	145
	.byte	16
	.long	.Linfo_string89                 @ DW_AT_name
	.byte	4                               @ DW_AT_decl_file
	.byte	43                              @ DW_AT_decl_line
	.long	1454                            @ DW_AT_type
	.byte	17                              @ Abbrev [17] 0x57f:0xe DW_TAG_variable
	.byte	2                               @ DW_AT_location
	.byte	145
	.byte	12
	.long	.Linfo_string109                @ DW_AT_name
	.byte	4                               @ DW_AT_decl_file
	.byte	44                              @ DW_AT_decl_line
	.long	38                              @ DW_AT_type
	.byte	17                              @ Abbrev [17] 0x58d:0xe DW_TAG_variable
	.byte	2                               @ DW_AT_location
	.byte	145
	.byte	8
	.long	.Linfo_string111                @ DW_AT_name
	.byte	4                               @ DW_AT_decl_file
	.byte	45                              @ DW_AT_decl_line
	.long	1436                            @ DW_AT_type
	.byte	0                               @ End Of Children Mark
	.byte	7                               @ Abbrev [7] 0x59c:0xb DW_TAG_typedef
	.long	1447                            @ DW_AT_type
	.long	.Linfo_string87                 @ DW_AT_name
	.byte	1                               @ DW_AT_decl_file
	.byte	62                              @ DW_AT_decl_line
	.byte	8                               @ Abbrev [8] 0x5a7:0x7 DW_TAG_base_type
	.long	.Linfo_string86                 @ DW_AT_name
	.byte	8                               @ DW_AT_encoding
	.byte	1                               @ DW_AT_byte_size
	.byte	2                               @ Abbrev [2] 0x5ae:0x5 DW_TAG_pointer_type
	.long	1459                            @ DW_AT_type
	.byte	7                               @ Abbrev [7] 0x5b3:0xb DW_TAG_typedef
	.long	1470                            @ DW_AT_type
	.long	.Linfo_string110                @ DW_AT_name
	.byte	5                               @ DW_AT_decl_file
	.byte	19                              @ DW_AT_decl_line
	.byte	4                               @ Abbrev [4] 0x5be:0x4d DW_TAG_structure_type
	.byte	20                              @ DW_AT_byte_size
	.byte	5                               @ DW_AT_decl_file
	.byte	9                               @ DW_AT_decl_line
	.byte	19                              @ Abbrev [19] 0x5c2:0xc DW_TAG_member
	.long	.Linfo_string90                 @ DW_AT_name
	.long	338                             @ DW_AT_type
	.byte	5                               @ DW_AT_decl_file
	.byte	11                              @ DW_AT_decl_line
	.byte	0                               @ DW_AT_data_member_location
	.byte	19                              @ Abbrev [19] 0x5ce:0xc DW_TAG_member
	.long	.Linfo_string91                 @ DW_AT_name
	.long	1547                            @ DW_AT_type
	.byte	5                               @ DW_AT_decl_file
	.byte	12                              @ DW_AT_decl_line
	.byte	4                               @ DW_AT_data_member_location
	.byte	19                              @ Abbrev [19] 0x5da:0xc DW_TAG_member
	.long	.Linfo_string106                @ DW_AT_name
	.long	1547                            @ DW_AT_type
	.byte	5                               @ DW_AT_decl_file
	.byte	13                              @ DW_AT_decl_line
	.byte	8                               @ DW_AT_data_member_location
	.byte	19                              @ Abbrev [19] 0x5e6:0xc DW_TAG_member
	.long	.Linfo_string107                @ DW_AT_name
	.long	1436                            @ DW_AT_type
	.byte	5                               @ DW_AT_decl_file
	.byte	14                              @ DW_AT_decl_line
	.byte	12                              @ DW_AT_data_member_location
	.byte	19                              @ Abbrev [19] 0x5f2:0xc DW_TAG_member
	.long	.Linfo_string108                @ DW_AT_name
	.long	1436                            @ DW_AT_type
	.byte	5                               @ DW_AT_decl_file
	.byte	15                              @ DW_AT_decl_line
	.byte	13                              @ DW_AT_data_member_location
	.byte	19                              @ Abbrev [19] 0x5fe:0xc DW_TAG_member
	.long	.Linfo_string109                @ DW_AT_name
	.long	38                              @ DW_AT_type
	.byte	5                               @ DW_AT_decl_file
	.byte	18                              @ DW_AT_decl_line
	.byte	16                              @ DW_AT_data_member_location
	.byte	0                               @ End Of Children Mark
	.byte	2                               @ Abbrev [2] 0x60b:0x5 DW_TAG_pointer_type
	.long	1552                            @ DW_AT_type
	.byte	7                               @ Abbrev [7] 0x610:0xb DW_TAG_typedef
	.long	1563                            @ DW_AT_type
	.long	.Linfo_string105                @ DW_AT_name
	.byte	6                               @ DW_AT_decl_file
	.byte	33                              @ DW_AT_decl_line
	.byte	4                               @ Abbrev [4] 0x61b:0x89 DW_TAG_structure_type
	.byte	20                              @ DW_AT_byte_size
	.byte	6                               @ DW_AT_decl_file
	.byte	21                              @ DW_AT_decl_line
	.byte	19                              @ Abbrev [19] 0x61f:0xc DW_TAG_member
	.long	.Linfo_string92                 @ DW_AT_name
	.long	1700                            @ DW_AT_type
	.byte	6                               @ DW_AT_decl_file
	.byte	22                              @ DW_AT_decl_line
	.byte	0                               @ DW_AT_data_member_location
	.byte	19                              @ Abbrev [19] 0x62b:0xc DW_TAG_member
	.long	.Linfo_string95                 @ DW_AT_name
	.long	1700                            @ DW_AT_type
	.byte	6                               @ DW_AT_decl_file
	.byte	23                              @ DW_AT_decl_line
	.byte	2                               @ DW_AT_data_member_location
	.byte	19                              @ Abbrev [19] 0x637:0xc DW_TAG_member
	.long	.Linfo_string96                 @ DW_AT_name
	.long	1718                            @ DW_AT_type
	.byte	6                               @ DW_AT_decl_file
	.byte	24                              @ DW_AT_decl_line
	.byte	4                               @ DW_AT_data_member_location
	.byte	19                              @ Abbrev [19] 0x643:0xc DW_TAG_member
	.long	.Linfo_string97                 @ DW_AT_name
	.long	1700                            @ DW_AT_type
	.byte	6                               @ DW_AT_decl_file
	.byte	25                              @ DW_AT_decl_line
	.byte	8                               @ DW_AT_data_member_location
	.byte	19                              @ Abbrev [19] 0x64f:0xc DW_TAG_member
	.long	.Linfo_string98                 @ DW_AT_name
	.long	1700                            @ DW_AT_type
	.byte	6                               @ DW_AT_decl_file
	.byte	26                              @ DW_AT_decl_line
	.byte	10                              @ DW_AT_data_member_location
	.byte	19                              @ Abbrev [19] 0x65b:0xc DW_TAG_member
	.long	.Linfo_string99                 @ DW_AT_name
	.long	1436                            @ DW_AT_type
	.byte	6                               @ DW_AT_decl_file
	.byte	27                              @ DW_AT_decl_line
	.byte	12                              @ DW_AT_data_member_location
	.byte	19                              @ Abbrev [19] 0x667:0xc DW_TAG_member
	.long	.Linfo_string100                @ DW_AT_name
	.long	1436                            @ DW_AT_type
	.byte	6                               @ DW_AT_decl_file
	.byte	28                              @ DW_AT_decl_line
	.byte	13                              @ DW_AT_data_member_location
	.byte	19                              @ Abbrev [19] 0x673:0xc DW_TAG_member
	.long	.Linfo_string101                @ DW_AT_name
	.long	1436                            @ DW_AT_type
	.byte	6                               @ DW_AT_decl_file
	.byte	29                              @ DW_AT_decl_line
	.byte	14                              @ DW_AT_data_member_location
	.byte	19                              @ Abbrev [19] 0x67f:0xc DW_TAG_member
	.long	.Linfo_string102                @ DW_AT_name
	.long	1436                            @ DW_AT_type
	.byte	6                               @ DW_AT_decl_file
	.byte	30                              @ DW_AT_decl_line
	.byte	15                              @ DW_AT_data_member_location
	.byte	19                              @ Abbrev [19] 0x68b:0xc DW_TAG_member
	.long	.Linfo_string103                @ DW_AT_name
	.long	1700                            @ DW_AT_type
	.byte	6                               @ DW_AT_decl_file
	.byte	31                              @ DW_AT_decl_line
	.byte	16                              @ DW_AT_data_member_location
	.byte	19                              @ Abbrev [19] 0x697:0xc DW_TAG_member
	.long	.Linfo_string104                @ DW_AT_name
	.long	1700                            @ DW_AT_type
	.byte	6                               @ DW_AT_decl_file
	.byte	32                              @ DW_AT_decl_line
	.byte	18                              @ DW_AT_data_member_location
	.byte	0                               @ End Of Children Mark
	.byte	7                               @ Abbrev [7] 0x6a4:0xb DW_TAG_typedef
	.long	1711                            @ DW_AT_type
	.long	.Linfo_string94                 @ DW_AT_name
	.byte	1                               @ DW_AT_decl_file
	.byte	63                              @ DW_AT_decl_line
	.byte	8                               @ Abbrev [8] 0x6af:0x7 DW_TAG_base_type
	.long	.Linfo_string93                 @ DW_AT_name
	.byte	7                               @ DW_AT_encoding
	.byte	2                               @ DW_AT_byte_size
	.byte	2                               @ Abbrev [2] 0x6b6:0x5 DW_TAG_pointer_type
	.long	1436                            @ DW_AT_type
	.byte	0                               @ End Of Children Mark
.Ldebug_info_end0:
	.section	.debug_ranges,"",%progbits
.Ldebug_ranges0:
	.long	.Lfunc_begin0
	.long	.Lfunc_end0
	.long	.Lfunc_begin1
	.long	.Lfunc_end1
	.long	.Lfunc_begin2
	.long	.Lfunc_end2
	.long	0
	.long	0
	.section	.debug_str,"MS",%progbits,1
.Linfo_string0:
	.asciz	"Component: Arm Compiler for Embedded 6.24 Tool: armclang [5f371800]" @ string offset=0
.Linfo_string1:
	.asciz	"source/driver\\drvr_uuart.c"   @ string offset=68
.Linfo_string2:
	.asciz	"D:\\work\\dheeraj\\local\\CEL\\CCC\\CCC_CPU0\\Code" @ string offset=95
.Linfo_string3:
	.asciz	"CTL"                           @ string offset=139
.Linfo_string4:
	.asciz	"unsigned int"                  @ string offset=143
.Linfo_string5:
	.asciz	"uint32_t"                      @ string offset=156
.Linfo_string6:
	.asciz	"INTEN"                         @ string offset=165
.Linfo_string7:
	.asciz	"BRGEN"                         @ string offset=171
.Linfo_string8:
	.asciz	"RESERVE0"                      @ string offset=177
.Linfo_string9:
	.asciz	"__ARRAY_SIZE_TYPE__"           @ string offset=186
.Linfo_string10:
	.asciz	"DATIN0"                        @ string offset=206
.Linfo_string11:
	.asciz	"RESERVE1"                      @ string offset=213
.Linfo_string12:
	.asciz	"CTLIN0"                        @ string offset=222
.Linfo_string13:
	.asciz	"RESERVE2"                      @ string offset=229
.Linfo_string14:
	.asciz	"CLKIN"                         @ string offset=238
.Linfo_string15:
	.asciz	"LINECTL"                       @ string offset=244
.Linfo_string16:
	.asciz	"TXDAT"                         @ string offset=252
.Linfo_string17:
	.asciz	"RXDAT"                         @ string offset=258
.Linfo_string18:
	.asciz	"BUFCTL"                        @ string offset=264
.Linfo_string19:
	.asciz	"BUFSTS"                        @ string offset=271
.Linfo_string20:
	.asciz	"PDMACTL"                       @ string offset=278
.Linfo_string21:
	.asciz	"RESERVE3"                      @ string offset=286
.Linfo_string22:
	.asciz	"WKCTL"                         @ string offset=295
.Linfo_string23:
	.asciz	"WKSTS"                         @ string offset=301
.Linfo_string24:
	.asciz	"PROTCTL"                       @ string offset=307
.Linfo_string25:
	.asciz	"PROTIEN"                       @ string offset=315
.Linfo_string26:
	.asciz	"PROTSTS"                       @ string offset=323
.Linfo_string27:
	.asciz	"UUART_T"                       @ string offset=331
.Linfo_string28:
	.asciz	"PDID"                          @ string offset=339
.Linfo_string29:
	.asciz	"RSTSTS"                        @ string offset=344
.Linfo_string30:
	.asciz	"IPRST0"                        @ string offset=351
.Linfo_string31:
	.asciz	"IPRST1"                        @ string offset=358
.Linfo_string32:
	.asciz	"IPRST2"                        @ string offset=365
.Linfo_string33:
	.asciz	"BODCTL"                        @ string offset=372
.Linfo_string34:
	.asciz	"IVSCTL"                        @ string offset=379
.Linfo_string35:
	.asciz	"PORCTL0"                       @ string offset=386
.Linfo_string36:
	.asciz	"VREFCTL"                       @ string offset=394
.Linfo_string37:
	.asciz	"USBPHY"                        @ string offset=402
.Linfo_string38:
	.asciz	"GPA_MFPL"                      @ string offset=409
.Linfo_string39:
	.asciz	"GPA_MFPH"                      @ string offset=418
.Linfo_string40:
	.asciz	"GPB_MFPL"                      @ string offset=427
.Linfo_string41:
	.asciz	"GPB_MFPH"                      @ string offset=436
.Linfo_string42:
	.asciz	"GPC_MFPL"                      @ string offset=445
.Linfo_string43:
	.asciz	"GPC_MFPH"                      @ string offset=454
.Linfo_string44:
	.asciz	"GPD_MFPL"                      @ string offset=463
.Linfo_string45:
	.asciz	"GPD_MFPH"                      @ string offset=472
.Linfo_string46:
	.asciz	"GPE_MFPL"                      @ string offset=481
.Linfo_string47:
	.asciz	"GPE_MFPH"                      @ string offset=490
.Linfo_string48:
	.asciz	"GPF_MFPL"                      @ string offset=499
.Linfo_string49:
	.asciz	"GPF_MFPH"                      @ string offset=508
.Linfo_string50:
	.asciz	"GPG_MFPL"                      @ string offset=517
.Linfo_string51:
	.asciz	"GPG_MFPH"                      @ string offset=526
.Linfo_string52:
	.asciz	"GPH_MFPL"                      @ string offset=535
.Linfo_string53:
	.asciz	"GPH_MFPH"                      @ string offset=544
.Linfo_string54:
	.asciz	"GPA_MFOS"                      @ string offset=553
.Linfo_string55:
	.asciz	"GPB_MFOS"                      @ string offset=562
.Linfo_string56:
	.asciz	"GPC_MFOS"                      @ string offset=571
.Linfo_string57:
	.asciz	"GPD_MFOS"                      @ string offset=580
.Linfo_string58:
	.asciz	"GPE_MFOS"                      @ string offset=589
.Linfo_string59:
	.asciz	"GPF_MFOS"                      @ string offset=598
.Linfo_string60:
	.asciz	"GPG_MFOS"                      @ string offset=607
.Linfo_string61:
	.asciz	"GPH_MFOS"                      @ string offset=616
.Linfo_string62:
	.asciz	"SRAMICTL"                      @ string offset=625
.Linfo_string63:
	.asciz	"SRAMSTS"                       @ string offset=634
.Linfo_string64:
	.asciz	"SRAMEADR"                      @ string offset=642
.Linfo_string65:
	.asciz	"RESERVE4"                      @ string offset=651
.Linfo_string66:
	.asciz	"SRAMPCTL"                      @ string offset=660
.Linfo_string67:
	.asciz	"SRAMPPCT"                      @ string offset=669
.Linfo_string68:
	.asciz	"TCTL48M"                       @ string offset=678
.Linfo_string69:
	.asciz	"TIEN48M"                       @ string offset=686
.Linfo_string70:
	.asciz	"TISTS48M"                      @ string offset=694
.Linfo_string71:
	.asciz	"TCTL12M"                       @ string offset=703
.Linfo_string72:
	.asciz	"TIEN12M"                       @ string offset=711
.Linfo_string73:
	.asciz	"TISTS12M"                      @ string offset=719
.Linfo_string74:
	.asciz	"RESERVE6"                      @ string offset=728
.Linfo_string75:
	.asciz	"REGLCTL"                       @ string offset=737
.Linfo_string76:
	.asciz	"RESERVE7"                      @ string offset=745
.Linfo_string77:
	.asciz	"PORCTL1"                       @ string offset=754
.Linfo_string78:
	.asciz	"RESERVE8"                      @ string offset=762
.Linfo_string79:
	.asciz	"PLCTL"                         @ string offset=771
.Linfo_string80:
	.asciz	"PLSTS"                         @ string offset=777
.Linfo_string81:
	.asciz	"RESERVE9"                      @ string offset=783
.Linfo_string82:
	.asciz	"AHBMCTL"                       @ string offset=792
.Linfo_string83:
	.asciz	"SYS_T"                         @ string offset=800
.Linfo_string84:
	.asciz	"uuart_ctor"                    @ string offset=806
.Linfo_string85:
	.asciz	"uuart_write"                   @ string offset=817
.Linfo_string86:
	.asciz	"unsigned char"                 @ string offset=829
.Linfo_string87:
	.asciz	"uint8_t"                       @ string offset=843
.Linfo_string88:
	.asciz	"uuart_read"                    @ string offset=851
.Linfo_string89:
	.asciz	"handle"                        @ string offset=862
.Linfo_string90:
	.asciz	"baudRate"                      @ string offset=869
.Linfo_string91:
	.asciz	"prx"                           @ string offset=878
.Linfo_string92:
	.asciz	"rdptr"                         @ string offset=882
.Linfo_string93:
	.asciz	"unsigned short"                @ string offset=888
.Linfo_string94:
	.asciz	"uint16_t"                      @ string offset=903
.Linfo_string95:
	.asciz	"wrptr"                         @ string offset=912
.Linfo_string96:
	.asciz	"buf"                           @ string offset=918
.Linfo_string97:
	.asciz	"cksum_wr"                      @ string offset=922
.Linfo_string98:
	.asciz	"cksum_rd"                      @ string offset=931
.Linfo_string99:
	.asciz	"is_empty"                      @ string offset=940
.Linfo_string100:
	.asciz	"is_full"                       @ string offset=949
.Linfo_string101:
	.asciz	"err_overflow"                  @ string offset=957
.Linfo_string102:
	.asciz	"err_underrun"                  @ string offset=970
.Linfo_string103:
	.asciz	"fill"                          @ string offset=983
.Linfo_string104:
	.asciz	"bufsize"                       @ string offset=988
.Linfo_string105:
	.asciz	"fifo_t"                        @ string offset=996
.Linfo_string106:
	.asciz	"ptx"                           @ string offset=1003
.Linfo_string107:
	.asciz	"inten"                         @ string offset=1007
.Linfo_string108:
	.asciz	"port"                          @ string offset=1013
.Linfo_string109:
	.asciz	"UARTx"                         @ string offset=1018
.Linfo_string110:
	.asciz	"uuart_struct_t"                @ string offset=1024
.Linfo_string111:
	.asciz	"ch"                            @ string offset=1039
	.ident	"Component: Arm Compiler for Embedded 6.24 Tool: armclang [5f371800]"
	.section	".note.GNU-stack","",%progbits
	.eabi_attribute	30, 6	@ Tag_ABI_optimization_goals
	.ARM_attribute	16, 1	@ Tag_AV_eba
	.section	.debug_line,"",%progbits
.Lline_table_start0:
