	.text
	.syntax unified
	.eabi_attribute	67, "2.09"	@ Tag_conformance
	.cpu	cortex-m23
	.eabi_attribute	6, 16	@ Tag_CPU_arch
	.eabi_attribute	7, 77	@ Tag_CPU_arch_profile
	.eabi_attribute	8, 0	@ Tag_ARM_ISA_use
	.eabi_attribute	9, 3	@ Tag_THUMB_ISA_use
	.eabi_attribute	34, 0	@ Tag_CPU_unaligned_access
	.eabi_attribute	17, 1	@ Tag_ABI_PCS_GOT_use
	.eabi_attribute	20, 2	@ Tag_ABI_FP_denormal
	.eabi_attribute	21, 0	@ Tag_ABI_FP_exceptions
	.eabi_attribute	23, 1	@ Tag_ABI_FP_number_model
	.eabi_attribute	24, 1	@ Tag_ABI_align_needed
	.eabi_attribute	25, 1	@ Tag_ABI_align_preserved
	.eabi_attribute	38, 1	@ Tag_ABI_FP_16bit_format
	.eabi_attribute	18, 4	@ Tag_ABI_PCS_wchar_t
	.eabi_attribute	26, 2	@ Tag_ABI_enum_size
	.eabi_attribute	14, 0	@ Tag_ABI_PCS_R9_use
	.file	"targetdev.c"
	.section	.text.GetApromSize,"ax",%progbits
	.hidden	GetApromSize                    @ -- Begin function GetApromSize
	.globl	GetApromSize
	.p2align	1
	.type	GetApromSize,%function
	.code	16                              @ @GetApromSize
	.thumb_func
GetApromSize:
.Lfunc_begin0:
	.file	1 "D:\\work\\dheeraj\\local\\CEL\\CCC\\CCC_CPU0\\Code" "source/targetdev.c"
	.loc	1 17 0                          @ source/targetdev.c:17:0
	.fnstart
	.cfi_sections .debug_frame
	.cfi_startproc
@ %bb.0:
	.save	{r7, lr}
	push	{r7, lr}
	.cfi_def_cfa_offset 8
	.cfi_offset lr, -4
	.cfi_offset r7, -8
	.pad	#16
	sub	sp, #16
	.cfi_def_cfa_offset 24
	movw	r0, #2048
.Ltmp0:
	.loc	1 19 14 prologue_end            @ source/targetdev.c:19:14
	str	r0, [sp, #8]
	.loc	1 22 5                          @ source/targetdev.c:22:5
	b	.LBB0_1
.LBB0_1:                                @ =>This Inner Loop Header: Depth=1
.Ltmp1:
	.loc	1 24 32                         @ source/targetdev.c:24:32
	ldr	r0, [sp, #8]
	add	r1, sp, #4
	.loc	1 24 18 is_stmt 0               @ source/targetdev.c:24:18
	bl	FMC_Read_User
	.loc	1 24 16                         @ source/targetdev.c:24:16
	str	r0, [sp]
.Ltmp2:
	.loc	1 26 12 is_stmt 1               @ source/targetdev.c:26:12
	ldr	r0, [sp]
.Ltmp3:
	.loc	1 26 12 is_stmt 0               @ source/targetdev.c:26:12
	cmp	r0, #0
	bpl	.LBB0_3
	b	.LBB0_2
.LBB0_2:
.Ltmp4:
	.loc	1 28 20 is_stmt 1               @ source/targetdev.c:28:20
	ldr	r0, [sp, #8]
	.loc	1 28 13 is_stmt 0               @ source/targetdev.c:28:13
	str	r0, [sp, #12]
	b	.LBB0_6
.Ltmp5:
.LBB0_3:                                @   in Loop: Header=BB0_1 Depth=1
	.loc	1 32 18 is_stmt 1               @ source/targetdev.c:32:18
	ldr	r0, [sp, #8]
	lsls	r0, r0, #1
	str	r0, [sp, #8]
	b	.LBB0_4
.Ltmp6:
.LBB0_4:                                @   in Loop: Header=BB0_1 Depth=1
	.loc	1 34 5                          @ source/targetdev.c:34:5
	b	.LBB0_5
.LBB0_5:                                @   in Loop: Header=BB0_1 Depth=1
	.loc	1 0 5 is_stmt 0                 @ source/targetdev.c:0:5
	movs	r0, #1
	.loc	1 34 5                          @ source/targetdev.c:34:5
	cmp	r0, #0
	bne	.LBB0_1
	b	.LBB0_6
.Ltmp7:
.LBB0_6:
	.loc	1 36 1 is_stmt 1                @ source/targetdev.c:36:1
	ldr	r0, [sp, #12]
	.loc	1 36 1 epilogue_begin is_stmt 0 @ source/targetdev.c:36:1
	add	sp, #16
	pop	{r7, pc}
.Ltmp8:
.Lfunc_end0:
	.size	GetApromSize, .Lfunc_end0-GetApromSize
	.cfi_endproc
	.cantunwind
	.fnend
                                        @ -- End function
	.section	.text.GetDataFlashInfo,"ax",%progbits
	.hidden	GetDataFlashInfo                @ -- Begin function GetDataFlashInfo
	.globl	GetDataFlashInfo
	.p2align	2
	.type	GetDataFlashInfo,%function
	.code	16                              @ @GetDataFlashInfo
	.thumb_func
GetDataFlashInfo:
.Lfunc_begin1:
	.loc	1 45 0 is_stmt 1                @ source/targetdev.c:45:0
	.fnstart
	.cfi_startproc
@ %bb.0:
	.save	{r7, lr}
	push	{r7, lr}
	.cfi_def_cfa_offset 8
	.cfi_offset lr, -4
	.cfi_offset r7, -8
	.pad	#16
	sub	sp, #16
	.cfi_def_cfa_offset 24
	str	r0, [sp, #12]
	str	r1, [sp, #8]
.Ltmp9:
	.loc	1 47 6 prologue_end             @ source/targetdev.c:47:6
	ldr	r1, [sp, #8]
	movs	r0, #0
	.loc	1 47 11 is_stmt 0               @ source/targetdev.c:47:11
	str	r0, [r1]
	movs	r0, #3
	lsls	r0, r0, #20
	add	r1, sp, #4
	.loc	1 48 5 is_stmt 1                @ source/targetdev.c:48:5
	str	r1, [sp]                        @ 4-byte Spill
	bl	FMC_Read_User
                                        @ kill: def $r1 killed $r0
	.loc	1 49 11                         @ source/targetdev.c:49:11
	ldr	r0, [sp]                        @ 4-byte Reload
	ldr	r1, [sp, #4]
	ldr	r2, __arm_cp.1_0
	ands	r1, r2
	str	r1, [sp, #4]
	.loc	1 51 8                          @ source/targetdev.c:51:8
	ldrb	r0, [r0]
	lsls	r0, r0, #31
	cbnz	r0, .LBB1_5
	b	.LBB1_1
.LBB1_1:
	.loc	1 0 8 is_stmt 0                 @ source/targetdev.c:0:8
	ldr	r0, __arm_cp.1_2
	add	r1, sp, #4
.Ltmp10:
	.loc	1 53 9 is_stmt 1                @ source/targetdev.c:53:9
	bl	FMC_Read_User
	.loc	1 54 15                         @ source/targetdev.c:54:15
	ldr	r0, [sp, #4]
	ldr	r1, __arm_cp.1_0
	ands	r0, r1
	str	r0, [sp, #4]
.Ltmp11:
	.loc	1 56 12                         @ source/targetdev.c:56:12
	ldr	r0, [sp, #4]
	.loc	1 56 20 is_stmt 0               @ source/targetdev.c:56:20
	ldr	r1, __arm_cp.1_1
	ldr	r1, [r1]
	.loc	1 56 32                         @ source/targetdev.c:56:32
	cmp	r0, r1
	bhi	.LBB1_3
	b	.LBB1_2
.Ltmp12:
.LBB1_2:
	.loc	1 0 32                          @ source/targetdev.c:0:32
	add	r0, sp, #4
	.loc	1 56 12                         @ source/targetdev.c:56:12
	ldrh	r0, [r0]
	lsls	r0, r0, #21
	cbz	r0, .LBB1_4
	b	.LBB1_3
.LBB1_3:
.Ltmp13:
	.loc	1 58 21 is_stmt 1               @ source/targetdev.c:58:21
	ldr	r0, __arm_cp.1_1
	ldr	r0, [r0]
	.loc	1 58 19 is_stmt 0               @ source/targetdev.c:58:19
	str	r0, [sp, #4]
	.loc	1 59 9 is_stmt 1                @ source/targetdev.c:59:9
	b	.LBB1_4
.Ltmp14:
.LBB1_4:
	.loc	1 61 17                         @ source/targetdev.c:61:17
	ldr	r0, [sp, #4]
	.loc	1 61 10 is_stmt 0               @ source/targetdev.c:61:10
	ldr	r1, [sp, #12]
	.loc	1 61 15                         @ source/targetdev.c:61:15
	str	r0, [r1]
	.loc	1 62 17 is_stmt 1               @ source/targetdev.c:62:17
	ldr	r0, __arm_cp.1_1
	ldr	r0, [r0]
	.loc	1 62 31 is_stmt 0               @ source/targetdev.c:62:31
	ldr	r1, [sp, #4]
	.loc	1 62 29                         @ source/targetdev.c:62:29
	subs	r0, r0, r1
	.loc	1 62 10                         @ source/targetdev.c:62:10
	ldr	r1, [sp, #8]
	.loc	1 62 15                         @ source/targetdev.c:62:15
	str	r0, [r1]
	.loc	1 63 5 is_stmt 1                @ source/targetdev.c:63:5
	b	.LBB1_6
.Ltmp15:
.LBB1_5:
	.loc	1 66 17                         @ source/targetdev.c:66:17
	ldr	r0, __arm_cp.1_1
	ldr	r0, [r0]
	.loc	1 66 10 is_stmt 0               @ source/targetdev.c:66:10
	ldr	r1, [sp, #12]
	.loc	1 66 15                         @ source/targetdev.c:66:15
	str	r0, [r1]
	.loc	1 67 10 is_stmt 1               @ source/targetdev.c:67:10
	ldr	r1, [sp, #8]
	movs	r0, #0
	.loc	1 67 15 is_stmt 0               @ source/targetdev.c:67:15
	str	r0, [r1]
	b	.LBB1_6
.Ltmp16:
.LBB1_6:
	.loc	1 69 1 epilogue_begin is_stmt 1 @ source/targetdev.c:69:1
	add	sp, #16
	pop	{r7, pc}
.Ltmp17:
	.loc	1 0 1 is_stmt 0                 @ :0:1
.Ltmp18:
	.p2align	2
@ %bb.7:
__arm_cp.1_0:
	.long	1048575                         @ 0xfffff
.Lcpi_end0:
	.size	__arm_cp.1_0, .Lcpi_end0-__arm_cp.1_0
__arm_cp.1_1:
	.long	g_apromSize
.Lcpi_end1:
	.size	__arm_cp.1_1, .Lcpi_end1-__arm_cp.1_1
__arm_cp.1_2:
	.long	3145732                         @ 0x300004
.Lcpi_end2:
	.size	__arm_cp.1_2, .Lcpi_end2-__arm_cp.1_2
.Lfunc_end1:
	.size	GetDataFlashInfo, .Lfunc_end1-GetDataFlashInfo
	.cfi_endproc
	.cantunwind
	.fnend
                                        @ -- End function
	.file	2 "C:\\Users\\Anaya\\AppData\\Local\\Keil_v5\\ARM\\ARMCLANG\\bin\\..\\include" "stdint.h"
	.section	.debug_abbrev,"",%progbits
	.byte	1                               @ Abbreviation Code
	.byte	17                              @ DW_TAG_compile_unit
	.byte	1                               @ DW_CHILDREN_yes
	.byte	37                              @ DW_AT_producer
	.byte	14                              @ DW_FORM_strp
	.byte	19                              @ DW_AT_language
	.byte	5                               @ DW_FORM_data2
	.byte	3                               @ DW_AT_name
	.byte	14                              @ DW_FORM_strp
	.byte	16                              @ DW_AT_stmt_list
	.byte	23                              @ DW_FORM_sec_offset
	.byte	27                              @ DW_AT_comp_dir
	.byte	14                              @ DW_FORM_strp
	.byte	17                              @ DW_AT_low_pc
	.byte	1                               @ DW_FORM_addr
	.byte	85                              @ DW_AT_ranges
	.byte	23                              @ DW_FORM_sec_offset
	.byte	0                               @ EOM(1)
	.byte	0                               @ EOM(2)
	.byte	2                               @ Abbreviation Code
	.byte	46                              @ DW_TAG_subprogram
	.byte	1                               @ DW_CHILDREN_yes
	.byte	17                              @ DW_AT_low_pc
	.byte	1                               @ DW_FORM_addr
	.byte	18                              @ DW_AT_high_pc
	.byte	6                               @ DW_FORM_data4
	.byte	64                              @ DW_AT_frame_base
	.byte	24                              @ DW_FORM_exprloc
	.byte	3                               @ DW_AT_name
	.byte	14                              @ DW_FORM_strp
	.byte	58                              @ DW_AT_decl_file
	.byte	11                              @ DW_FORM_data1
	.byte	59                              @ DW_AT_decl_line
	.byte	11                              @ DW_FORM_data1
	.byte	39                              @ DW_AT_prototyped
	.byte	25                              @ DW_FORM_flag_present
	.byte	73                              @ DW_AT_type
	.byte	19                              @ DW_FORM_ref4
	.byte	63                              @ DW_AT_external
	.byte	25                              @ DW_FORM_flag_present
	.byte	0                               @ EOM(1)
	.byte	0                               @ EOM(2)
	.byte	3                               @ Abbreviation Code
	.byte	52                              @ DW_TAG_variable
	.byte	0                               @ DW_CHILDREN_no
	.byte	2                               @ DW_AT_location
	.byte	24                              @ DW_FORM_exprloc
	.byte	3                               @ DW_AT_name
	.byte	14                              @ DW_FORM_strp
	.byte	58                              @ DW_AT_decl_file
	.byte	11                              @ DW_FORM_data1
	.byte	59                              @ DW_AT_decl_line
	.byte	11                              @ DW_FORM_data1
	.byte	73                              @ DW_AT_type
	.byte	19                              @ DW_FORM_ref4
	.byte	0                               @ EOM(1)
	.byte	0                               @ EOM(2)
	.byte	4                               @ Abbreviation Code
	.byte	46                              @ DW_TAG_subprogram
	.byte	1                               @ DW_CHILDREN_yes
	.byte	17                              @ DW_AT_low_pc
	.byte	1                               @ DW_FORM_addr
	.byte	18                              @ DW_AT_high_pc
	.byte	6                               @ DW_FORM_data4
	.byte	64                              @ DW_AT_frame_base
	.byte	24                              @ DW_FORM_exprloc
	.byte	3                               @ DW_AT_name
	.byte	14                              @ DW_FORM_strp
	.byte	58                              @ DW_AT_decl_file
	.byte	11                              @ DW_FORM_data1
	.byte	59                              @ DW_AT_decl_line
	.byte	11                              @ DW_FORM_data1
	.byte	39                              @ DW_AT_prototyped
	.byte	25                              @ DW_FORM_flag_present
	.byte	63                              @ DW_AT_external
	.byte	25                              @ DW_FORM_flag_present
	.byte	0                               @ EOM(1)
	.byte	0                               @ EOM(2)
	.byte	5                               @ Abbreviation Code
	.byte	5                               @ DW_TAG_formal_parameter
	.byte	0                               @ DW_CHILDREN_no
	.byte	2                               @ DW_AT_location
	.byte	24                              @ DW_FORM_exprloc
	.byte	3                               @ DW_AT_name
	.byte	14                              @ DW_FORM_strp
	.byte	58                              @ DW_AT_decl_file
	.byte	11                              @ DW_FORM_data1
	.byte	59                              @ DW_AT_decl_line
	.byte	11                              @ DW_FORM_data1
	.byte	73                              @ DW_AT_type
	.byte	19                              @ DW_FORM_ref4
	.byte	0                               @ EOM(1)
	.byte	0                               @ EOM(2)
	.byte	6                               @ Abbreviation Code
	.byte	22                              @ DW_TAG_typedef
	.byte	0                               @ DW_CHILDREN_no
	.byte	73                              @ DW_AT_type
	.byte	19                              @ DW_FORM_ref4
	.byte	3                               @ DW_AT_name
	.byte	14                              @ DW_FORM_strp
	.byte	58                              @ DW_AT_decl_file
	.byte	11                              @ DW_FORM_data1
	.byte	59                              @ DW_AT_decl_line
	.byte	11                              @ DW_FORM_data1
	.byte	0                               @ EOM(1)
	.byte	0                               @ EOM(2)
	.byte	7                               @ Abbreviation Code
	.byte	36                              @ DW_TAG_base_type
	.byte	0                               @ DW_CHILDREN_no
	.byte	3                               @ DW_AT_name
	.byte	14                              @ DW_FORM_strp
	.byte	62                              @ DW_AT_encoding
	.byte	11                              @ DW_FORM_data1
	.byte	11                              @ DW_AT_byte_size
	.byte	11                              @ DW_FORM_data1
	.byte	0                               @ EOM(1)
	.byte	0                               @ EOM(2)
	.byte	8                               @ Abbreviation Code
	.byte	15                              @ DW_TAG_pointer_type
	.byte	0                               @ DW_CHILDREN_no
	.byte	73                              @ DW_AT_type
	.byte	19                              @ DW_FORM_ref4
	.byte	0                               @ EOM(1)
	.byte	0                               @ EOM(2)
	.byte	0                               @ EOM(3)
	.section	.debug_info,"",%progbits
.Lcu_begin0:
	.long	.Ldebug_info_end0-.Ldebug_info_start0 @ Length of Unit
.Ldebug_info_start0:
	.short	4                               @ DWARF version number
	.long	.debug_abbrev                   @ Offset Into Abbrev. Section
	.byte	4                               @ Address Size (in bytes)
	.byte	1                               @ Abbrev [1] 0xb:0xb6 DW_TAG_compile_unit
	.long	.Linfo_string0                  @ DW_AT_producer
	.short	29                              @ DW_AT_language
	.long	.Linfo_string1                  @ DW_AT_name
	.long	.Lline_table_start0             @ DW_AT_stmt_list
	.long	.Linfo_string2                  @ DW_AT_comp_dir
	.long	0                               @ DW_AT_low_pc
	.long	.Ldebug_ranges0                 @ DW_AT_ranges
	.byte	2                               @ Abbrev [2] 0x26:0x40 DW_TAG_subprogram
	.long	.Lfunc_begin0                   @ DW_AT_low_pc
	.long	.Lfunc_end0-.Lfunc_begin0       @ DW_AT_high_pc
	.byte	1                               @ DW_AT_frame_base
	.byte	93
	.long	.Linfo_string3                  @ DW_AT_name
	.byte	1                               @ DW_AT_decl_file
	.byte	16                              @ DW_AT_decl_line
                                        @ DW_AT_prototyped
	.long	162                             @ DW_AT_type
                                        @ DW_AT_external
	.byte	3                               @ Abbrev [3] 0x3b:0xe DW_TAG_variable
	.byte	2                               @ DW_AT_location
	.byte	145
	.byte	8
	.long	.Linfo_string7                  @ DW_AT_name
	.byte	1                               @ DW_AT_decl_file
	.byte	19                              @ DW_AT_decl_line
	.long	162                             @ DW_AT_type
	.byte	3                               @ Abbrev [3] 0x49:0xe DW_TAG_variable
	.byte	2                               @ DW_AT_location
	.byte	145
	.byte	4
	.long	.Linfo_string8                  @ DW_AT_name
	.byte	1                               @ DW_AT_decl_file
	.byte	19                              @ DW_AT_decl_line
	.long	162                             @ DW_AT_type
	.byte	3                               @ Abbrev [3] 0x57:0xe DW_TAG_variable
	.byte	2                               @ DW_AT_location
	.byte	145
	.byte	0
	.long	.Linfo_string9                  @ DW_AT_name
	.byte	1                               @ DW_AT_decl_file
	.byte	20                              @ DW_AT_decl_line
	.long	180                             @ DW_AT_type
	.byte	0                               @ End Of Children Mark
	.byte	4                               @ Abbrev [4] 0x66:0x3c DW_TAG_subprogram
	.long	.Lfunc_begin1                   @ DW_AT_low_pc
	.long	.Lfunc_end1-.Lfunc_begin1       @ DW_AT_high_pc
	.byte	1                               @ DW_AT_frame_base
	.byte	93
	.long	.Linfo_string6                  @ DW_AT_name
	.byte	1                               @ DW_AT_decl_file
	.byte	44                              @ DW_AT_decl_line
                                        @ DW_AT_prototyped
                                        @ DW_AT_external
	.byte	5                               @ Abbrev [5] 0x77:0xe DW_TAG_formal_parameter
	.byte	2                               @ DW_AT_location
	.byte	145
	.byte	12
	.long	.Linfo_string11                 @ DW_AT_name
	.byte	1                               @ DW_AT_decl_file
	.byte	44                              @ DW_AT_decl_line
	.long	187                             @ DW_AT_type
	.byte	5                               @ Abbrev [5] 0x85:0xe DW_TAG_formal_parameter
	.byte	2                               @ DW_AT_location
	.byte	145
	.byte	8
	.long	.Linfo_string7                  @ DW_AT_name
	.byte	1                               @ DW_AT_decl_file
	.byte	44                              @ DW_AT_decl_line
	.long	187                             @ DW_AT_type
	.byte	3                               @ Abbrev [3] 0x93:0xe DW_TAG_variable
	.byte	2                               @ DW_AT_location
	.byte	145
	.byte	4
	.long	.Linfo_string12                 @ DW_AT_name
	.byte	1                               @ DW_AT_decl_file
	.byte	46                              @ DW_AT_decl_line
	.long	162                             @ DW_AT_type
	.byte	0                               @ End Of Children Mark
	.byte	6                               @ Abbrev [6] 0xa2:0xb DW_TAG_typedef
	.long	173                             @ DW_AT_type
	.long	.Linfo_string5                  @ DW_AT_name
	.byte	2                               @ DW_AT_decl_file
	.byte	64                              @ DW_AT_decl_line
	.byte	7                               @ Abbrev [7] 0xad:0x7 DW_TAG_base_type
	.long	.Linfo_string4                  @ DW_AT_name
	.byte	7                               @ DW_AT_encoding
	.byte	4                               @ DW_AT_byte_size
	.byte	7                               @ Abbrev [7] 0xb4:0x7 DW_TAG_base_type
	.long	.Linfo_string10                 @ DW_AT_name
	.byte	5                               @ DW_AT_encoding
	.byte	4                               @ DW_AT_byte_size
	.byte	8                               @ Abbrev [8] 0xbb:0x5 DW_TAG_pointer_type
	.long	162                             @ DW_AT_type
	.byte	0                               @ End Of Children Mark
.Ldebug_info_end0:
	.section	.debug_ranges,"",%progbits
.Ldebug_ranges0:
	.long	.Lfunc_begin0
	.long	.Lfunc_end0
	.long	.Lfunc_begin1
	.long	.Lfunc_end1
	.long	0
	.long	0
	.section	.debug_str,"MS",%progbits,1
.Linfo_string0:
	.asciz	"Component: Arm Compiler for Embedded 6.24 Tool: armclang [5f371800]" @ string offset=0
.Linfo_string1:
	.asciz	"source\\targetdev.c"           @ string offset=68
.Linfo_string2:
	.asciz	"D:\\work\\dheeraj\\local\\CEL\\CCC\\CCC_CPU0\\Code" @ string offset=87
.Linfo_string3:
	.asciz	"GetApromSize"                  @ string offset=131
.Linfo_string4:
	.asciz	"unsigned int"                  @ string offset=144
.Linfo_string5:
	.asciz	"uint32_t"                      @ string offset=157
.Linfo_string6:
	.asciz	"GetDataFlashInfo"              @ string offset=166
.Linfo_string7:
	.asciz	"size"                          @ string offset=183
.Linfo_string8:
	.asciz	"data"                          @ string offset=188
.Linfo_string9:
	.asciz	"result"                        @ string offset=193
.Linfo_string10:
	.asciz	"int"                           @ string offset=200
.Linfo_string11:
	.asciz	"addr"                          @ string offset=204
.Linfo_string12:
	.asciz	"uData"                         @ string offset=209
	.ident	"Component: Arm Compiler for Embedded 6.24 Tool: armclang [5f371800]"
	.section	".note.GNU-stack","",%progbits
	.eabi_attribute	30, 6	@ Tag_ABI_optimization_goals
	.ARM_attribute	16, 1	@ Tag_AV_eba
	.section	.debug_line,"",%progbits
.Lline_table_start0:
