	.text
	.syntax unified
	.eabi_attribute	67, "2.09"	@ Tag_conformance
	.cpu	cortex-m23
	.eabi_attribute	6, 16	@ Tag_CPU_arch
	.eabi_attribute	7, 77	@ Tag_CPU_arch_profile
	.eabi_attribute	8, 0	@ Tag_ARM_ISA_use
	.eabi_attribute	9, 3	@ Tag_THUMB_ISA_use
	.eabi_attribute	34, 0	@ Tag_CPU_unaligned_access
	.eabi_attribute	17, 1	@ Tag_ABI_PCS_GOT_use
	.eabi_attribute	20, 2	@ Tag_ABI_FP_denormal
	.eabi_attribute	21, 0	@ Tag_ABI_FP_exceptions
	.eabi_attribute	23, 1	@ Tag_ABI_FP_number_model
	.eabi_attribute	24, 1	@ Tag_ABI_align_needed
	.eabi_attribute	25, 1	@ Tag_ABI_align_preserved
	.eabi_attribute	38, 1	@ Tag_ABI_FP_16bit_format
	.eabi_attribute	18, 4	@ Tag_ABI_PCS_wchar_t
	.eabi_attribute	26, 2	@ Tag_ABI_enum_size
	.eabi_attribute	14, 0	@ Tag_ABI_PCS_R9_use
	.file	"gpio.c"
	.section	.text.GPIO_SetMode,"ax",%progbits
	.hidden	GPIO_SetMode                    @ -- Begin function GPIO_SetMode
	.globl	GPIO_SetMode
	.p2align	1
	.type	GPIO_SetMode,%function
	.code	16                              @ @GPIO_SetMode
	.thumb_func
GPIO_SetMode:
.Lfunc_begin0:
	.file	1 "D:\\work\\dheeraj\\local\\CEL\\CCC\\CCC_CPU123\\Code" "../../CCC_common/Library/StdDriver/src/gpio.c"
	.loc	1 48 0                          @ ../../CCC_common/Library/StdDriver/src/gpio.c:48:0
	.fnstart
	.cfi_sections .debug_frame
	.cfi_startproc
@ %bb.0:
	.pad	#16
	sub	sp, #16
	.cfi_def_cfa_offset 16
	str	r0, [sp, #12]
	str	r1, [sp, #8]
	str	r2, [sp, #4]
	movs	r0, #0
.Ltmp0:
	.loc	1 51 16 prologue_end            @ ../../CCC_common/Library/StdDriver/src/gpio.c:51:16
	str	r0, [sp]
	.loc	1 51 9 is_stmt 0                @ ../../CCC_common/Library/StdDriver/src/gpio.c:51:9
	b	.LBB0_1
.LBB0_1:                                @ =>This Inner Loop Header: Depth=1
.Ltmp1:
	.loc	1 51 23                         @ ../../CCC_common/Library/StdDriver/src/gpio.c:51:23
	ldr	r0, [sp]
.Ltmp2:
	.loc	1 51 5                          @ ../../CCC_common/Library/StdDriver/src/gpio.c:51:5
	cmp	r0, #15
	bhi	.LBB0_6
	b	.LBB0_2
.LBB0_2:                                @   in Loop: Header=BB0_1 Depth=1
.Ltmp3:
	.loc	1 53 13 is_stmt 1               @ ../../CCC_common/Library/StdDriver/src/gpio.c:53:13
	ldr	r0, [sp, #8]
	.loc	1 53 34 is_stmt 0               @ ../../CCC_common/Library/StdDriver/src/gpio.c:53:34
	ldr	r1, [sp]
.Ltmp4:
	.loc	1 53 12                         @ ../../CCC_common/Library/StdDriver/src/gpio.c:53:12
	lsrs	r0, r1
	lsls	r0, r0, #31
	cbz	r0, .LBB0_4
	b	.LBB0_3
.LBB0_3:                                @   in Loop: Header=BB0_1 Depth=1
.Ltmp5:
	.loc	1 55 27 is_stmt 1               @ ../../CCC_common/Library/StdDriver/src/gpio.c:55:27
	ldr	r0, [sp, #12]
	.loc	1 55 33 is_stmt 0               @ ../../CCC_common/Library/StdDriver/src/gpio.c:55:33
	ldr	r0, [r0]
	.loc	1 55 52                         @ ../../CCC_common/Library/StdDriver/src/gpio.c:55:52
	ldr	r1, [sp]
	.loc	1 55 59                         @ ../../CCC_common/Library/StdDriver/src/gpio.c:55:59
	lsls	r2, r1, #1
	movs	r1, #3
	.loc	1 55 48                         @ ../../CCC_common/Library/StdDriver/src/gpio.c:55:48
	lsls	r1, r2
	.loc	1 55 38                         @ ../../CCC_common/Library/StdDriver/src/gpio.c:55:38
	bics	r0, r1
	.loc	1 55 70                         @ ../../CCC_common/Library/StdDriver/src/gpio.c:55:70
	ldr	r1, [sp, #4]
	.loc	1 55 78                         @ ../../CCC_common/Library/StdDriver/src/gpio.c:55:78
	lsls	r1, r2
	.loc	1 55 67                         @ ../../CCC_common/Library/StdDriver/src/gpio.c:55:67
	orrs	r0, r1
	.loc	1 55 13                         @ ../../CCC_common/Library/StdDriver/src/gpio.c:55:13
	ldr	r1, [sp, #12]
	.loc	1 55 24                         @ ../../CCC_common/Library/StdDriver/src/gpio.c:55:24
	str	r0, [r1]
	.loc	1 56 9 is_stmt 1                @ ../../CCC_common/Library/StdDriver/src/gpio.c:56:9
	b	.LBB0_4
.Ltmp6:
.LBB0_4:                                @   in Loop: Header=BB0_1 Depth=1
	.loc	1 57 5                          @ ../../CCC_common/Library/StdDriver/src/gpio.c:57:5
	b	.LBB0_5
.Ltmp7:
.LBB0_5:                                @   in Loop: Header=BB0_1 Depth=1
	.loc	1 51 52                         @ ../../CCC_common/Library/StdDriver/src/gpio.c:51:52
	ldr	r0, [sp]
	adds	r0, r0, #1
	str	r0, [sp]
	.loc	1 51 5 is_stmt 0                @ ../../CCC_common/Library/StdDriver/src/gpio.c:51:5
	b	.LBB0_1
.Ltmp8:
.LBB0_6:
	.loc	1 58 1 epilogue_begin is_stmt 1 @ ../../CCC_common/Library/StdDriver/src/gpio.c:58:1
	add	sp, #16
	bx	lr
.Ltmp9:
.Lfunc_end0:
	.size	GPIO_SetMode, .Lfunc_end0-GPIO_SetMode
	.cfi_endproc
	.cantunwind
	.fnend
                                        @ -- End function
	.section	.text.GPIO_EnableInt,"ax",%progbits
	.hidden	GPIO_EnableInt                  @ -- Begin function GPIO_EnableInt
	.globl	GPIO_EnableInt
	.p2align	2
	.type	GPIO_EnableInt,%function
	.code	16                              @ @GPIO_EnableInt
	.thumb_func
GPIO_EnableInt:
.Lfunc_begin1:
	.loc	1 83 0                          @ ../../CCC_common/Library/StdDriver/src/gpio.c:83:0
	.fnstart
	.cfi_startproc
@ %bb.0:
	.pad	#12
	sub	sp, #12
	.cfi_def_cfa_offset 12
	str	r0, [sp, #8]
	str	r1, [sp, #4]
	str	r2, [sp]
.Ltmp10:
	.loc	1 85 22 prologue_end            @ ../../CCC_common/Library/StdDriver/src/gpio.c:85:22
	ldr	r0, [sp, #8]
	.loc	1 85 28 is_stmt 0               @ ../../CCC_common/Library/StdDriver/src/gpio.c:85:28
	ldr	r0, [r0, #24]
	.loc	1 85 47                         @ ../../CCC_common/Library/StdDriver/src/gpio.c:85:47
	ldr	r2, [sp, #4]
	movs	r1, #1
	.loc	1 85 44                         @ ../../CCC_common/Library/StdDriver/src/gpio.c:85:44
	lsls	r1, r2
	.loc	1 85 36                         @ ../../CCC_common/Library/StdDriver/src/gpio.c:85:36
	bics	r0, r1
	mov	r1, sp
	.loc	1 85 61                         @ ../../CCC_common/Library/StdDriver/src/gpio.c:85:61
	ldrb	r1, [r1, #3]
	.loc	1 85 92                         @ ../../CCC_common/Library/StdDriver/src/gpio.c:85:92
	lsls	r1, r2
	.loc	1 85 56                         @ ../../CCC_common/Library/StdDriver/src/gpio.c:85:56
	orrs	r0, r1
	.loc	1 85 5                          @ ../../CCC_common/Library/StdDriver/src/gpio.c:85:5
	ldr	r1, [sp, #8]
	.loc	1 85 19                         @ ../../CCC_common/Library/StdDriver/src/gpio.c:85:19
	str	r0, [r1, #24]
	.loc	1 88 20 is_stmt 1               @ ../../CCC_common/Library/StdDriver/src/gpio.c:88:20
	ldr	r0, [sp, #8]
	.loc	1 88 26 is_stmt 0               @ ../../CCC_common/Library/StdDriver/src/gpio.c:88:26
	ldr	r0, [r0, #28]
	.loc	1 88 52                         @ ../../CCC_common/Library/StdDriver/src/gpio.c:88:52
	ldr	r2, [sp, #4]
	ldr	r1, __arm_cp.1_0
	.loc	1 88 49                         @ ../../CCC_common/Library/StdDriver/src/gpio.c:88:49
	lsls	r1, r2
	.loc	1 88 32                         @ ../../CCC_common/Library/StdDriver/src/gpio.c:88:32
	bics	r0, r1
	.loc	1 88 65                         @ ../../CCC_common/Library/StdDriver/src/gpio.c:88:65
	ldr	r1, [sp]
	movs	r3, #255
	lsls	r3, r3, #24
	.loc	1 88 79                         @ ../../CCC_common/Library/StdDriver/src/gpio.c:88:79
	bics	r1, r3
	.loc	1 88 93                         @ ../../CCC_common/Library/StdDriver/src/gpio.c:88:93
	lsls	r1, r2
	.loc	1 88 61                         @ ../../CCC_common/Library/StdDriver/src/gpio.c:88:61
	orrs	r0, r1
	.loc	1 88 5                          @ ../../CCC_common/Library/StdDriver/src/gpio.c:88:5
	ldr	r1, [sp, #8]
	.loc	1 88 17                         @ ../../CCC_common/Library/StdDriver/src/gpio.c:88:17
	str	r0, [r1, #28]
	.loc	1 89 1 epilogue_begin is_stmt 1 @ ../../CCC_common/Library/StdDriver/src/gpio.c:89:1
	add	sp, #12
	bx	lr
.Ltmp11:
	.loc	1 0 1 is_stmt 0                 @ :0:1
.Ltmp12:
	.p2align	2
@ %bb.1:
__arm_cp.1_0:
	.long	65537                           @ 0x10001
.Lcpi_end0:
	.size	__arm_cp.1_0, .Lcpi_end0-__arm_cp.1_0
.Lfunc_end1:
	.size	GPIO_EnableInt, .Lfunc_end1-GPIO_EnableInt
	.cfi_endproc
	.cantunwind
	.fnend
                                        @ -- End function
	.section	.text.GPIO_DisableInt,"ax",%progbits
	.hidden	GPIO_DisableInt                 @ -- Begin function GPIO_DisableInt
	.globl	GPIO_DisableInt
	.p2align	2
	.type	GPIO_DisableInt,%function
	.code	16                              @ @GPIO_DisableInt
	.thumb_func
GPIO_DisableInt:
.Lfunc_begin2:
	.loc	1 110 0 is_stmt 1               @ ../../CCC_common/Library/StdDriver/src/gpio.c:110:0
	.fnstart
	.cfi_startproc
@ %bb.0:
	.pad	#8
	sub	sp, #8
	.cfi_def_cfa_offset 8
	str	r0, [sp, #4]
	str	r1, [sp]
.Ltmp13:
	.loc	1 112 31 prologue_end           @ ../../CCC_common/Library/StdDriver/src/gpio.c:112:31
	ldr	r0, [sp]
	movs	r2, #1
	.loc	1 112 28 is_stmt 0              @ ../../CCC_common/Library/StdDriver/src/gpio.c:112:28
	lsls	r2, r0
	.loc	1 112 5                         @ ../../CCC_common/Library/StdDriver/src/gpio.c:112:5
	ldr	r1, [sp, #4]
	.loc	1 112 19                        @ ../../CCC_common/Library/StdDriver/src/gpio.c:112:19
	ldr	r0, [r1, #24]
	bics	r0, r2
	str	r0, [r1, #24]
	.loc	1 115 40 is_stmt 1              @ ../../CCC_common/Library/StdDriver/src/gpio.c:115:40
	ldr	r0, [sp]
	ldr	r2, __arm_cp.2_0
	.loc	1 115 37 is_stmt 0              @ ../../CCC_common/Library/StdDriver/src/gpio.c:115:37
	lsls	r2, r0
	.loc	1 115 5                         @ ../../CCC_common/Library/StdDriver/src/gpio.c:115:5
	ldr	r1, [sp, #4]
	.loc	1 115 17                        @ ../../CCC_common/Library/StdDriver/src/gpio.c:115:17
	ldr	r0, [r1, #28]
	bics	r0, r2
	str	r0, [r1, #28]
	.loc	1 116 1 epilogue_begin is_stmt 1 @ ../../CCC_common/Library/StdDriver/src/gpio.c:116:1
	add	sp, #8
	bx	lr
.Ltmp14:
	.loc	1 0 1 is_stmt 0                 @ :0:1
.Ltmp15:
	.p2align	2
@ %bb.1:
__arm_cp.2_0:
	.long	65537                           @ 0x10001
.Lcpi_end1:
	.size	__arm_cp.2_0, .Lcpi_end1-__arm_cp.2_0
.Lfunc_end2:
	.size	GPIO_DisableInt, .Lfunc_end2-GPIO_DisableInt
	.cfi_endproc
	.cantunwind
	.fnend
                                        @ -- End function
	.section	.text.GPIO_SetSlewCtl,"ax",%progbits
	.hidden	GPIO_SetSlewCtl                 @ -- Begin function GPIO_SetSlewCtl
	.globl	GPIO_SetSlewCtl
	.p2align	1
	.type	GPIO_SetSlewCtl,%function
	.code	16                              @ @GPIO_SetSlewCtl
	.thumb_func
GPIO_SetSlewCtl:
.Lfunc_begin3:
	.loc	1 140 0 is_stmt 1               @ ../../CCC_common/Library/StdDriver/src/gpio.c:140:0
	.fnstart
	.cfi_startproc
@ %bb.0:
	.pad	#16
	sub	sp, #16
	.cfi_def_cfa_offset 16
	str	r0, [sp, #12]
	str	r1, [sp, #8]
	str	r2, [sp, #4]
	movs	r0, #0
.Ltmp16:
	.loc	1 143 16 prologue_end           @ ../../CCC_common/Library/StdDriver/src/gpio.c:143:16
	str	r0, [sp]
	.loc	1 143 9 is_stmt 0               @ ../../CCC_common/Library/StdDriver/src/gpio.c:143:9
	b	.LBB3_1
.LBB3_1:                                @ =>This Inner Loop Header: Depth=1
.Ltmp17:
	.loc	1 143 23                        @ ../../CCC_common/Library/StdDriver/src/gpio.c:143:23
	ldr	r0, [sp]
.Ltmp18:
	.loc	1 143 5                         @ ../../CCC_common/Library/StdDriver/src/gpio.c:143:5
	cmp	r0, #15
	bhi	.LBB3_6
	b	.LBB3_2
.LBB3_2:                                @   in Loop: Header=BB3_1 Depth=1
.Ltmp19:
	.loc	1 145 12 is_stmt 1              @ ../../CCC_common/Library/StdDriver/src/gpio.c:145:12
	ldr	r0, [sp, #8]
	.loc	1 145 33 is_stmt 0              @ ../../CCC_common/Library/StdDriver/src/gpio.c:145:33
	ldr	r1, [sp]
.Ltmp20:
	.loc	1 145 12                        @ ../../CCC_common/Library/StdDriver/src/gpio.c:145:12
	lsrs	r0, r1
	lsls	r0, r0, #31
	cbz	r0, .LBB3_4
	b	.LBB3_3
.LBB3_3:                                @   in Loop: Header=BB3_1 Depth=1
.Ltmp21:
	.loc	1 147 30 is_stmt 1              @ ../../CCC_common/Library/StdDriver/src/gpio.c:147:30
	ldr	r0, [sp, #12]
	.loc	1 147 36 is_stmt 0              @ ../../CCC_common/Library/StdDriver/src/gpio.c:147:36
	ldr	r0, [r0, #40]
	.loc	1 147 58                        @ ../../CCC_common/Library/StdDriver/src/gpio.c:147:58
	ldr	r1, [sp]
	.loc	1 147 65                        @ ../../CCC_common/Library/StdDriver/src/gpio.c:147:65
	lsls	r2, r1, #1
	movs	r1, #3
	.loc	1 147 54                        @ ../../CCC_common/Library/StdDriver/src/gpio.c:147:54
	lsls	r1, r2
	.loc	1 147 44                        @ ../../CCC_common/Library/StdDriver/src/gpio.c:147:44
	bics	r0, r1
	.loc	1 147 76                        @ ../../CCC_common/Library/StdDriver/src/gpio.c:147:76
	ldr	r1, [sp, #4]
	.loc	1 147 84                        @ ../../CCC_common/Library/StdDriver/src/gpio.c:147:84
	lsls	r1, r2
	.loc	1 147 73                        @ ../../CCC_common/Library/StdDriver/src/gpio.c:147:73
	orrs	r0, r1
	.loc	1 147 13                        @ ../../CCC_common/Library/StdDriver/src/gpio.c:147:13
	ldr	r1, [sp, #12]
	.loc	1 147 27                        @ ../../CCC_common/Library/StdDriver/src/gpio.c:147:27
	str	r0, [r1, #40]
	.loc	1 148 9 is_stmt 1               @ ../../CCC_common/Library/StdDriver/src/gpio.c:148:9
	b	.LBB3_4
.Ltmp22:
.LBB3_4:                                @   in Loop: Header=BB3_1 Depth=1
	.loc	1 149 5                         @ ../../CCC_common/Library/StdDriver/src/gpio.c:149:5
	b	.LBB3_5
.Ltmp23:
.LBB3_5:                                @   in Loop: Header=BB3_1 Depth=1
	.loc	1 143 52                        @ ../../CCC_common/Library/StdDriver/src/gpio.c:143:52
	ldr	r0, [sp]
	adds	r0, r0, #1
	str	r0, [sp]
	.loc	1 143 5 is_stmt 0               @ ../../CCC_common/Library/StdDriver/src/gpio.c:143:5
	b	.LBB3_1
.Ltmp24:
.LBB3_6:
	.loc	1 150 1 epilogue_begin is_stmt 1 @ ../../CCC_common/Library/StdDriver/src/gpio.c:150:1
	add	sp, #16
	bx	lr
.Ltmp25:
.Lfunc_end3:
	.size	GPIO_SetSlewCtl, .Lfunc_end3-GPIO_SetSlewCtl
	.cfi_endproc
	.cantunwind
	.fnend
                                        @ -- End function
	.section	.text.GPIO_SetPullCtl,"ax",%progbits
	.hidden	GPIO_SetPullCtl                 @ -- Begin function GPIO_SetPullCtl
	.globl	GPIO_SetPullCtl
	.p2align	1
	.type	GPIO_SetPullCtl,%function
	.code	16                              @ @GPIO_SetPullCtl
	.thumb_func
GPIO_SetPullCtl:
.Lfunc_begin4:
	.loc	1 174 0                         @ ../../CCC_common/Library/StdDriver/src/gpio.c:174:0
	.fnstart
	.cfi_startproc
@ %bb.0:
	.pad	#16
	sub	sp, #16
	.cfi_def_cfa_offset 16
	str	r0, [sp, #12]
	str	r1, [sp, #8]
	str	r2, [sp, #4]
	movs	r0, #0
.Ltmp26:
	.loc	1 177 16 prologue_end           @ ../../CCC_common/Library/StdDriver/src/gpio.c:177:16
	str	r0, [sp]
	.loc	1 177 9 is_stmt 0               @ ../../CCC_common/Library/StdDriver/src/gpio.c:177:9
	b	.LBB4_1
.LBB4_1:                                @ =>This Inner Loop Header: Depth=1
.Ltmp27:
	.loc	1 177 23                        @ ../../CCC_common/Library/StdDriver/src/gpio.c:177:23
	ldr	r0, [sp]
.Ltmp28:
	.loc	1 177 5                         @ ../../CCC_common/Library/StdDriver/src/gpio.c:177:5
	cmp	r0, #15
	bhi	.LBB4_6
	b	.LBB4_2
.LBB4_2:                                @   in Loop: Header=BB4_1 Depth=1
.Ltmp29:
	.loc	1 179 12 is_stmt 1              @ ../../CCC_common/Library/StdDriver/src/gpio.c:179:12
	ldr	r0, [sp, #8]
	.loc	1 179 33 is_stmt 0              @ ../../CCC_common/Library/StdDriver/src/gpio.c:179:33
	ldr	r1, [sp]
.Ltmp30:
	.loc	1 179 12                        @ ../../CCC_common/Library/StdDriver/src/gpio.c:179:12
	lsrs	r0, r1
	lsls	r0, r0, #31
	cbz	r0, .LBB4_4
	b	.LBB4_3
.LBB4_3:                                @   in Loop: Header=BB4_1 Depth=1
.Ltmp31:
	.loc	1 181 28 is_stmt 1              @ ../../CCC_common/Library/StdDriver/src/gpio.c:181:28
	ldr	r0, [sp, #12]
	.loc	1 181 34 is_stmt 0              @ ../../CCC_common/Library/StdDriver/src/gpio.c:181:34
	ldr	r0, [r0, #48]
	.loc	1 181 54                        @ ../../CCC_common/Library/StdDriver/src/gpio.c:181:54
	ldr	r1, [sp]
	.loc	1 181 61                        @ ../../CCC_common/Library/StdDriver/src/gpio.c:181:61
	lsls	r2, r1, #1
	movs	r1, #3
	.loc	1 181 50                        @ ../../CCC_common/Library/StdDriver/src/gpio.c:181:50
	lsls	r1, r2
	.loc	1 181 40                        @ ../../CCC_common/Library/StdDriver/src/gpio.c:181:40
	bics	r0, r1
	.loc	1 181 72                        @ ../../CCC_common/Library/StdDriver/src/gpio.c:181:72
	ldr	r1, [sp, #4]
	.loc	1 181 80                        @ ../../CCC_common/Library/StdDriver/src/gpio.c:181:80
	lsls	r1, r2
	.loc	1 181 69                        @ ../../CCC_common/Library/StdDriver/src/gpio.c:181:69
	orrs	r0, r1
	.loc	1 181 13                        @ ../../CCC_common/Library/StdDriver/src/gpio.c:181:13
	ldr	r1, [sp, #12]
	.loc	1 181 25                        @ ../../CCC_common/Library/StdDriver/src/gpio.c:181:25
	str	r0, [r1, #48]
	.loc	1 182 9 is_stmt 1               @ ../../CCC_common/Library/StdDriver/src/gpio.c:182:9
	b	.LBB4_4
.Ltmp32:
.LBB4_4:                                @   in Loop: Header=BB4_1 Depth=1
	.loc	1 183 5                         @ ../../CCC_common/Library/StdDriver/src/gpio.c:183:5
	b	.LBB4_5
.Ltmp33:
.LBB4_5:                                @   in Loop: Header=BB4_1 Depth=1
	.loc	1 177 52                        @ ../../CCC_common/Library/StdDriver/src/gpio.c:177:52
	ldr	r0, [sp]
	adds	r0, r0, #1
	str	r0, [sp]
	.loc	1 177 5 is_stmt 0               @ ../../CCC_common/Library/StdDriver/src/gpio.c:177:5
	b	.LBB4_1
.Ltmp34:
.LBB4_6:
	.loc	1 184 1 epilogue_begin is_stmt 1 @ ../../CCC_common/Library/StdDriver/src/gpio.c:184:1
	add	sp, #16
	bx	lr
.Ltmp35:
.Lfunc_end4:
	.size	GPIO_SetPullCtl, .Lfunc_end4-GPIO_SetPullCtl
	.cfi_endproc
	.cantunwind
	.fnend
                                        @ -- End function
	.file	2 "C:\\Users\\Anaya\\AppData\\Local\\Keil_v5\\ARM\\ARMCLANG\\bin\\..\\include" "stdint.h"
	.file	3 "D:\\work\\dheeraj\\local\\CEL\\CCC\\CCC_CPU123\\Code" "../../CCC_common/Library/Device/Nuvoton/M261/Include\\gpio_reg.h"
	.section	.debug_abbrev,"",%progbits
	.byte	1                               @ Abbreviation Code
	.byte	17                              @ DW_TAG_compile_unit
	.byte	1                               @ DW_CHILDREN_yes
	.byte	37                              @ DW_AT_producer
	.byte	14                              @ DW_FORM_strp
	.byte	19                              @ DW_AT_language
	.byte	5                               @ DW_FORM_data2
	.byte	3                               @ DW_AT_name
	.byte	14                              @ DW_FORM_strp
	.byte	16                              @ DW_AT_stmt_list
	.byte	23                              @ DW_FORM_sec_offset
	.byte	27                              @ DW_AT_comp_dir
	.byte	14                              @ DW_FORM_strp
	.byte	17                              @ DW_AT_low_pc
	.byte	1                               @ DW_FORM_addr
	.byte	85                              @ DW_AT_ranges
	.byte	23                              @ DW_FORM_sec_offset
	.byte	0                               @ EOM(1)
	.byte	0                               @ EOM(2)
	.byte	2                               @ Abbreviation Code
	.byte	46                              @ DW_TAG_subprogram
	.byte	1                               @ DW_CHILDREN_yes
	.byte	17                              @ DW_AT_low_pc
	.byte	1                               @ DW_FORM_addr
	.byte	18                              @ DW_AT_high_pc
	.byte	6                               @ DW_FORM_data4
	.byte	64                              @ DW_AT_frame_base
	.byte	24                              @ DW_FORM_exprloc
	.byte	3                               @ DW_AT_name
	.byte	14                              @ DW_FORM_strp
	.byte	58                              @ DW_AT_decl_file
	.byte	11                              @ DW_FORM_data1
	.byte	59                              @ DW_AT_decl_line
	.byte	11                              @ DW_FORM_data1
	.byte	39                              @ DW_AT_prototyped
	.byte	25                              @ DW_FORM_flag_present
	.byte	63                              @ DW_AT_external
	.byte	25                              @ DW_FORM_flag_present
	.byte	0                               @ EOM(1)
	.byte	0                               @ EOM(2)
	.byte	3                               @ Abbreviation Code
	.byte	5                               @ DW_TAG_formal_parameter
	.byte	0                               @ DW_CHILDREN_no
	.byte	2                               @ DW_AT_location
	.byte	24                              @ DW_FORM_exprloc
	.byte	3                               @ DW_AT_name
	.byte	14                              @ DW_FORM_strp
	.byte	58                              @ DW_AT_decl_file
	.byte	11                              @ DW_FORM_data1
	.byte	59                              @ DW_AT_decl_line
	.byte	11                              @ DW_FORM_data1
	.byte	73                              @ DW_AT_type
	.byte	19                              @ DW_FORM_ref4
	.byte	0                               @ EOM(1)
	.byte	0                               @ EOM(2)
	.byte	4                               @ Abbreviation Code
	.byte	52                              @ DW_TAG_variable
	.byte	0                               @ DW_CHILDREN_no
	.byte	2                               @ DW_AT_location
	.byte	24                              @ DW_FORM_exprloc
	.byte	3                               @ DW_AT_name
	.byte	14                              @ DW_FORM_strp
	.byte	58                              @ DW_AT_decl_file
	.byte	11                              @ DW_FORM_data1
	.byte	59                              @ DW_AT_decl_line
	.byte	11                              @ DW_FORM_data1
	.byte	73                              @ DW_AT_type
	.byte	19                              @ DW_FORM_ref4
	.byte	0                               @ EOM(1)
	.byte	0                               @ EOM(2)
	.byte	5                               @ Abbreviation Code
	.byte	15                              @ DW_TAG_pointer_type
	.byte	0                               @ DW_CHILDREN_no
	.byte	73                              @ DW_AT_type
	.byte	19                              @ DW_FORM_ref4
	.byte	0                               @ EOM(1)
	.byte	0                               @ EOM(2)
	.byte	6                               @ Abbreviation Code
	.byte	22                              @ DW_TAG_typedef
	.byte	0                               @ DW_CHILDREN_no
	.byte	73                              @ DW_AT_type
	.byte	19                              @ DW_FORM_ref4
	.byte	3                               @ DW_AT_name
	.byte	14                              @ DW_FORM_strp
	.byte	58                              @ DW_AT_decl_file
	.byte	11                              @ DW_FORM_data1
	.byte	59                              @ DW_AT_decl_line
	.byte	5                               @ DW_FORM_data2
	.byte	0                               @ EOM(1)
	.byte	0                               @ EOM(2)
	.byte	7                               @ Abbreviation Code
	.byte	19                              @ DW_TAG_structure_type
	.byte	1                               @ DW_CHILDREN_yes
	.byte	11                              @ DW_AT_byte_size
	.byte	11                              @ DW_FORM_data1
	.byte	58                              @ DW_AT_decl_file
	.byte	11                              @ DW_FORM_data1
	.byte	59                              @ DW_AT_decl_line
	.byte	11                              @ DW_FORM_data1
	.byte	0                               @ EOM(1)
	.byte	0                               @ EOM(2)
	.byte	8                               @ Abbreviation Code
	.byte	13                              @ DW_TAG_member
	.byte	0                               @ DW_CHILDREN_no
	.byte	3                               @ DW_AT_name
	.byte	14                              @ DW_FORM_strp
	.byte	73                              @ DW_AT_type
	.byte	19                              @ DW_FORM_ref4
	.byte	58                              @ DW_AT_decl_file
	.byte	11                              @ DW_FORM_data1
	.byte	59                              @ DW_AT_decl_line
	.byte	5                               @ DW_FORM_data2
	.byte	56                              @ DW_AT_data_member_location
	.byte	11                              @ DW_FORM_data1
	.byte	0                               @ EOM(1)
	.byte	0                               @ EOM(2)
	.byte	9                               @ Abbreviation Code
	.byte	53                              @ DW_TAG_volatile_type
	.byte	0                               @ DW_CHILDREN_no
	.byte	73                              @ DW_AT_type
	.byte	19                              @ DW_FORM_ref4
	.byte	0                               @ EOM(1)
	.byte	0                               @ EOM(2)
	.byte	10                              @ Abbreviation Code
	.byte	22                              @ DW_TAG_typedef
	.byte	0                               @ DW_CHILDREN_no
	.byte	73                              @ DW_AT_type
	.byte	19                              @ DW_FORM_ref4
	.byte	3                               @ DW_AT_name
	.byte	14                              @ DW_FORM_strp
	.byte	58                              @ DW_AT_decl_file
	.byte	11                              @ DW_FORM_data1
	.byte	59                              @ DW_AT_decl_line
	.byte	11                              @ DW_FORM_data1
	.byte	0                               @ EOM(1)
	.byte	0                               @ EOM(2)
	.byte	11                              @ Abbreviation Code
	.byte	36                              @ DW_TAG_base_type
	.byte	0                               @ DW_CHILDREN_no
	.byte	3                               @ DW_AT_name
	.byte	14                              @ DW_FORM_strp
	.byte	62                              @ DW_AT_encoding
	.byte	11                              @ DW_FORM_data1
	.byte	11                              @ DW_AT_byte_size
	.byte	11                              @ DW_FORM_data1
	.byte	0                               @ EOM(1)
	.byte	0                               @ EOM(2)
	.byte	12                              @ Abbreviation Code
	.byte	38                              @ DW_TAG_const_type
	.byte	0                               @ DW_CHILDREN_no
	.byte	73                              @ DW_AT_type
	.byte	19                              @ DW_FORM_ref4
	.byte	0                               @ EOM(1)
	.byte	0                               @ EOM(2)
	.byte	13                              @ Abbreviation Code
	.byte	1                               @ DW_TAG_array_type
	.byte	1                               @ DW_CHILDREN_yes
	.byte	73                              @ DW_AT_type
	.byte	19                              @ DW_FORM_ref4
	.byte	0                               @ EOM(1)
	.byte	0                               @ EOM(2)
	.byte	14                              @ Abbreviation Code
	.byte	33                              @ DW_TAG_subrange_type
	.byte	0                               @ DW_CHILDREN_no
	.byte	73                              @ DW_AT_type
	.byte	19                              @ DW_FORM_ref4
	.byte	55                              @ DW_AT_count
	.byte	11                              @ DW_FORM_data1
	.byte	0                               @ EOM(1)
	.byte	0                               @ EOM(2)
	.byte	15                              @ Abbreviation Code
	.byte	36                              @ DW_TAG_base_type
	.byte	0                               @ DW_CHILDREN_no
	.byte	3                               @ DW_AT_name
	.byte	14                              @ DW_FORM_strp
	.byte	11                              @ DW_AT_byte_size
	.byte	11                              @ DW_FORM_data1
	.byte	62                              @ DW_AT_encoding
	.byte	11                              @ DW_FORM_data1
	.byte	0                               @ EOM(1)
	.byte	0                               @ EOM(2)
	.byte	0                               @ EOM(3)
	.section	.debug_info,"",%progbits
.Lcu_begin0:
	.long	.Ldebug_info_end0-.Ldebug_info_start0 @ Length of Unit
.Ldebug_info_start0:
	.short	4                               @ DWARF version number
	.long	.debug_abbrev                   @ Offset Into Abbrev. Section
	.byte	4                               @ Address Size (in bytes)
	.byte	1                               @ Abbrev [1] 0xb:0x25f DW_TAG_compile_unit
	.long	.Linfo_string0                  @ DW_AT_producer
	.short	29                              @ DW_AT_language
	.long	.Linfo_string1                  @ DW_AT_name
	.long	.Lline_table_start0             @ DW_AT_stmt_list
	.long	.Linfo_string2                  @ DW_AT_comp_dir
	.long	0                               @ DW_AT_low_pc
	.long	.Ldebug_ranges0                 @ DW_AT_ranges
	.byte	2                               @ Abbrev [2] 0x26:0x4a DW_TAG_subprogram
	.long	.Lfunc_begin0                   @ DW_AT_low_pc
	.long	.Lfunc_end0-.Lfunc_begin0       @ DW_AT_high_pc
	.byte	1                               @ DW_AT_frame_base
	.byte	93
	.long	.Linfo_string3                  @ DW_AT_name
	.byte	1                               @ DW_AT_decl_file
	.byte	47                              @ DW_AT_decl_line
                                        @ DW_AT_prototyped
                                        @ DW_AT_external
	.byte	3                               @ Abbrev [3] 0x37:0xe DW_TAG_formal_parameter
	.byte	2                               @ DW_AT_location
	.byte	145
	.byte	12
	.long	.Linfo_string8                  @ DW_AT_name
	.byte	1                               @ DW_AT_decl_file
	.byte	47                              @ DW_AT_decl_line
	.long	366                             @ DW_AT_type
	.byte	3                               @ Abbrev [3] 0x45:0xe DW_TAG_formal_parameter
	.byte	2                               @ DW_AT_location
	.byte	145
	.byte	8
	.long	.Linfo_string27                 @ DW_AT_name
	.byte	1                               @ DW_AT_decl_file
	.byte	47                              @ DW_AT_decl_line
	.long	575                             @ DW_AT_type
	.byte	3                               @ Abbrev [3] 0x53:0xe DW_TAG_formal_parameter
	.byte	2                               @ DW_AT_location
	.byte	145
	.byte	4
	.long	.Linfo_string28                 @ DW_AT_name
	.byte	1                               @ DW_AT_decl_file
	.byte	47                              @ DW_AT_decl_line
	.long	575                             @ DW_AT_type
	.byte	4                               @ Abbrev [4] 0x61:0xe DW_TAG_variable
	.byte	2                               @ DW_AT_location
	.byte	145
	.byte	0
	.long	.Linfo_string29                 @ DW_AT_name
	.byte	1                               @ DW_AT_decl_file
	.byte	49                              @ DW_AT_decl_line
	.long	575                             @ DW_AT_type
	.byte	0                               @ End Of Children Mark
	.byte	2                               @ Abbrev [2] 0x70:0x3c DW_TAG_subprogram
	.long	.Lfunc_begin1                   @ DW_AT_low_pc
	.long	.Lfunc_end1-.Lfunc_begin1       @ DW_AT_high_pc
	.byte	1                               @ DW_AT_frame_base
	.byte	93
	.long	.Linfo_string4                  @ DW_AT_name
	.byte	1                               @ DW_AT_decl_file
	.byte	82                              @ DW_AT_decl_line
                                        @ DW_AT_prototyped
                                        @ DW_AT_external
	.byte	3                               @ Abbrev [3] 0x81:0xe DW_TAG_formal_parameter
	.byte	2                               @ DW_AT_location
	.byte	145
	.byte	8
	.long	.Linfo_string8                  @ DW_AT_name
	.byte	1                               @ DW_AT_decl_file
	.byte	82                              @ DW_AT_decl_line
	.long	366                             @ DW_AT_type
	.byte	3                               @ Abbrev [3] 0x8f:0xe DW_TAG_formal_parameter
	.byte	2                               @ DW_AT_location
	.byte	145
	.byte	4
	.long	.Linfo_string30                 @ DW_AT_name
	.byte	1                               @ DW_AT_decl_file
	.byte	82                              @ DW_AT_decl_line
	.long	575                             @ DW_AT_type
	.byte	3                               @ Abbrev [3] 0x9d:0xe DW_TAG_formal_parameter
	.byte	2                               @ DW_AT_location
	.byte	145
	.byte	0
	.long	.Linfo_string31                 @ DW_AT_name
	.byte	1                               @ DW_AT_decl_file
	.byte	82                              @ DW_AT_decl_line
	.long	575                             @ DW_AT_type
	.byte	0                               @ End Of Children Mark
	.byte	2                               @ Abbrev [2] 0xac:0x2e DW_TAG_subprogram
	.long	.Lfunc_begin2                   @ DW_AT_low_pc
	.long	.Lfunc_end2-.Lfunc_begin2       @ DW_AT_high_pc
	.byte	1                               @ DW_AT_frame_base
	.byte	93
	.long	.Linfo_string5                  @ DW_AT_name
	.byte	1                               @ DW_AT_decl_file
	.byte	109                             @ DW_AT_decl_line
                                        @ DW_AT_prototyped
                                        @ DW_AT_external
	.byte	3                               @ Abbrev [3] 0xbd:0xe DW_TAG_formal_parameter
	.byte	2                               @ DW_AT_location
	.byte	145
	.byte	4
	.long	.Linfo_string8                  @ DW_AT_name
	.byte	1                               @ DW_AT_decl_file
	.byte	109                             @ DW_AT_decl_line
	.long	366                             @ DW_AT_type
	.byte	3                               @ Abbrev [3] 0xcb:0xe DW_TAG_formal_parameter
	.byte	2                               @ DW_AT_location
	.byte	145
	.byte	0
	.long	.Linfo_string30                 @ DW_AT_name
	.byte	1                               @ DW_AT_decl_file
	.byte	109                             @ DW_AT_decl_line
	.long	575                             @ DW_AT_type
	.byte	0                               @ End Of Children Mark
	.byte	2                               @ Abbrev [2] 0xda:0x4a DW_TAG_subprogram
	.long	.Lfunc_begin3                   @ DW_AT_low_pc
	.long	.Lfunc_end3-.Lfunc_begin3       @ DW_AT_high_pc
	.byte	1                               @ DW_AT_frame_base
	.byte	93
	.long	.Linfo_string6                  @ DW_AT_name
	.byte	1                               @ DW_AT_decl_file
	.byte	139                             @ DW_AT_decl_line
                                        @ DW_AT_prototyped
                                        @ DW_AT_external
	.byte	3                               @ Abbrev [3] 0xeb:0xe DW_TAG_formal_parameter
	.byte	2                               @ DW_AT_location
	.byte	145
	.byte	12
	.long	.Linfo_string8                  @ DW_AT_name
	.byte	1                               @ DW_AT_decl_file
	.byte	139                             @ DW_AT_decl_line
	.long	366                             @ DW_AT_type
	.byte	3                               @ Abbrev [3] 0xf9:0xe DW_TAG_formal_parameter
	.byte	2                               @ DW_AT_location
	.byte	145
	.byte	8
	.long	.Linfo_string27                 @ DW_AT_name
	.byte	1                               @ DW_AT_decl_file
	.byte	139                             @ DW_AT_decl_line
	.long	575                             @ DW_AT_type
	.byte	3                               @ Abbrev [3] 0x107:0xe DW_TAG_formal_parameter
	.byte	2                               @ DW_AT_location
	.byte	145
	.byte	4
	.long	.Linfo_string28                 @ DW_AT_name
	.byte	1                               @ DW_AT_decl_file
	.byte	139                             @ DW_AT_decl_line
	.long	575                             @ DW_AT_type
	.byte	4                               @ Abbrev [4] 0x115:0xe DW_TAG_variable
	.byte	2                               @ DW_AT_location
	.byte	145
	.byte	0
	.long	.Linfo_string29                 @ DW_AT_name
	.byte	1                               @ DW_AT_decl_file
	.byte	141                             @ DW_AT_decl_line
	.long	575                             @ DW_AT_type
	.byte	0                               @ End Of Children Mark
	.byte	2                               @ Abbrev [2] 0x124:0x4a DW_TAG_subprogram
	.long	.Lfunc_begin4                   @ DW_AT_low_pc
	.long	.Lfunc_end4-.Lfunc_begin4       @ DW_AT_high_pc
	.byte	1                               @ DW_AT_frame_base
	.byte	93
	.long	.Linfo_string7                  @ DW_AT_name
	.byte	1                               @ DW_AT_decl_file
	.byte	173                             @ DW_AT_decl_line
                                        @ DW_AT_prototyped
                                        @ DW_AT_external
	.byte	3                               @ Abbrev [3] 0x135:0xe DW_TAG_formal_parameter
	.byte	2                               @ DW_AT_location
	.byte	145
	.byte	12
	.long	.Linfo_string8                  @ DW_AT_name
	.byte	1                               @ DW_AT_decl_file
	.byte	173                             @ DW_AT_decl_line
	.long	366                             @ DW_AT_type
	.byte	3                               @ Abbrev [3] 0x143:0xe DW_TAG_formal_parameter
	.byte	2                               @ DW_AT_location
	.byte	145
	.byte	8
	.long	.Linfo_string27                 @ DW_AT_name
	.byte	1                               @ DW_AT_decl_file
	.byte	173                             @ DW_AT_decl_line
	.long	575                             @ DW_AT_type
	.byte	3                               @ Abbrev [3] 0x151:0xe DW_TAG_formal_parameter
	.byte	2                               @ DW_AT_location
	.byte	145
	.byte	4
	.long	.Linfo_string28                 @ DW_AT_name
	.byte	1                               @ DW_AT_decl_file
	.byte	173                             @ DW_AT_decl_line
	.long	575                             @ DW_AT_type
	.byte	4                               @ Abbrev [4] 0x15f:0xe DW_TAG_variable
	.byte	2                               @ DW_AT_location
	.byte	145
	.byte	0
	.long	.Linfo_string29                 @ DW_AT_name
	.byte	1                               @ DW_AT_decl_file
	.byte	175                             @ DW_AT_decl_line
	.long	575                             @ DW_AT_type
	.byte	0                               @ End Of Children Mark
	.byte	5                               @ Abbrev [5] 0x16e:0x5 DW_TAG_pointer_type
	.long	371                             @ DW_AT_type
	.byte	6                               @ Abbrev [6] 0x173:0xc DW_TAG_typedef
	.long	383                             @ DW_AT_type
	.long	.Linfo_string26                 @ DW_AT_name
	.byte	3                               @ DW_AT_decl_file
	.short	316                             @ DW_AT_decl_line
	.byte	7                               @ Abbrev [7] 0x17f:0xbb DW_TAG_structure_type
	.byte	56                              @ DW_AT_byte_size
	.byte	3                               @ DW_AT_decl_file
	.byte	25                              @ DW_AT_decl_line
	.byte	8                               @ Abbrev [8] 0x183:0xd DW_TAG_member
	.long	.Linfo_string9                  @ DW_AT_name
	.long	570                             @ DW_AT_type
	.byte	3                               @ DW_AT_decl_file
	.short	301                             @ DW_AT_decl_line
	.byte	0                               @ DW_AT_data_member_location
	.byte	8                               @ Abbrev [8] 0x190:0xd DW_TAG_member
	.long	.Linfo_string12                 @ DW_AT_name
	.long	570                             @ DW_AT_type
	.byte	3                               @ DW_AT_decl_file
	.short	302                             @ DW_AT_decl_line
	.byte	4                               @ DW_AT_data_member_location
	.byte	8                               @ Abbrev [8] 0x19d:0xd DW_TAG_member
	.long	.Linfo_string13                 @ DW_AT_name
	.long	570                             @ DW_AT_type
	.byte	3                               @ DW_AT_decl_file
	.short	303                             @ DW_AT_decl_line
	.byte	8                               @ DW_AT_data_member_location
	.byte	8                               @ Abbrev [8] 0x1aa:0xd DW_TAG_member
	.long	.Linfo_string14                 @ DW_AT_name
	.long	570                             @ DW_AT_type
	.byte	3                               @ DW_AT_decl_file
	.short	304                             @ DW_AT_decl_line
	.byte	12                              @ DW_AT_data_member_location
	.byte	8                               @ Abbrev [8] 0x1b7:0xd DW_TAG_member
	.long	.Linfo_string15                 @ DW_AT_name
	.long	593                             @ DW_AT_type
	.byte	3                               @ DW_AT_decl_file
	.short	305                             @ DW_AT_decl_line
	.byte	16                              @ DW_AT_data_member_location
	.byte	8                               @ Abbrev [8] 0x1c4:0xd DW_TAG_member
	.long	.Linfo_string16                 @ DW_AT_name
	.long	570                             @ DW_AT_type
	.byte	3                               @ DW_AT_decl_file
	.short	306                             @ DW_AT_decl_line
	.byte	20                              @ DW_AT_data_member_location
	.byte	8                               @ Abbrev [8] 0x1d1:0xd DW_TAG_member
	.long	.Linfo_string17                 @ DW_AT_name
	.long	570                             @ DW_AT_type
	.byte	3                               @ DW_AT_decl_file
	.short	307                             @ DW_AT_decl_line
	.byte	24                              @ DW_AT_data_member_location
	.byte	8                               @ Abbrev [8] 0x1de:0xd DW_TAG_member
	.long	.Linfo_string18                 @ DW_AT_name
	.long	570                             @ DW_AT_type
	.byte	3                               @ DW_AT_decl_file
	.short	308                             @ DW_AT_decl_line
	.byte	28                              @ DW_AT_data_member_location
	.byte	8                               @ Abbrev [8] 0x1eb:0xd DW_TAG_member
	.long	.Linfo_string19                 @ DW_AT_name
	.long	570                             @ DW_AT_type
	.byte	3                               @ DW_AT_decl_file
	.short	309                             @ DW_AT_decl_line
	.byte	32                              @ DW_AT_data_member_location
	.byte	8                               @ Abbrev [8] 0x1f8:0xd DW_TAG_member
	.long	.Linfo_string20                 @ DW_AT_name
	.long	570                             @ DW_AT_type
	.byte	3                               @ DW_AT_decl_file
	.short	310                             @ DW_AT_decl_line
	.byte	36                              @ DW_AT_data_member_location
	.byte	8                               @ Abbrev [8] 0x205:0xd DW_TAG_member
	.long	.Linfo_string21                 @ DW_AT_name
	.long	570                             @ DW_AT_type
	.byte	3                               @ DW_AT_decl_file
	.short	311                             @ DW_AT_decl_line
	.byte	40                              @ DW_AT_data_member_location
	.byte	8                               @ Abbrev [8] 0x212:0xd DW_TAG_member
	.long	.Linfo_string22                 @ DW_AT_name
	.long	598                             @ DW_AT_type
	.byte	3                               @ DW_AT_decl_file
	.short	312                             @ DW_AT_decl_line
	.byte	44                              @ DW_AT_data_member_location
	.byte	8                               @ Abbrev [8] 0x21f:0xd DW_TAG_member
	.long	.Linfo_string24                 @ DW_AT_name
	.long	570                             @ DW_AT_type
	.byte	3                               @ DW_AT_decl_file
	.short	313                             @ DW_AT_decl_line
	.byte	48                              @ DW_AT_data_member_location
	.byte	8                               @ Abbrev [8] 0x22c:0xd DW_TAG_member
	.long	.Linfo_string25                 @ DW_AT_name
	.long	570                             @ DW_AT_type
	.byte	3                               @ DW_AT_decl_file
	.short	314                             @ DW_AT_decl_line
	.byte	52                              @ DW_AT_data_member_location
	.byte	0                               @ End Of Children Mark
	.byte	9                               @ Abbrev [9] 0x23a:0x5 DW_TAG_volatile_type
	.long	575                             @ DW_AT_type
	.byte	10                              @ Abbrev [10] 0x23f:0xb DW_TAG_typedef
	.long	586                             @ DW_AT_type
	.long	.Linfo_string11                 @ DW_AT_name
	.byte	2                               @ DW_AT_decl_file
	.byte	64                              @ DW_AT_decl_line
	.byte	11                              @ Abbrev [11] 0x24a:0x7 DW_TAG_base_type
	.long	.Linfo_string10                 @ DW_AT_name
	.byte	7                               @ DW_AT_encoding
	.byte	4                               @ DW_AT_byte_size
	.byte	12                              @ Abbrev [12] 0x251:0x5 DW_TAG_const_type
	.long	570                             @ DW_AT_type
	.byte	13                              @ Abbrev [13] 0x256:0xc DW_TAG_array_type
	.long	593                             @ DW_AT_type
	.byte	14                              @ Abbrev [14] 0x25b:0x6 DW_TAG_subrange_type
	.long	610                             @ DW_AT_type
	.byte	1                               @ DW_AT_count
	.byte	0                               @ End Of Children Mark
	.byte	15                              @ Abbrev [15] 0x262:0x7 DW_TAG_base_type
	.long	.Linfo_string23                 @ DW_AT_name
	.byte	8                               @ DW_AT_byte_size
	.byte	7                               @ DW_AT_encoding
	.byte	0                               @ End Of Children Mark
.Ldebug_info_end0:
	.section	.debug_ranges,"",%progbits
.Ldebug_ranges0:
	.long	.Lfunc_begin0
	.long	.Lfunc_end0
	.long	.Lfunc_begin1
	.long	.Lfunc_end1
	.long	.Lfunc_begin2
	.long	.Lfunc_end2
	.long	.Lfunc_begin3
	.long	.Lfunc_end3
	.long	.Lfunc_begin4
	.long	.Lfunc_end4
	.long	0
	.long	0
	.section	.debug_str,"MS",%progbits,1
.Linfo_string0:
	.asciz	"Component: Arm Compiler for Embedded 6.24 Tool: armclang [5f371800]" @ string offset=0
.Linfo_string1:
	.asciz	"../../CCC_common/Library/StdDriver/src\\gpio.c" @ string offset=68
.Linfo_string2:
	.asciz	"D:\\work\\dheeraj\\local\\CEL\\CCC\\CCC_CPU123\\Code" @ string offset=114
.Linfo_string3:
	.asciz	"GPIO_SetMode"                  @ string offset=160
.Linfo_string4:
	.asciz	"GPIO_EnableInt"                @ string offset=173
.Linfo_string5:
	.asciz	"GPIO_DisableInt"               @ string offset=188
.Linfo_string6:
	.asciz	"GPIO_SetSlewCtl"               @ string offset=204
.Linfo_string7:
	.asciz	"GPIO_SetPullCtl"               @ string offset=220
.Linfo_string8:
	.asciz	"port"                          @ string offset=236
.Linfo_string9:
	.asciz	"MODE"                          @ string offset=241
.Linfo_string10:
	.asciz	"unsigned int"                  @ string offset=246
.Linfo_string11:
	.asciz	"uint32_t"                      @ string offset=259
.Linfo_string12:
	.asciz	"DINOFF"                        @ string offset=268
.Linfo_string13:
	.asciz	"DOUT"                          @ string offset=275
.Linfo_string14:
	.asciz	"DATMSK"                        @ string offset=280
.Linfo_string15:
	.asciz	"PIN"                           @ string offset=287
.Linfo_string16:
	.asciz	"DBEN"                          @ string offset=291
.Linfo_string17:
	.asciz	"INTTYPE"                       @ string offset=296
.Linfo_string18:
	.asciz	"INTEN"                         @ string offset=304
.Linfo_string19:
	.asciz	"INTSRC"                        @ string offset=310
.Linfo_string20:
	.asciz	"SMTEN"                         @ string offset=317
.Linfo_string21:
	.asciz	"SLEWCTL"                       @ string offset=323
.Linfo_string22:
	.asciz	"RESERVE0"                      @ string offset=331
.Linfo_string23:
	.asciz	"__ARRAY_SIZE_TYPE__"           @ string offset=340
.Linfo_string24:
	.asciz	"PUSEL"                         @ string offset=360
.Linfo_string25:
	.asciz	"DBCTL"                         @ string offset=366
.Linfo_string26:
	.asciz	"GPIO_T"                        @ string offset=372
.Linfo_string27:
	.asciz	"u32PinMask"                    @ string offset=379
.Linfo_string28:
	.asciz	"u32Mode"                       @ string offset=390
.Linfo_string29:
	.asciz	"u32Idx"                        @ string offset=398
.Linfo_string30:
	.asciz	"u32Pin"                        @ string offset=405
.Linfo_string31:
	.asciz	"u32IntAttribs"                 @ string offset=412
	.ident	"Component: Arm Compiler for Embedded 6.24 Tool: armclang [5f371800]"
	.section	".note.GNU-stack","",%progbits
	.eabi_attribute	30, 6	@ Tag_ABI_optimization_goals
	.ARM_attribute	16, 1	@ Tag_AV_eba
	.section	.debug_line,"",%progbits
.Lline_table_start0:
