	.text
	.syntax unified
	.eabi_attribute	67, "2.09"	@ Tag_conformance
	.cpu	cortex-m23
	.eabi_attribute	6, 16	@ Tag_CPU_arch
	.eabi_attribute	7, 77	@ Tag_CPU_arch_profile
	.eabi_attribute	8, 0	@ Tag_ARM_ISA_use
	.eabi_attribute	9, 3	@ Tag_THUMB_ISA_use
	.eabi_attribute	34, 0	@ Tag_CPU_unaligned_access
	.eabi_attribute	17, 1	@ Tag_ABI_PCS_GOT_use
	.eabi_attribute	20, 2	@ Tag_ABI_FP_denormal
	.eabi_attribute	21, 0	@ Tag_ABI_FP_exceptions
	.eabi_attribute	23, 1	@ Tag_ABI_FP_number_model
	.eabi_attribute	24, 1	@ Tag_ABI_align_needed
	.eabi_attribute	25, 1	@ Tag_ABI_align_preserved
	.eabi_attribute	38, 1	@ Tag_ABI_FP_16bit_format
	.eabi_attribute	18, 4	@ Tag_ABI_PCS_wchar_t
	.eabi_attribute	26, 2	@ Tag_ABI_enum_size
	.eabi_attribute	14, 0	@ Tag_ABI_PCS_R9_use
	.file	"main.c"
	.file	1 "C:\\Users\\Anaya\\AppData\\Local\\Keil_v5\\ARM\\ARMCLANG\\bin\\..\\include" "stdint.h"
	.file	2 "D:\\work\\dheeraj\\local\\CEL\\CCC\\CCC_CPU123\\Code" "../../CCC_common/Library/Device/Nuvoton/M261/Include\\sys_reg.h"
	.section	.text.main,"ax",%progbits
	.hidden	main                            @ -- Begin function main
	.globl	main
	.p2align	1
	.type	main,%function
	.code	16                              @ @main
	.thumb_func
main:
.Lfunc_begin0:
	.file	3 "D:\\work\\dheeraj\\local\\CEL\\CCC\\CCC_CPU123\\Code" "source/main.c"
	.loc	3 56 0                          @ source/main.c:56:0
	.fnstart
	.cfi_sections .debug_frame
	.cfi_startproc
@ %bb.0:
	.save	{r7, lr}
	push	{r7, lr}
	.cfi_def_cfa_offset 8
	.cfi_offset lr, -4
	.cfi_offset r7, -8
	.pad	#8
	sub	sp, #8
	.cfi_def_cfa_offset 16
	movs	r0, #0
	str	r0, [sp, #4]
.Ltmp0:
	.loc	3 59 2 prologue_end             @ source/main.c:59:2
	bl	SYS_UnlockReg
	.loc	3 60 2                          @ source/main.c:60:2
	bl	bsp_ctor
	.loc	3 64 2                          @ source/main.c:64:2
	b	.LBB0_1
.LBB0_1:                                @ =>This Inner Loop Header: Depth=1
.Ltmp1:
	.loc	3 65 3                          @ source/main.c:65:3
	bl	cpu_sm
.Ltmp2:
	.loc	3 64 2                          @ source/main.c:64:2
	b	.LBB0_1
.Ltmp3:
.Lfunc_end0:
	.size	main, .Lfunc_end0-main
	.cfi_endproc
	.cantunwind
	.fnend
                                        @ -- End function
	.section	.text.SYS_UnlockReg,"ax",%progbits
	.p2align	2                               @ -- Begin function SYS_UnlockReg
	.type	SYS_UnlockReg,%function
	.code	16                              @ @SYS_UnlockReg
	.thumb_func
SYS_UnlockReg:
.Lfunc_begin1:
	.file	4 "D:\\work\\dheeraj\\local\\CEL\\CCC\\CCC_CPU123\\Code" "../../CCC_common/Library/StdDriver/inc\\sys.h"
	.loc	4 3837 0                        @ ../../CCC_common/Library/StdDriver/inc\sys.h:3837:0
	.fnstart
	.cfi_startproc
@ %bb.0:
	.pad	#4
	sub	sp, #4
	.cfi_def_cfa_offset 4
	ldr	r0, __arm_cp.1_0
.Ltmp4:
	.loc	4 3838 14 prologue_end          @ ../../CCC_common/Library/StdDriver/inc\sys.h:3838:14
	str	r0, [sp]
	.loc	4 3840 5                        @ ../../CCC_common/Library/StdDriver/inc\sys.h:3840:5
	b	.LBB1_1
.LBB1_1:                                @ =>This Inner Loop Header: Depth=1
	.loc	4 0 5 is_stmt 0                 @ ../../CCC_common/Library/StdDriver/inc\sys.h:0:5
	ldr	r1, __arm_cp.1_1
	movs	r0, #89
.Ltmp5:
	.loc	4 3842 22 is_stmt 1             @ ../../CCC_common/Library/StdDriver/inc\sys.h:3842:22
	str	r0, [r1]
	movs	r0, #22
	.loc	4 3843 22                       @ ../../CCC_common/Library/StdDriver/inc\sys.h:3843:22
	str	r0, [r1]
	movs	r0, #136
	.loc	4 3844 22                       @ ../../CCC_common/Library/StdDriver/inc\sys.h:3844:22
	str	r0, [r1]
.Ltmp6:
	.loc	4 3846 12                       @ ../../CCC_common/Library/StdDriver/inc\sys.h:3846:12
	ldr	r0, [sp]
	subs	r0, r0, #1
	str	r0, [sp]
.Ltmp7:
	.loc	4 3846 12 is_stmt 0             @ ../../CCC_common/Library/StdDriver/inc\sys.h:3846:12
	cbnz	r0, .LBB1_3
	b	.LBB1_2
.LBB1_2:
.Ltmp8:
	.loc	4 3846 36                       @ ../../CCC_common/Library/StdDriver/inc\sys.h:3846:36
	b	.LBB1_5
.Ltmp9:
.LBB1_3:                                @   in Loop: Header=BB1_1 Depth=1
	.loc	4 3847 5 is_stmt 1              @ ../../CCC_common/Library/StdDriver/inc\sys.h:3847:5
	b	.LBB1_4
.Ltmp10:
.LBB1_4:                                @   in Loop: Header=BB1_1 Depth=1
	.loc	4 0 5 is_stmt 0                 @ ../../CCC_common/Library/StdDriver/inc\sys.h:0:5
	ldr	r0, __arm_cp.1_1
	.loc	4 3848 16 is_stmt 1             @ ../../CCC_common/Library/StdDriver/inc\sys.h:3848:16
	ldr	r0, [r0]
.Ltmp11:
	.loc	4 3847 5                        @ ../../CCC_common/Library/StdDriver/inc\sys.h:3847:5
	cmp	r0, #0
	beq	.LBB1_1
	b	.LBB1_5
.Ltmp12:
.LBB1_5:
	.loc	4 3849 1 epilogue_begin         @ ../../CCC_common/Library/StdDriver/inc\sys.h:3849:1
	add	sp, #4
	bx	lr
.Ltmp13:
	.loc	4 0 1 is_stmt 0                 @ :0:1
.Ltmp14:
	.p2align	2
@ %bb.6:
__arm_cp.1_0:
	.long	12000000                        @ 0xb71b00
.Lcpi_end0:
	.size	__arm_cp.1_0, .Lcpi_end0-__arm_cp.1_0
__arm_cp.1_1:
	.long	1073742080                      @ 0x40000100
.Lcpi_end1:
	.size	__arm_cp.1_1, .Lcpi_end1-__arm_cp.1_1
.Lfunc_end1:
	.size	SYS_UnlockReg, .Lfunc_end1-SYS_UnlockReg
	.cfi_endproc
	.cantunwind
	.fnend
                                        @ -- End function
	.type	__ARM_use_no_argv,%object       @ @__ARM_use_no_argv
	.section	.ARM.use_no_argv,"awR",%progbits,unique,1
	.globl	__ARM_use_no_argv
	.p2align	2, 0x0
__ARM_use_no_argv:
	.long	1                               @ 0x1
	.size	__ARM_use_no_argv, 4

	.section	.debug_abbrev,"",%progbits
	.byte	1                               @ Abbreviation Code
	.byte	17                              @ DW_TAG_compile_unit
	.byte	1                               @ DW_CHILDREN_yes
	.byte	37                              @ DW_AT_producer
	.byte	14                              @ DW_FORM_strp
	.byte	19                              @ DW_AT_language
	.byte	5                               @ DW_FORM_data2
	.byte	3                               @ DW_AT_name
	.byte	14                              @ DW_FORM_strp
	.byte	16                              @ DW_AT_stmt_list
	.byte	23                              @ DW_FORM_sec_offset
	.byte	27                              @ DW_AT_comp_dir
	.byte	14                              @ DW_FORM_strp
	.byte	17                              @ DW_AT_low_pc
	.byte	1                               @ DW_FORM_addr
	.byte	85                              @ DW_AT_ranges
	.byte	23                              @ DW_FORM_sec_offset
	.byte	0                               @ EOM(1)
	.byte	0                               @ EOM(2)
	.byte	2                               @ Abbreviation Code
	.byte	15                              @ DW_TAG_pointer_type
	.byte	0                               @ DW_CHILDREN_no
	.byte	73                              @ DW_AT_type
	.byte	19                              @ DW_FORM_ref4
	.byte	0                               @ EOM(1)
	.byte	0                               @ EOM(2)
	.byte	3                               @ Abbreviation Code
	.byte	22                              @ DW_TAG_typedef
	.byte	0                               @ DW_CHILDREN_no
	.byte	73                              @ DW_AT_type
	.byte	19                              @ DW_FORM_ref4
	.byte	3                               @ DW_AT_name
	.byte	14                              @ DW_FORM_strp
	.byte	58                              @ DW_AT_decl_file
	.byte	11                              @ DW_FORM_data1
	.byte	59                              @ DW_AT_decl_line
	.byte	5                               @ DW_FORM_data2
	.byte	0                               @ EOM(1)
	.byte	0                               @ EOM(2)
	.byte	4                               @ Abbreviation Code
	.byte	19                              @ DW_TAG_structure_type
	.byte	1                               @ DW_CHILDREN_yes
	.byte	11                              @ DW_AT_byte_size
	.byte	5                               @ DW_FORM_data2
	.byte	58                              @ DW_AT_decl_file
	.byte	11                              @ DW_FORM_data1
	.byte	59                              @ DW_AT_decl_line
	.byte	11                              @ DW_FORM_data1
	.byte	0                               @ EOM(1)
	.byte	0                               @ EOM(2)
	.byte	5                               @ Abbreviation Code
	.byte	13                              @ DW_TAG_member
	.byte	0                               @ DW_CHILDREN_no
	.byte	3                               @ DW_AT_name
	.byte	14                              @ DW_FORM_strp
	.byte	73                              @ DW_AT_type
	.byte	19                              @ DW_FORM_ref4
	.byte	58                              @ DW_AT_decl_file
	.byte	11                              @ DW_FORM_data1
	.byte	59                              @ DW_AT_decl_line
	.byte	5                               @ DW_FORM_data2
	.byte	56                              @ DW_AT_data_member_location
	.byte	11                              @ DW_FORM_data1
	.byte	0                               @ EOM(1)
	.byte	0                               @ EOM(2)
	.byte	6                               @ Abbreviation Code
	.byte	13                              @ DW_TAG_member
	.byte	0                               @ DW_CHILDREN_no
	.byte	3                               @ DW_AT_name
	.byte	14                              @ DW_FORM_strp
	.byte	73                              @ DW_AT_type
	.byte	19                              @ DW_FORM_ref4
	.byte	58                              @ DW_AT_decl_file
	.byte	11                              @ DW_FORM_data1
	.byte	59                              @ DW_AT_decl_line
	.byte	5                               @ DW_FORM_data2
	.byte	56                              @ DW_AT_data_member_location
	.byte	5                               @ DW_FORM_data2
	.byte	0                               @ EOM(1)
	.byte	0                               @ EOM(2)
	.byte	7                               @ Abbreviation Code
	.byte	38                              @ DW_TAG_const_type
	.byte	0                               @ DW_CHILDREN_no
	.byte	73                              @ DW_AT_type
	.byte	19                              @ DW_FORM_ref4
	.byte	0                               @ EOM(1)
	.byte	0                               @ EOM(2)
	.byte	8                               @ Abbreviation Code
	.byte	53                              @ DW_TAG_volatile_type
	.byte	0                               @ DW_CHILDREN_no
	.byte	73                              @ DW_AT_type
	.byte	19                              @ DW_FORM_ref4
	.byte	0                               @ EOM(1)
	.byte	0                               @ EOM(2)
	.byte	9                               @ Abbreviation Code
	.byte	22                              @ DW_TAG_typedef
	.byte	0                               @ DW_CHILDREN_no
	.byte	73                              @ DW_AT_type
	.byte	19                              @ DW_FORM_ref4
	.byte	3                               @ DW_AT_name
	.byte	14                              @ DW_FORM_strp
	.byte	58                              @ DW_AT_decl_file
	.byte	11                              @ DW_FORM_data1
	.byte	59                              @ DW_AT_decl_line
	.byte	11                              @ DW_FORM_data1
	.byte	0                               @ EOM(1)
	.byte	0                               @ EOM(2)
	.byte	10                              @ Abbreviation Code
	.byte	36                              @ DW_TAG_base_type
	.byte	0                               @ DW_CHILDREN_no
	.byte	3                               @ DW_AT_name
	.byte	14                              @ DW_FORM_strp
	.byte	62                              @ DW_AT_encoding
	.byte	11                              @ DW_FORM_data1
	.byte	11                              @ DW_AT_byte_size
	.byte	11                              @ DW_FORM_data1
	.byte	0                               @ EOM(1)
	.byte	0                               @ EOM(2)
	.byte	11                              @ Abbreviation Code
	.byte	1                               @ DW_TAG_array_type
	.byte	1                               @ DW_CHILDREN_yes
	.byte	73                              @ DW_AT_type
	.byte	19                              @ DW_FORM_ref4
	.byte	0                               @ EOM(1)
	.byte	0                               @ EOM(2)
	.byte	12                              @ Abbreviation Code
	.byte	33                              @ DW_TAG_subrange_type
	.byte	0                               @ DW_CHILDREN_no
	.byte	73                              @ DW_AT_type
	.byte	19                              @ DW_FORM_ref4
	.byte	55                              @ DW_AT_count
	.byte	11                              @ DW_FORM_data1
	.byte	0                               @ EOM(1)
	.byte	0                               @ EOM(2)
	.byte	13                              @ Abbreviation Code
	.byte	36                              @ DW_TAG_base_type
	.byte	0                               @ DW_CHILDREN_no
	.byte	3                               @ DW_AT_name
	.byte	14                              @ DW_FORM_strp
	.byte	11                              @ DW_AT_byte_size
	.byte	11                              @ DW_FORM_data1
	.byte	62                              @ DW_AT_encoding
	.byte	11                              @ DW_FORM_data1
	.byte	0                               @ EOM(1)
	.byte	0                               @ EOM(2)
	.byte	14                              @ Abbreviation Code
	.byte	46                              @ DW_TAG_subprogram
	.byte	0                               @ DW_CHILDREN_no
	.byte	17                              @ DW_AT_low_pc
	.byte	1                               @ DW_FORM_addr
	.byte	18                              @ DW_AT_high_pc
	.byte	6                               @ DW_FORM_data4
	.byte	64                              @ DW_AT_frame_base
	.byte	24                              @ DW_FORM_exprloc
	.byte	3                               @ DW_AT_name
	.byte	14                              @ DW_FORM_strp
	.byte	58                              @ DW_AT_decl_file
	.byte	11                              @ DW_FORM_data1
	.byte	59                              @ DW_AT_decl_line
	.byte	11                              @ DW_FORM_data1
	.byte	39                              @ DW_AT_prototyped
	.byte	25                              @ DW_FORM_flag_present
	.byte	73                              @ DW_AT_type
	.byte	19                              @ DW_FORM_ref4
	.byte	63                              @ DW_AT_external
	.byte	25                              @ DW_FORM_flag_present
	.byte	0                               @ EOM(1)
	.byte	0                               @ EOM(2)
	.byte	15                              @ Abbreviation Code
	.byte	46                              @ DW_TAG_subprogram
	.byte	1                               @ DW_CHILDREN_yes
	.byte	17                              @ DW_AT_low_pc
	.byte	1                               @ DW_FORM_addr
	.byte	18                              @ DW_AT_high_pc
	.byte	6                               @ DW_FORM_data4
	.byte	64                              @ DW_AT_frame_base
	.byte	24                              @ DW_FORM_exprloc
	.byte	3                               @ DW_AT_name
	.byte	14                              @ DW_FORM_strp
	.byte	58                              @ DW_AT_decl_file
	.byte	11                              @ DW_FORM_data1
	.byte	59                              @ DW_AT_decl_line
	.byte	5                               @ DW_FORM_data2
	.byte	39                              @ DW_AT_prototyped
	.byte	25                              @ DW_FORM_flag_present
	.byte	0                               @ EOM(1)
	.byte	0                               @ EOM(2)
	.byte	16                              @ Abbreviation Code
	.byte	52                              @ DW_TAG_variable
	.byte	0                               @ DW_CHILDREN_no
	.byte	2                               @ DW_AT_location
	.byte	24                              @ DW_FORM_exprloc
	.byte	3                               @ DW_AT_name
	.byte	14                              @ DW_FORM_strp
	.byte	58                              @ DW_AT_decl_file
	.byte	11                              @ DW_FORM_data1
	.byte	59                              @ DW_AT_decl_line
	.byte	5                               @ DW_FORM_data2
	.byte	73                              @ DW_AT_type
	.byte	19                              @ DW_FORM_ref4
	.byte	0                               @ EOM(1)
	.byte	0                               @ EOM(2)
	.byte	0                               @ EOM(3)
	.section	.debug_info,"",%progbits
.Lcu_begin0:
	.long	.Ldebug_info_end0-.Ldebug_info_start0 @ Length of Unit
.Ldebug_info_start0:
	.short	4                               @ DWARF version number
	.long	.debug_abbrev                   @ Offset Into Abbrev. Section
	.byte	4                               @ Address Size (in bytes)
	.byte	1                               @ Abbrev [1] 0xb:0x3fa DW_TAG_compile_unit
	.long	.Linfo_string0                  @ DW_AT_producer
	.short	29                              @ DW_AT_language
	.long	.Linfo_string1                  @ DW_AT_name
	.long	.Lline_table_start0             @ DW_AT_stmt_list
	.long	.Linfo_string2                  @ DW_AT_comp_dir
	.long	0                               @ DW_AT_low_pc
	.long	.Ldebug_ranges0                 @ DW_AT_ranges
	.byte	2                               @ Abbrev [2] 0x26:0x5 DW_TAG_pointer_type
	.long	43                              @ DW_AT_type
	.byte	3                               @ Abbrev [3] 0x2b:0xc DW_TAG_typedef
	.long	55                              @ DW_AT_type
	.long	.Linfo_string65                 @ DW_AT_name
	.byte	2                               @ DW_AT_decl_file
	.short	1083                            @ DW_AT_decl_line
	.byte	4                               @ Abbrev [4] 0x37:0x30d DW_TAG_structure_type
	.short	1028                            @ DW_AT_byte_size
	.byte	2                               @ DW_AT_decl_file
	.byte	25                              @ DW_AT_decl_line
	.byte	5                               @ Abbrev [5] 0x3c:0xd DW_TAG_member
	.long	.Linfo_string3                  @ DW_AT_name
	.long	836                             @ DW_AT_type
	.byte	2                               @ DW_AT_decl_file
	.short	1022                            @ DW_AT_decl_line
	.byte	0                               @ DW_AT_data_member_location
	.byte	5                               @ Abbrev [5] 0x49:0xd DW_TAG_member
	.long	.Linfo_string6                  @ DW_AT_name
	.long	841                             @ DW_AT_type
	.byte	2                               @ DW_AT_decl_file
	.short	1023                            @ DW_AT_decl_line
	.byte	4                               @ DW_AT_data_member_location
	.byte	5                               @ Abbrev [5] 0x56:0xd DW_TAG_member
	.long	.Linfo_string7                  @ DW_AT_name
	.long	841                             @ DW_AT_type
	.byte	2                               @ DW_AT_decl_file
	.short	1024                            @ DW_AT_decl_line
	.byte	8                               @ DW_AT_data_member_location
	.byte	5                               @ Abbrev [5] 0x63:0xd DW_TAG_member
	.long	.Linfo_string8                  @ DW_AT_name
	.long	841                             @ DW_AT_type
	.byte	2                               @ DW_AT_decl_file
	.short	1025                            @ DW_AT_decl_line
	.byte	12                              @ DW_AT_data_member_location
	.byte	5                               @ Abbrev [5] 0x70:0xd DW_TAG_member
	.long	.Linfo_string9                  @ DW_AT_name
	.long	841                             @ DW_AT_type
	.byte	2                               @ DW_AT_decl_file
	.short	1026                            @ DW_AT_decl_line
	.byte	16                              @ DW_AT_data_member_location
	.byte	5                               @ Abbrev [5] 0x7d:0xd DW_TAG_member
	.long	.Linfo_string10                 @ DW_AT_name
	.long	864                             @ DW_AT_type
	.byte	2                               @ DW_AT_decl_file
	.short	1027                            @ DW_AT_decl_line
	.byte	20                              @ DW_AT_data_member_location
	.byte	5                               @ Abbrev [5] 0x8a:0xd DW_TAG_member
	.long	.Linfo_string12                 @ DW_AT_name
	.long	841                             @ DW_AT_type
	.byte	2                               @ DW_AT_decl_file
	.short	1028                            @ DW_AT_decl_line
	.byte	24                              @ DW_AT_data_member_location
	.byte	5                               @ Abbrev [5] 0x97:0xd DW_TAG_member
	.long	.Linfo_string13                 @ DW_AT_name
	.long	841                             @ DW_AT_type
	.byte	2                               @ DW_AT_decl_file
	.short	1029                            @ DW_AT_decl_line
	.byte	28                              @ DW_AT_data_member_location
	.byte	5                               @ Abbrev [5] 0xa4:0xd DW_TAG_member
	.long	.Linfo_string14                 @ DW_AT_name
	.long	864                             @ DW_AT_type
	.byte	2                               @ DW_AT_decl_file
	.short	1030                            @ DW_AT_decl_line
	.byte	32                              @ DW_AT_data_member_location
	.byte	5                               @ Abbrev [5] 0xb1:0xd DW_TAG_member
	.long	.Linfo_string15                 @ DW_AT_name
	.long	841                             @ DW_AT_type
	.byte	2                               @ DW_AT_decl_file
	.short	1031                            @ DW_AT_decl_line
	.byte	36                              @ DW_AT_data_member_location
	.byte	5                               @ Abbrev [5] 0xbe:0xd DW_TAG_member
	.long	.Linfo_string16                 @ DW_AT_name
	.long	841                             @ DW_AT_type
	.byte	2                               @ DW_AT_decl_file
	.short	1032                            @ DW_AT_decl_line
	.byte	40                              @ DW_AT_data_member_location
	.byte	5                               @ Abbrev [5] 0xcb:0xd DW_TAG_member
	.long	.Linfo_string17                 @ DW_AT_name
	.long	841                             @ DW_AT_type
	.byte	2                               @ DW_AT_decl_file
	.short	1033                            @ DW_AT_decl_line
	.byte	44                              @ DW_AT_data_member_location
	.byte	5                               @ Abbrev [5] 0xd8:0xd DW_TAG_member
	.long	.Linfo_string18                 @ DW_AT_name
	.long	841                             @ DW_AT_type
	.byte	2                               @ DW_AT_decl_file
	.short	1034                            @ DW_AT_decl_line
	.byte	48                              @ DW_AT_data_member_location
	.byte	5                               @ Abbrev [5] 0xe5:0xd DW_TAG_member
	.long	.Linfo_string19                 @ DW_AT_name
	.long	841                             @ DW_AT_type
	.byte	2                               @ DW_AT_decl_file
	.short	1035                            @ DW_AT_decl_line
	.byte	52                              @ DW_AT_data_member_location
	.byte	5                               @ Abbrev [5] 0xf2:0xd DW_TAG_member
	.long	.Linfo_string20                 @ DW_AT_name
	.long	841                             @ DW_AT_type
	.byte	2                               @ DW_AT_decl_file
	.short	1036                            @ DW_AT_decl_line
	.byte	56                              @ DW_AT_data_member_location
	.byte	5                               @ Abbrev [5] 0xff:0xd DW_TAG_member
	.long	.Linfo_string21                 @ DW_AT_name
	.long	841                             @ DW_AT_type
	.byte	2                               @ DW_AT_decl_file
	.short	1037                            @ DW_AT_decl_line
	.byte	60                              @ DW_AT_data_member_location
	.byte	5                               @ Abbrev [5] 0x10c:0xd DW_TAG_member
	.long	.Linfo_string22                 @ DW_AT_name
	.long	841                             @ DW_AT_type
	.byte	2                               @ DW_AT_decl_file
	.short	1038                            @ DW_AT_decl_line
	.byte	64                              @ DW_AT_data_member_location
	.byte	5                               @ Abbrev [5] 0x119:0xd DW_TAG_member
	.long	.Linfo_string23                 @ DW_AT_name
	.long	841                             @ DW_AT_type
	.byte	2                               @ DW_AT_decl_file
	.short	1039                            @ DW_AT_decl_line
	.byte	68                              @ DW_AT_data_member_location
	.byte	5                               @ Abbrev [5] 0x126:0xd DW_TAG_member
	.long	.Linfo_string24                 @ DW_AT_name
	.long	841                             @ DW_AT_type
	.byte	2                               @ DW_AT_decl_file
	.short	1040                            @ DW_AT_decl_line
	.byte	72                              @ DW_AT_data_member_location
	.byte	5                               @ Abbrev [5] 0x133:0xd DW_TAG_member
	.long	.Linfo_string25                 @ DW_AT_name
	.long	841                             @ DW_AT_type
	.byte	2                               @ DW_AT_decl_file
	.short	1041                            @ DW_AT_decl_line
	.byte	76                              @ DW_AT_data_member_location
	.byte	5                               @ Abbrev [5] 0x140:0xd DW_TAG_member
	.long	.Linfo_string26                 @ DW_AT_name
	.long	841                             @ DW_AT_type
	.byte	2                               @ DW_AT_decl_file
	.short	1042                            @ DW_AT_decl_line
	.byte	80                              @ DW_AT_data_member_location
	.byte	5                               @ Abbrev [5] 0x14d:0xd DW_TAG_member
	.long	.Linfo_string27                 @ DW_AT_name
	.long	841                             @ DW_AT_type
	.byte	2                               @ DW_AT_decl_file
	.short	1043                            @ DW_AT_decl_line
	.byte	84                              @ DW_AT_data_member_location
	.byte	5                               @ Abbrev [5] 0x15a:0xd DW_TAG_member
	.long	.Linfo_string28                 @ DW_AT_name
	.long	841                             @ DW_AT_type
	.byte	2                               @ DW_AT_decl_file
	.short	1044                            @ DW_AT_decl_line
	.byte	88                              @ DW_AT_data_member_location
	.byte	5                               @ Abbrev [5] 0x167:0xd DW_TAG_member
	.long	.Linfo_string29                 @ DW_AT_name
	.long	841                             @ DW_AT_type
	.byte	2                               @ DW_AT_decl_file
	.short	1045                            @ DW_AT_decl_line
	.byte	92                              @ DW_AT_data_member_location
	.byte	5                               @ Abbrev [5] 0x174:0xd DW_TAG_member
	.long	.Linfo_string30                 @ DW_AT_name
	.long	841                             @ DW_AT_type
	.byte	2                               @ DW_AT_decl_file
	.short	1046                            @ DW_AT_decl_line
	.byte	96                              @ DW_AT_data_member_location
	.byte	5                               @ Abbrev [5] 0x181:0xd DW_TAG_member
	.long	.Linfo_string31                 @ DW_AT_name
	.long	841                             @ DW_AT_type
	.byte	2                               @ DW_AT_decl_file
	.short	1047                            @ DW_AT_decl_line
	.byte	100                             @ DW_AT_data_member_location
	.byte	5                               @ Abbrev [5] 0x18e:0xd DW_TAG_member
	.long	.Linfo_string32                 @ DW_AT_name
	.long	841                             @ DW_AT_type
	.byte	2                               @ DW_AT_decl_file
	.short	1048                            @ DW_AT_decl_line
	.byte	104                             @ DW_AT_data_member_location
	.byte	5                               @ Abbrev [5] 0x19b:0xd DW_TAG_member
	.long	.Linfo_string33                 @ DW_AT_name
	.long	841                             @ DW_AT_type
	.byte	2                               @ DW_AT_decl_file
	.short	1049                            @ DW_AT_decl_line
	.byte	108                             @ DW_AT_data_member_location
	.byte	5                               @ Abbrev [5] 0x1a8:0xd DW_TAG_member
	.long	.Linfo_string34                 @ DW_AT_name
	.long	883                             @ DW_AT_type
	.byte	2                               @ DW_AT_decl_file
	.short	1050                            @ DW_AT_decl_line
	.byte	112                             @ DW_AT_data_member_location
	.byte	5                               @ Abbrev [5] 0x1b5:0xd DW_TAG_member
	.long	.Linfo_string35                 @ DW_AT_name
	.long	841                             @ DW_AT_type
	.byte	2                               @ DW_AT_decl_file
	.short	1051                            @ DW_AT_decl_line
	.byte	128                             @ DW_AT_data_member_location
	.byte	5                               @ Abbrev [5] 0x1c2:0xd DW_TAG_member
	.long	.Linfo_string36                 @ DW_AT_name
	.long	841                             @ DW_AT_type
	.byte	2                               @ DW_AT_decl_file
	.short	1052                            @ DW_AT_decl_line
	.byte	132                             @ DW_AT_data_member_location
	.byte	5                               @ Abbrev [5] 0x1cf:0xd DW_TAG_member
	.long	.Linfo_string37                 @ DW_AT_name
	.long	841                             @ DW_AT_type
	.byte	2                               @ DW_AT_decl_file
	.short	1053                            @ DW_AT_decl_line
	.byte	136                             @ DW_AT_data_member_location
	.byte	5                               @ Abbrev [5] 0x1dc:0xd DW_TAG_member
	.long	.Linfo_string38                 @ DW_AT_name
	.long	841                             @ DW_AT_type
	.byte	2                               @ DW_AT_decl_file
	.short	1054                            @ DW_AT_decl_line
	.byte	140                             @ DW_AT_data_member_location
	.byte	5                               @ Abbrev [5] 0x1e9:0xd DW_TAG_member
	.long	.Linfo_string39                 @ DW_AT_name
	.long	841                             @ DW_AT_type
	.byte	2                               @ DW_AT_decl_file
	.short	1055                            @ DW_AT_decl_line
	.byte	144                             @ DW_AT_data_member_location
	.byte	5                               @ Abbrev [5] 0x1f6:0xd DW_TAG_member
	.long	.Linfo_string40                 @ DW_AT_name
	.long	841                             @ DW_AT_type
	.byte	2                               @ DW_AT_decl_file
	.short	1056                            @ DW_AT_decl_line
	.byte	148                             @ DW_AT_data_member_location
	.byte	5                               @ Abbrev [5] 0x203:0xd DW_TAG_member
	.long	.Linfo_string41                 @ DW_AT_name
	.long	841                             @ DW_AT_type
	.byte	2                               @ DW_AT_decl_file
	.short	1057                            @ DW_AT_decl_line
	.byte	152                             @ DW_AT_data_member_location
	.byte	5                               @ Abbrev [5] 0x210:0xd DW_TAG_member
	.long	.Linfo_string42                 @ DW_AT_name
	.long	841                             @ DW_AT_type
	.byte	2                               @ DW_AT_decl_file
	.short	1058                            @ DW_AT_decl_line
	.byte	156                             @ DW_AT_data_member_location
	.byte	5                               @ Abbrev [5] 0x21d:0xd DW_TAG_member
	.long	.Linfo_string43                 @ DW_AT_name
	.long	895                             @ DW_AT_type
	.byte	2                               @ DW_AT_decl_file
	.short	1059                            @ DW_AT_decl_line
	.byte	160                             @ DW_AT_data_member_location
	.byte	5                               @ Abbrev [5] 0x22a:0xd DW_TAG_member
	.long	.Linfo_string44                 @ DW_AT_name
	.long	841                             @ DW_AT_type
	.byte	2                               @ DW_AT_decl_file
	.short	1060                            @ DW_AT_decl_line
	.byte	192                             @ DW_AT_data_member_location
	.byte	5                               @ Abbrev [5] 0x237:0xd DW_TAG_member
	.long	.Linfo_string45                 @ DW_AT_name
	.long	841                             @ DW_AT_type
	.byte	2                               @ DW_AT_decl_file
	.short	1061                            @ DW_AT_decl_line
	.byte	196                             @ DW_AT_data_member_location
	.byte	5                               @ Abbrev [5] 0x244:0xd DW_TAG_member
	.long	.Linfo_string46                 @ DW_AT_name
	.long	841                             @ DW_AT_type
	.byte	2                               @ DW_AT_decl_file
	.short	1062                            @ DW_AT_decl_line
	.byte	200                             @ DW_AT_data_member_location
	.byte	5                               @ Abbrev [5] 0x251:0xd DW_TAG_member
	.long	.Linfo_string47                 @ DW_AT_name
	.long	907                             @ DW_AT_type
	.byte	2                               @ DW_AT_decl_file
	.short	1063                            @ DW_AT_decl_line
	.byte	204                             @ DW_AT_data_member_location
	.byte	5                               @ Abbrev [5] 0x25e:0xd DW_TAG_member
	.long	.Linfo_string48                 @ DW_AT_name
	.long	841                             @ DW_AT_type
	.byte	2                               @ DW_AT_decl_file
	.short	1064                            @ DW_AT_decl_line
	.byte	220                             @ DW_AT_data_member_location
	.byte	5                               @ Abbrev [5] 0x26b:0xd DW_TAG_member
	.long	.Linfo_string49                 @ DW_AT_name
	.long	841                             @ DW_AT_type
	.byte	2                               @ DW_AT_decl_file
	.short	1065                            @ DW_AT_decl_line
	.byte	224                             @ DW_AT_data_member_location
	.byte	5                               @ Abbrev [5] 0x278:0xd DW_TAG_member
	.long	.Linfo_string50                 @ DW_AT_name
	.long	841                             @ DW_AT_type
	.byte	2                               @ DW_AT_decl_file
	.short	1066                            @ DW_AT_decl_line
	.byte	228                             @ DW_AT_data_member_location
	.byte	5                               @ Abbrev [5] 0x285:0xd DW_TAG_member
	.long	.Linfo_string51                 @ DW_AT_name
	.long	841                             @ DW_AT_type
	.byte	2                               @ DW_AT_decl_file
	.short	1067                            @ DW_AT_decl_line
	.byte	232                             @ DW_AT_data_member_location
	.byte	5                               @ Abbrev [5] 0x292:0xd DW_TAG_member
	.long	.Linfo_string52                 @ DW_AT_name
	.long	841                             @ DW_AT_type
	.byte	2                               @ DW_AT_decl_file
	.short	1068                            @ DW_AT_decl_line
	.byte	236                             @ DW_AT_data_member_location
	.byte	5                               @ Abbrev [5] 0x29f:0xd DW_TAG_member
	.long	.Linfo_string53                 @ DW_AT_name
	.long	841                             @ DW_AT_type
	.byte	2                               @ DW_AT_decl_file
	.short	1069                            @ DW_AT_decl_line
	.byte	240                             @ DW_AT_data_member_location
	.byte	5                               @ Abbrev [5] 0x2ac:0xd DW_TAG_member
	.long	.Linfo_string54                 @ DW_AT_name
	.long	841                             @ DW_AT_type
	.byte	2                               @ DW_AT_decl_file
	.short	1070                            @ DW_AT_decl_line
	.byte	244                             @ DW_AT_data_member_location
	.byte	5                               @ Abbrev [5] 0x2b9:0xd DW_TAG_member
	.long	.Linfo_string55                 @ DW_AT_name
	.long	841                             @ DW_AT_type
	.byte	2                               @ DW_AT_decl_file
	.short	1071                            @ DW_AT_decl_line
	.byte	248                             @ DW_AT_data_member_location
	.byte	5                               @ Abbrev [5] 0x2c6:0xd DW_TAG_member
	.long	.Linfo_string56                 @ DW_AT_name
	.long	864                             @ DW_AT_type
	.byte	2                               @ DW_AT_decl_file
	.short	1072                            @ DW_AT_decl_line
	.byte	252                             @ DW_AT_data_member_location
	.byte	6                               @ Abbrev [6] 0x2d3:0xe DW_TAG_member
	.long	.Linfo_string57                 @ DW_AT_name
	.long	841                             @ DW_AT_type
	.byte	2                               @ DW_AT_decl_file
	.short	1073                            @ DW_AT_decl_line
	.short	256                             @ DW_AT_data_member_location
	.byte	6                               @ Abbrev [6] 0x2e1:0xe DW_TAG_member
	.long	.Linfo_string58                 @ DW_AT_name
	.long	919                             @ DW_AT_type
	.byte	2                               @ DW_AT_decl_file
	.short	1074                            @ DW_AT_decl_line
	.short	260                             @ DW_AT_data_member_location
	.byte	6                               @ Abbrev [6] 0x2ef:0xe DW_TAG_member
	.long	.Linfo_string59                 @ DW_AT_name
	.long	841                             @ DW_AT_type
	.byte	2                               @ DW_AT_decl_file
	.short	1075                            @ DW_AT_decl_line
	.short	492                             @ DW_AT_data_member_location
	.byte	6                               @ Abbrev [6] 0x2fd:0xe DW_TAG_member
	.long	.Linfo_string60                 @ DW_AT_name
	.long	931                             @ DW_AT_type
	.byte	2                               @ DW_AT_decl_file
	.short	1076                            @ DW_AT_decl_line
	.short	496                             @ DW_AT_data_member_location
	.byte	6                               @ Abbrev [6] 0x30b:0xe DW_TAG_member
	.long	.Linfo_string61                 @ DW_AT_name
	.long	841                             @ DW_AT_type
	.byte	2                               @ DW_AT_decl_file
	.short	1077                            @ DW_AT_decl_line
	.short	504                             @ DW_AT_data_member_location
	.byte	6                               @ Abbrev [6] 0x319:0xe DW_TAG_member
	.long	.Linfo_string62                 @ DW_AT_name
	.long	841                             @ DW_AT_type
	.byte	2                               @ DW_AT_decl_file
	.short	1078                            @ DW_AT_decl_line
	.short	508                             @ DW_AT_data_member_location
	.byte	6                               @ Abbrev [6] 0x327:0xe DW_TAG_member
	.long	.Linfo_string63                 @ DW_AT_name
	.long	943                             @ DW_AT_type
	.byte	2                               @ DW_AT_decl_file
	.short	1079                            @ DW_AT_decl_line
	.short	512                             @ DW_AT_data_member_location
	.byte	6                               @ Abbrev [6] 0x335:0xe DW_TAG_member
	.long	.Linfo_string64                 @ DW_AT_name
	.long	841                             @ DW_AT_type
	.byte	2                               @ DW_AT_decl_file
	.short	1080                            @ DW_AT_decl_line
	.short	1024                            @ DW_AT_data_member_location
	.byte	0                               @ End Of Children Mark
	.byte	7                               @ Abbrev [7] 0x344:0x5 DW_TAG_const_type
	.long	841                             @ DW_AT_type
	.byte	8                               @ Abbrev [8] 0x349:0x5 DW_TAG_volatile_type
	.long	846                             @ DW_AT_type
	.byte	9                               @ Abbrev [9] 0x34e:0xb DW_TAG_typedef
	.long	857                             @ DW_AT_type
	.long	.Linfo_string5                  @ DW_AT_name
	.byte	1                               @ DW_AT_decl_file
	.byte	64                              @ DW_AT_decl_line
	.byte	10                              @ Abbrev [10] 0x359:0x7 DW_TAG_base_type
	.long	.Linfo_string4                  @ DW_AT_name
	.byte	7                               @ DW_AT_encoding
	.byte	4                               @ DW_AT_byte_size
	.byte	11                              @ Abbrev [11] 0x360:0xc DW_TAG_array_type
	.long	836                             @ DW_AT_type
	.byte	12                              @ Abbrev [12] 0x365:0x6 DW_TAG_subrange_type
	.long	876                             @ DW_AT_type
	.byte	1                               @ DW_AT_count
	.byte	0                               @ End Of Children Mark
	.byte	13                              @ Abbrev [13] 0x36c:0x7 DW_TAG_base_type
	.long	.Linfo_string11                 @ DW_AT_name
	.byte	8                               @ DW_AT_byte_size
	.byte	7                               @ DW_AT_encoding
	.byte	11                              @ Abbrev [11] 0x373:0xc DW_TAG_array_type
	.long	836                             @ DW_AT_type
	.byte	12                              @ Abbrev [12] 0x378:0x6 DW_TAG_subrange_type
	.long	876                             @ DW_AT_type
	.byte	4                               @ DW_AT_count
	.byte	0                               @ End Of Children Mark
	.byte	11                              @ Abbrev [11] 0x37f:0xc DW_TAG_array_type
	.long	836                             @ DW_AT_type
	.byte	12                              @ Abbrev [12] 0x384:0x6 DW_TAG_subrange_type
	.long	876                             @ DW_AT_type
	.byte	8                               @ DW_AT_count
	.byte	0                               @ End Of Children Mark
	.byte	11                              @ Abbrev [11] 0x38b:0xc DW_TAG_array_type
	.long	841                             @ DW_AT_type
	.byte	12                              @ Abbrev [12] 0x390:0x6 DW_TAG_subrange_type
	.long	876                             @ DW_AT_type
	.byte	4                               @ DW_AT_count
	.byte	0                               @ End Of Children Mark
	.byte	11                              @ Abbrev [11] 0x397:0xc DW_TAG_array_type
	.long	836                             @ DW_AT_type
	.byte	12                              @ Abbrev [12] 0x39c:0x6 DW_TAG_subrange_type
	.long	876                             @ DW_AT_type
	.byte	58                              @ DW_AT_count
	.byte	0                               @ End Of Children Mark
	.byte	11                              @ Abbrev [11] 0x3a3:0xc DW_TAG_array_type
	.long	836                             @ DW_AT_type
	.byte	12                              @ Abbrev [12] 0x3a8:0x6 DW_TAG_subrange_type
	.long	876                             @ DW_AT_type
	.byte	2                               @ DW_AT_count
	.byte	0                               @ End Of Children Mark
	.byte	11                              @ Abbrev [11] 0x3af:0xc DW_TAG_array_type
	.long	836                             @ DW_AT_type
	.byte	12                              @ Abbrev [12] 0x3b4:0x6 DW_TAG_subrange_type
	.long	876                             @ DW_AT_type
	.byte	128                             @ DW_AT_count
	.byte	0                               @ End Of Children Mark
	.byte	14                              @ Abbrev [14] 0x3bb:0x15 DW_TAG_subprogram
	.long	.Lfunc_begin0                   @ DW_AT_low_pc
	.long	.Lfunc_end0-.Lfunc_begin0       @ DW_AT_high_pc
	.byte	1                               @ DW_AT_frame_base
	.byte	93
	.long	.Linfo_string66                 @ DW_AT_name
	.byte	3                               @ DW_AT_decl_file
	.byte	56                              @ DW_AT_decl_line
                                        @ DW_AT_prototyped
	.long	1010                            @ DW_AT_type
                                        @ DW_AT_external
	.byte	15                              @ Abbrev [15] 0x3d0:0x22 DW_TAG_subprogram
	.long	.Lfunc_begin1                   @ DW_AT_low_pc
	.long	.Lfunc_end1-.Lfunc_begin1       @ DW_AT_high_pc
	.byte	1                               @ DW_AT_frame_base
	.byte	93
	.long	.Linfo_string69                 @ DW_AT_name
	.byte	4                               @ DW_AT_decl_file
	.short	3836                            @ DW_AT_decl_line
                                        @ DW_AT_prototyped
	.byte	16                              @ Abbrev [16] 0x3e2:0xf DW_TAG_variable
	.byte	2                               @ DW_AT_location
	.byte	145
	.byte	0
	.long	.Linfo_string70                 @ DW_AT_name
	.byte	4                               @ DW_AT_decl_file
	.short	3838                            @ DW_AT_decl_line
	.long	846                             @ DW_AT_type
	.byte	0                               @ End Of Children Mark
	.byte	9                               @ Abbrev [9] 0x3f2:0xb DW_TAG_typedef
	.long	1021                            @ DW_AT_type
	.long	.Linfo_string68                 @ DW_AT_name
	.byte	1                               @ DW_AT_decl_file
	.byte	58                              @ DW_AT_decl_line
	.byte	10                              @ Abbrev [10] 0x3fd:0x7 DW_TAG_base_type
	.long	.Linfo_string67                 @ DW_AT_name
	.byte	5                               @ DW_AT_encoding
	.byte	4                               @ DW_AT_byte_size
	.byte	0                               @ End Of Children Mark
.Ldebug_info_end0:
	.section	.debug_ranges,"",%progbits
.Ldebug_ranges0:
	.long	.Lfunc_begin0
	.long	.Lfunc_end0
	.long	.Lfunc_begin1
	.long	.Lfunc_end1
	.long	0
	.long	0
	.section	.debug_str,"MS",%progbits,1
.Linfo_string0:
	.asciz	"Component: Arm Compiler for Embedded 6.24 Tool: armclang [5f371800]" @ string offset=0
.Linfo_string1:
	.asciz	"source\\main.c"                @ string offset=68
.Linfo_string2:
	.asciz	"D:\\work\\dheeraj\\local\\CEL\\CCC\\CCC_CPU123\\Code" @ string offset=82
.Linfo_string3:
	.asciz	"PDID"                          @ string offset=128
.Linfo_string4:
	.asciz	"unsigned int"                  @ string offset=133
.Linfo_string5:
	.asciz	"uint32_t"                      @ string offset=146
.Linfo_string6:
	.asciz	"RSTSTS"                        @ string offset=155
.Linfo_string7:
	.asciz	"IPRST0"                        @ string offset=162
.Linfo_string8:
	.asciz	"IPRST1"                        @ string offset=169
.Linfo_string9:
	.asciz	"IPRST2"                        @ string offset=176
.Linfo_string10:
	.asciz	"RESERVE0"                      @ string offset=183
.Linfo_string11:
	.asciz	"__ARRAY_SIZE_TYPE__"           @ string offset=192
.Linfo_string12:
	.asciz	"BODCTL"                        @ string offset=212
.Linfo_string13:
	.asciz	"IVSCTL"                        @ string offset=219
.Linfo_string14:
	.asciz	"RESERVE1"                      @ string offset=226
.Linfo_string15:
	.asciz	"PORCTL0"                       @ string offset=235
.Linfo_string16:
	.asciz	"VREFCTL"                       @ string offset=243
.Linfo_string17:
	.asciz	"USBPHY"                        @ string offset=251
.Linfo_string18:
	.asciz	"GPA_MFPL"                      @ string offset=258
.Linfo_string19:
	.asciz	"GPA_MFPH"                      @ string offset=267
.Linfo_string20:
	.asciz	"GPB_MFPL"                      @ string offset=276
.Linfo_string21:
	.asciz	"GPB_MFPH"                      @ string offset=285
.Linfo_string22:
	.asciz	"GPC_MFPL"                      @ string offset=294
.Linfo_string23:
	.asciz	"GPC_MFPH"                      @ string offset=303
.Linfo_string24:
	.asciz	"GPD_MFPL"                      @ string offset=312
.Linfo_string25:
	.asciz	"GPD_MFPH"                      @ string offset=321
.Linfo_string26:
	.asciz	"GPE_MFPL"                      @ string offset=330
.Linfo_string27:
	.asciz	"GPE_MFPH"                      @ string offset=339
.Linfo_string28:
	.asciz	"GPF_MFPL"                      @ string offset=348
.Linfo_string29:
	.asciz	"GPF_MFPH"                      @ string offset=357
.Linfo_string30:
	.asciz	"GPG_MFPL"                      @ string offset=366
.Linfo_string31:
	.asciz	"GPG_MFPH"                      @ string offset=375
.Linfo_string32:
	.asciz	"GPH_MFPL"                      @ string offset=384
.Linfo_string33:
	.asciz	"GPH_MFPH"                      @ string offset=393
.Linfo_string34:
	.asciz	"RESERVE2"                      @ string offset=402
.Linfo_string35:
	.asciz	"GPA_MFOS"                      @ string offset=411
.Linfo_string36:
	.asciz	"GPB_MFOS"                      @ string offset=420
.Linfo_string37:
	.asciz	"GPC_MFOS"                      @ string offset=429
.Linfo_string38:
	.asciz	"GPD_MFOS"                      @ string offset=438
.Linfo_string39:
	.asciz	"GPE_MFOS"                      @ string offset=447
.Linfo_string40:
	.asciz	"GPF_MFOS"                      @ string offset=456
.Linfo_string41:
	.asciz	"GPG_MFOS"                      @ string offset=465
.Linfo_string42:
	.asciz	"GPH_MFOS"                      @ string offset=474
.Linfo_string43:
	.asciz	"RESERVE3"                      @ string offset=483
.Linfo_string44:
	.asciz	"SRAMICTL"                      @ string offset=492
.Linfo_string45:
	.asciz	"SRAMSTS"                       @ string offset=501
.Linfo_string46:
	.asciz	"SRAMEADR"                      @ string offset=509
.Linfo_string47:
	.asciz	"RESERVE4"                      @ string offset=518
.Linfo_string48:
	.asciz	"SRAMPCTL"                      @ string offset=527
.Linfo_string49:
	.asciz	"SRAMPPCT"                      @ string offset=536
.Linfo_string50:
	.asciz	"TCTL48M"                       @ string offset=545
.Linfo_string51:
	.asciz	"TIEN48M"                       @ string offset=553
.Linfo_string52:
	.asciz	"TISTS48M"                      @ string offset=561
.Linfo_string53:
	.asciz	"TCTL12M"                       @ string offset=570
.Linfo_string54:
	.asciz	"TIEN12M"                       @ string offset=578
.Linfo_string55:
	.asciz	"TISTS12M"                      @ string offset=586
.Linfo_string56:
	.asciz	"RESERVE6"                      @ string offset=595
.Linfo_string57:
	.asciz	"REGLCTL"                       @ string offset=604
.Linfo_string58:
	.asciz	"RESERVE7"                      @ string offset=612
.Linfo_string59:
	.asciz	"PORCTL1"                       @ string offset=621
.Linfo_string60:
	.asciz	"RESERVE8"                      @ string offset=629
.Linfo_string61:
	.asciz	"PLCTL"                         @ string offset=638
.Linfo_string62:
	.asciz	"PLSTS"                         @ string offset=644
.Linfo_string63:
	.asciz	"RESERVE9"                      @ string offset=650
.Linfo_string64:
	.asciz	"AHBMCTL"                       @ string offset=659
.Linfo_string65:
	.asciz	"SYS_T"                         @ string offset=667
.Linfo_string66:
	.asciz	"main"                          @ string offset=673
.Linfo_string67:
	.asciz	"int"                           @ string offset=678
.Linfo_string68:
	.asciz	"int32_t"                       @ string offset=682
.Linfo_string69:
	.asciz	"SYS_UnlockReg"                 @ string offset=690
.Linfo_string70:
	.asciz	"u32TimeOutCount"               @ string offset=704
	.ident	"Component: Arm Compiler for Embedded 6.24 Tool: armclang [5f371800]"
	.section	".note.GNU-stack","",%progbits
	.eabi_attribute	30, 6	@ Tag_ABI_optimization_goals
	.ARM_attribute	16, 1	@ Tag_AV_eba
	.section	.debug_line,"",%progbits
.Lline_table_start0:
