	.text
	.syntax unified
	.eabi_attribute	67, "2.09"	@ Tag_conformance
	.cpu	cortex-m23
	.eabi_attribute	6, 16	@ Tag_CPU_arch
	.eabi_attribute	7, 77	@ Tag_CPU_arch_profile
	.eabi_attribute	8, 0	@ Tag_ARM_ISA_use
	.eabi_attribute	9, 3	@ Tag_THUMB_ISA_use
	.eabi_attribute	34, 0	@ Tag_CPU_unaligned_access
	.eabi_attribute	17, 1	@ Tag_ABI_PCS_GOT_use
	.eabi_attribute	20, 2	@ Tag_ABI_FP_denormal
	.eabi_attribute	21, 0	@ Tag_ABI_FP_exceptions
	.eabi_attribute	23, 1	@ Tag_ABI_FP_number_model
	.eabi_attribute	24, 1	@ Tag_ABI_align_needed
	.eabi_attribute	25, 1	@ Tag_ABI_align_preserved
	.eabi_attribute	38, 1	@ Tag_ABI_FP_16bit_format
	.eabi_attribute	18, 4	@ Tag_ABI_PCS_wchar_t
	.eabi_attribute	26, 2	@ Tag_ABI_enum_size
	.eabi_attribute	14, 0	@ Tag_ABI_PCS_R9_use
	.file	"watchdog.c"
	.file	1 "C:\\Users\\Anaya\\AppData\\Local\\Keil_v5\\ARM\\ARMCLANG\\bin\\..\\include" "stdint.h"
	.file	2 "D:\\work\\dheeraj\\local\\CEL\\CCC\\CCC_CPU123\\Code" "source/watchdog.c"
	.file	3 "D:\\work\\dheeraj\\local\\CEL\\CCC\\CCC_CPU123\\Code" "../../CCC_common/Library/Device/Nuvoton/M261/Include\\wdt_reg.h"
	.file	4 "D:\\work\\dheeraj\\local\\CEL\\CCC\\CCC_CPU123\\Code" "../../CCC_common/Library/Device/Nuvoton/M261/Include\\sys_reg.h"
	.section	.text.watchdog_init,"ax",%progbits
	.hidden	watchdog_init                   @ -- Begin function watchdog_init
	.globl	watchdog_init
	.p2align	2
	.type	watchdog_init,%function
	.code	16                              @ @watchdog_init
	.thumb_func
watchdog_init:
.Lfunc_begin0:
	.loc	2 103 0                         @ source/watchdog.c:103:0
	.fnstart
	.cfi_sections .debug_frame
	.cfi_startproc
@ %bb.0:
	.save	{r7, lr}
	push	{r7, lr}
	.cfi_def_cfa_offset 8
	.cfi_offset lr, -4
	.cfi_offset r7, -8
	.pad	#16
	sub	sp, #16
	.cfi_def_cfa_offset 24
	movs	r0, #0
.Ltmp0:
	.loc	2 104 11 prologue_end           @ source/watchdog.c:104:11
	str	r0, [sp, #8]                    @ 4-byte Spill
	str	r0, [sp, #12]
	movs	r0, #43
	lsls	r0, r0, #25
	.loc	2 106 5                         @ source/watchdog.c:106:5
	str	r0, [sp, #4]                    @ 4-byte Spill
	bl	CLK_EnableModuleClock
	ldr	r0, [sp, #4]                    @ 4-byte Reload
	ldr	r2, [sp, #8]                    @ 4-byte Reload
	movs	r1, #3
	.loc	2 107 5                         @ source/watchdog.c:107:5
	bl	CLK_SetModuleClock
	ldr	r0, __arm_cp.0_0
	.loc	2 109 2                         @ source/watchdog.c:109:2
	ldr	r0, [r0]
	.loc	2 116 5                         @ source/watchdog.c:116:5
	bl	SYS_UnlockReg
	ldr	r3, [sp, #8]                    @ 4-byte Reload
	.loc	2 119 23                        @ source/watchdog.c:119:23
	ldr	r0, __arm_cp.0_1
	ldr	r0, [r0]
	.loc	2 119 41 is_stmt 0              @ source/watchdog.c:119:41
	rsbs	r1, r0, #0
	adcs	r0, r1
	.loc	2 119 20                        @ source/watchdog.c:119:20
	ldr	r1, __arm_cp.0_2
	strb	r0, [r1]
	movw	r0, #1536
	movs	r1, #2
	movs	r2, #1
	.loc	2 120 5 is_stmt 1               @ source/watchdog.c:120:5
	bl	WDT_Open
	.loc	2 124 1 epilogue_begin          @ source/watchdog.c:124:1
	add	sp, #16
	pop	{r7, pc}
.Ltmp1:
	.loc	2 0 1 is_stmt 0                 @ :0:1
.Ltmp2:
	.p2align	2
@ %bb.1:
__arm_cp.0_0:
	.long	1074003968                      @ 0x40040000
.Lcpi_end0:
	.size	__arm_cp.0_0, .Lcpi_end0-__arm_cp.0_0
__arm_cp.0_1:
	.long	g_u32WakeupCounts
.Lcpi_end1:
	.size	__arm_cp.0_1, .Lcpi_end1-__arm_cp.0_1
__arm_cp.0_2:
	.long	g_u8IsINTEvent
.Lcpi_end2:
	.size	__arm_cp.0_2, .Lcpi_end2-__arm_cp.0_2
.Lfunc_end0:
	.size	watchdog_init, .Lfunc_end0-watchdog_init
	.cfi_endproc
	.cantunwind
	.fnend
                                        @ -- End function
	.section	.text.SYS_UnlockReg,"ax",%progbits
	.p2align	2                               @ -- Begin function SYS_UnlockReg
	.type	SYS_UnlockReg,%function
	.code	16                              @ @SYS_UnlockReg
	.thumb_func
SYS_UnlockReg:
.Lfunc_begin1:
	.file	5 "D:\\work\\dheeraj\\local\\CEL\\CCC\\CCC_CPU123\\Code" "../../CCC_common/Library/StdDriver/inc\\sys.h"
	.loc	5 3837 0 is_stmt 1              @ ../../CCC_common/Library/StdDriver/inc\sys.h:3837:0
	.fnstart
	.cfi_startproc
@ %bb.0:
	.pad	#4
	sub	sp, #4
	.cfi_def_cfa_offset 4
	ldr	r0, __arm_cp.1_0
.Ltmp3:
	.loc	5 3838 14 prologue_end          @ ../../CCC_common/Library/StdDriver/inc\sys.h:3838:14
	str	r0, [sp]
	.loc	5 3840 5                        @ ../../CCC_common/Library/StdDriver/inc\sys.h:3840:5
	b	.LBB1_1
.LBB1_1:                                @ =>This Inner Loop Header: Depth=1
	.loc	5 0 5 is_stmt 0                 @ ../../CCC_common/Library/StdDriver/inc\sys.h:0:5
	ldr	r1, __arm_cp.1_1
	movs	r0, #89
.Ltmp4:
	.loc	5 3842 22 is_stmt 1             @ ../../CCC_common/Library/StdDriver/inc\sys.h:3842:22
	str	r0, [r1]
	movs	r0, #22
	.loc	5 3843 22                       @ ../../CCC_common/Library/StdDriver/inc\sys.h:3843:22
	str	r0, [r1]
	movs	r0, #136
	.loc	5 3844 22                       @ ../../CCC_common/Library/StdDriver/inc\sys.h:3844:22
	str	r0, [r1]
.Ltmp5:
	.loc	5 3846 12                       @ ../../CCC_common/Library/StdDriver/inc\sys.h:3846:12
	ldr	r0, [sp]
	subs	r0, r0, #1
	str	r0, [sp]
.Ltmp6:
	.loc	5 3846 12 is_stmt 0             @ ../../CCC_common/Library/StdDriver/inc\sys.h:3846:12
	cbnz	r0, .LBB1_3
	b	.LBB1_2
.LBB1_2:
.Ltmp7:
	.loc	5 3846 36                       @ ../../CCC_common/Library/StdDriver/inc\sys.h:3846:36
	b	.LBB1_5
.Ltmp8:
.LBB1_3:                                @   in Loop: Header=BB1_1 Depth=1
	.loc	5 3847 5 is_stmt 1              @ ../../CCC_common/Library/StdDriver/inc\sys.h:3847:5
	b	.LBB1_4
.Ltmp9:
.LBB1_4:                                @   in Loop: Header=BB1_1 Depth=1
	.loc	5 0 5 is_stmt 0                 @ ../../CCC_common/Library/StdDriver/inc\sys.h:0:5
	ldr	r0, __arm_cp.1_1
	.loc	5 3848 16 is_stmt 1             @ ../../CCC_common/Library/StdDriver/inc\sys.h:3848:16
	ldr	r0, [r0]
.Ltmp10:
	.loc	5 3847 5                        @ ../../CCC_common/Library/StdDriver/inc\sys.h:3847:5
	cmp	r0, #0
	beq	.LBB1_1
	b	.LBB1_5
.Ltmp11:
.LBB1_5:
	.loc	5 3849 1 epilogue_begin         @ ../../CCC_common/Library/StdDriver/inc\sys.h:3849:1
	add	sp, #4
	bx	lr
.Ltmp12:
	.loc	5 0 1 is_stmt 0                 @ :0:1
.Ltmp13:
	.p2align	2
@ %bb.6:
__arm_cp.1_0:
	.long	12000000                        @ 0xb71b00
.Lcpi_end3:
	.size	__arm_cp.1_0, .Lcpi_end3-__arm_cp.1_0
__arm_cp.1_1:
	.long	1073742080                      @ 0x40000100
.Lcpi_end4:
	.size	__arm_cp.1_1, .Lcpi_end4-__arm_cp.1_1
.Lfunc_end1:
	.size	SYS_UnlockReg, .Lfunc_end1-SYS_UnlockReg
	.cfi_endproc
	.cantunwind
	.fnend
                                        @ -- End function
	.type	g_u32WakeupCounts,%object       @ @g_u32WakeupCounts
	.section	.bss.g_u32WakeupCounts,"aw",%nobits
	.p2align	2, 0x0
g_u32WakeupCounts:
	.long	0                               @ 0x0
	.size	g_u32WakeupCounts, 4

	.type	g_u8IsINTEvent,%object          @ @g_u8IsINTEvent
	.section	.bss.g_u8IsINTEvent,"aw",%nobits
g_u8IsINTEvent:
	.byte	0                               @ 0x0
	.size	g_u8IsINTEvent, 1

	.section	.debug_abbrev,"",%progbits
	.byte	1                               @ Abbreviation Code
	.byte	17                              @ DW_TAG_compile_unit
	.byte	1                               @ DW_CHILDREN_yes
	.byte	37                              @ DW_AT_producer
	.byte	14                              @ DW_FORM_strp
	.byte	19                              @ DW_AT_language
	.byte	5                               @ DW_FORM_data2
	.byte	3                               @ DW_AT_name
	.byte	14                              @ DW_FORM_strp
	.byte	16                              @ DW_AT_stmt_list
	.byte	23                              @ DW_FORM_sec_offset
	.byte	27                              @ DW_AT_comp_dir
	.byte	14                              @ DW_FORM_strp
	.byte	17                              @ DW_AT_low_pc
	.byte	1                               @ DW_FORM_addr
	.byte	85                              @ DW_AT_ranges
	.byte	23                              @ DW_FORM_sec_offset
	.byte	0                               @ EOM(1)
	.byte	0                               @ EOM(2)
	.byte	2                               @ Abbreviation Code
	.byte	52                              @ DW_TAG_variable
	.byte	0                               @ DW_CHILDREN_no
	.byte	3                               @ DW_AT_name
	.byte	14                              @ DW_FORM_strp
	.byte	73                              @ DW_AT_type
	.byte	19                              @ DW_FORM_ref4
	.byte	58                              @ DW_AT_decl_file
	.byte	11                              @ DW_FORM_data1
	.byte	59                              @ DW_AT_decl_line
	.byte	11                              @ DW_FORM_data1
	.byte	2                               @ DW_AT_location
	.byte	24                              @ DW_FORM_exprloc
	.byte	0                               @ EOM(1)
	.byte	0                               @ EOM(2)
	.byte	3                               @ Abbreviation Code
	.byte	22                              @ DW_TAG_typedef
	.byte	0                               @ DW_CHILDREN_no
	.byte	73                              @ DW_AT_type
	.byte	19                              @ DW_FORM_ref4
	.byte	3                               @ DW_AT_name
	.byte	14                              @ DW_FORM_strp
	.byte	58                              @ DW_AT_decl_file
	.byte	11                              @ DW_FORM_data1
	.byte	59                              @ DW_AT_decl_line
	.byte	11                              @ DW_FORM_data1
	.byte	0                               @ EOM(1)
	.byte	0                               @ EOM(2)
	.byte	4                               @ Abbreviation Code
	.byte	36                              @ DW_TAG_base_type
	.byte	0                               @ DW_CHILDREN_no
	.byte	3                               @ DW_AT_name
	.byte	14                              @ DW_FORM_strp
	.byte	62                              @ DW_AT_encoding
	.byte	11                              @ DW_FORM_data1
	.byte	11                              @ DW_AT_byte_size
	.byte	11                              @ DW_FORM_data1
	.byte	0                               @ EOM(1)
	.byte	0                               @ EOM(2)
	.byte	5                               @ Abbreviation Code
	.byte	15                              @ DW_TAG_pointer_type
	.byte	0                               @ DW_CHILDREN_no
	.byte	73                              @ DW_AT_type
	.byte	19                              @ DW_FORM_ref4
	.byte	0                               @ EOM(1)
	.byte	0                               @ EOM(2)
	.byte	6                               @ Abbreviation Code
	.byte	19                              @ DW_TAG_structure_type
	.byte	1                               @ DW_CHILDREN_yes
	.byte	11                              @ DW_AT_byte_size
	.byte	11                              @ DW_FORM_data1
	.byte	58                              @ DW_AT_decl_file
	.byte	11                              @ DW_FORM_data1
	.byte	59                              @ DW_AT_decl_line
	.byte	11                              @ DW_FORM_data1
	.byte	0                               @ EOM(1)
	.byte	0                               @ EOM(2)
	.byte	7                               @ Abbreviation Code
	.byte	13                              @ DW_TAG_member
	.byte	0                               @ DW_CHILDREN_no
	.byte	3                               @ DW_AT_name
	.byte	14                              @ DW_FORM_strp
	.byte	73                              @ DW_AT_type
	.byte	19                              @ DW_FORM_ref4
	.byte	58                              @ DW_AT_decl_file
	.byte	11                              @ DW_FORM_data1
	.byte	59                              @ DW_AT_decl_line
	.byte	11                              @ DW_FORM_data1
	.byte	56                              @ DW_AT_data_member_location
	.byte	11                              @ DW_FORM_data1
	.byte	0                               @ EOM(1)
	.byte	0                               @ EOM(2)
	.byte	8                               @ Abbreviation Code
	.byte	53                              @ DW_TAG_volatile_type
	.byte	0                               @ DW_CHILDREN_no
	.byte	73                              @ DW_AT_type
	.byte	19                              @ DW_FORM_ref4
	.byte	0                               @ EOM(1)
	.byte	0                               @ EOM(2)
	.byte	9                               @ Abbreviation Code
	.byte	22                              @ DW_TAG_typedef
	.byte	0                               @ DW_CHILDREN_no
	.byte	73                              @ DW_AT_type
	.byte	19                              @ DW_FORM_ref4
	.byte	3                               @ DW_AT_name
	.byte	14                              @ DW_FORM_strp
	.byte	58                              @ DW_AT_decl_file
	.byte	11                              @ DW_FORM_data1
	.byte	59                              @ DW_AT_decl_line
	.byte	5                               @ DW_FORM_data2
	.byte	0                               @ EOM(1)
	.byte	0                               @ EOM(2)
	.byte	10                              @ Abbreviation Code
	.byte	19                              @ DW_TAG_structure_type
	.byte	1                               @ DW_CHILDREN_yes
	.byte	11                              @ DW_AT_byte_size
	.byte	5                               @ DW_FORM_data2
	.byte	58                              @ DW_AT_decl_file
	.byte	11                              @ DW_FORM_data1
	.byte	59                              @ DW_AT_decl_line
	.byte	11                              @ DW_FORM_data1
	.byte	0                               @ EOM(1)
	.byte	0                               @ EOM(2)
	.byte	11                              @ Abbreviation Code
	.byte	13                              @ DW_TAG_member
	.byte	0                               @ DW_CHILDREN_no
	.byte	3                               @ DW_AT_name
	.byte	14                              @ DW_FORM_strp
	.byte	73                              @ DW_AT_type
	.byte	19                              @ DW_FORM_ref4
	.byte	58                              @ DW_AT_decl_file
	.byte	11                              @ DW_FORM_data1
	.byte	59                              @ DW_AT_decl_line
	.byte	5                               @ DW_FORM_data2
	.byte	56                              @ DW_AT_data_member_location
	.byte	11                              @ DW_FORM_data1
	.byte	0                               @ EOM(1)
	.byte	0                               @ EOM(2)
	.byte	12                              @ Abbreviation Code
	.byte	13                              @ DW_TAG_member
	.byte	0                               @ DW_CHILDREN_no
	.byte	3                               @ DW_AT_name
	.byte	14                              @ DW_FORM_strp
	.byte	73                              @ DW_AT_type
	.byte	19                              @ DW_FORM_ref4
	.byte	58                              @ DW_AT_decl_file
	.byte	11                              @ DW_FORM_data1
	.byte	59                              @ DW_AT_decl_line
	.byte	5                               @ DW_FORM_data2
	.byte	56                              @ DW_AT_data_member_location
	.byte	5                               @ DW_FORM_data2
	.byte	0                               @ EOM(1)
	.byte	0                               @ EOM(2)
	.byte	13                              @ Abbreviation Code
	.byte	38                              @ DW_TAG_const_type
	.byte	0                               @ DW_CHILDREN_no
	.byte	73                              @ DW_AT_type
	.byte	19                              @ DW_FORM_ref4
	.byte	0                               @ EOM(1)
	.byte	0                               @ EOM(2)
	.byte	14                              @ Abbreviation Code
	.byte	1                               @ DW_TAG_array_type
	.byte	1                               @ DW_CHILDREN_yes
	.byte	73                              @ DW_AT_type
	.byte	19                              @ DW_FORM_ref4
	.byte	0                               @ EOM(1)
	.byte	0                               @ EOM(2)
	.byte	15                              @ Abbreviation Code
	.byte	33                              @ DW_TAG_subrange_type
	.byte	0                               @ DW_CHILDREN_no
	.byte	73                              @ DW_AT_type
	.byte	19                              @ DW_FORM_ref4
	.byte	55                              @ DW_AT_count
	.byte	11                              @ DW_FORM_data1
	.byte	0                               @ EOM(1)
	.byte	0                               @ EOM(2)
	.byte	16                              @ Abbreviation Code
	.byte	36                              @ DW_TAG_base_type
	.byte	0                               @ DW_CHILDREN_no
	.byte	3                               @ DW_AT_name
	.byte	14                              @ DW_FORM_strp
	.byte	11                              @ DW_AT_byte_size
	.byte	11                              @ DW_FORM_data1
	.byte	62                              @ DW_AT_encoding
	.byte	11                              @ DW_FORM_data1
	.byte	0                               @ EOM(1)
	.byte	0                               @ EOM(2)
	.byte	17                              @ Abbreviation Code
	.byte	46                              @ DW_TAG_subprogram
	.byte	1                               @ DW_CHILDREN_yes
	.byte	17                              @ DW_AT_low_pc
	.byte	1                               @ DW_FORM_addr
	.byte	18                              @ DW_AT_high_pc
	.byte	6                               @ DW_FORM_data4
	.byte	64                              @ DW_AT_frame_base
	.byte	24                              @ DW_FORM_exprloc
	.byte	3                               @ DW_AT_name
	.byte	14                              @ DW_FORM_strp
	.byte	58                              @ DW_AT_decl_file
	.byte	11                              @ DW_FORM_data1
	.byte	59                              @ DW_AT_decl_line
	.byte	11                              @ DW_FORM_data1
	.byte	39                              @ DW_AT_prototyped
	.byte	25                              @ DW_FORM_flag_present
	.byte	63                              @ DW_AT_external
	.byte	25                              @ DW_FORM_flag_present
	.byte	0                               @ EOM(1)
	.byte	0                               @ EOM(2)
	.byte	18                              @ Abbreviation Code
	.byte	52                              @ DW_TAG_variable
	.byte	0                               @ DW_CHILDREN_no
	.byte	2                               @ DW_AT_location
	.byte	24                              @ DW_FORM_exprloc
	.byte	3                               @ DW_AT_name
	.byte	14                              @ DW_FORM_strp
	.byte	58                              @ DW_AT_decl_file
	.byte	11                              @ DW_FORM_data1
	.byte	59                              @ DW_AT_decl_line
	.byte	11                              @ DW_FORM_data1
	.byte	73                              @ DW_AT_type
	.byte	19                              @ DW_FORM_ref4
	.byte	0                               @ EOM(1)
	.byte	0                               @ EOM(2)
	.byte	19                              @ Abbreviation Code
	.byte	46                              @ DW_TAG_subprogram
	.byte	1                               @ DW_CHILDREN_yes
	.byte	17                              @ DW_AT_low_pc
	.byte	1                               @ DW_FORM_addr
	.byte	18                              @ DW_AT_high_pc
	.byte	6                               @ DW_FORM_data4
	.byte	64                              @ DW_AT_frame_base
	.byte	24                              @ DW_FORM_exprloc
	.byte	3                               @ DW_AT_name
	.byte	14                              @ DW_FORM_strp
	.byte	58                              @ DW_AT_decl_file
	.byte	11                              @ DW_FORM_data1
	.byte	59                              @ DW_AT_decl_line
	.byte	5                               @ DW_FORM_data2
	.byte	39                              @ DW_AT_prototyped
	.byte	25                              @ DW_FORM_flag_present
	.byte	0                               @ EOM(1)
	.byte	0                               @ EOM(2)
	.byte	20                              @ Abbreviation Code
	.byte	52                              @ DW_TAG_variable
	.byte	0                               @ DW_CHILDREN_no
	.byte	2                               @ DW_AT_location
	.byte	24                              @ DW_FORM_exprloc
	.byte	3                               @ DW_AT_name
	.byte	14                              @ DW_FORM_strp
	.byte	58                              @ DW_AT_decl_file
	.byte	11                              @ DW_FORM_data1
	.byte	59                              @ DW_AT_decl_line
	.byte	5                               @ DW_FORM_data2
	.byte	73                              @ DW_AT_type
	.byte	19                              @ DW_FORM_ref4
	.byte	0                               @ EOM(1)
	.byte	0                               @ EOM(2)
	.byte	0                               @ EOM(3)
	.section	.debug_info,"",%progbits
.Lcu_begin0:
	.long	.Ldebug_info_end0-.Ldebug_info_start0 @ Length of Unit
.Ldebug_info_start0:
	.short	4                               @ DWARF version number
	.long	.debug_abbrev                   @ Offset Into Abbrev. Section
	.byte	4                               @ Address Size (in bytes)
	.byte	1                               @ Abbrev [1] 0xb:0x460 DW_TAG_compile_unit
	.long	.Linfo_string0                  @ DW_AT_producer
	.short	29                              @ DW_AT_language
	.long	.Linfo_string1                  @ DW_AT_name
	.long	.Lline_table_start0             @ DW_AT_stmt_list
	.long	.Linfo_string2                  @ DW_AT_comp_dir
	.long	0                               @ DW_AT_low_pc
	.long	.Ldebug_ranges0                 @ DW_AT_ranges
	.byte	2                               @ Abbrev [2] 0x26:0x11 DW_TAG_variable
	.long	.Linfo_string3                  @ DW_AT_name
	.long	55                              @ DW_AT_type
	.byte	2                               @ DW_AT_decl_file
	.byte	20                              @ DW_AT_decl_line
	.byte	5                               @ DW_AT_location
	.byte	3
	.long	g_u8IsINTEvent
	.byte	3                               @ Abbrev [3] 0x37:0xb DW_TAG_typedef
	.long	66                              @ DW_AT_type
	.long	.Linfo_string5                  @ DW_AT_name
	.byte	1                               @ DW_AT_decl_file
	.byte	62                              @ DW_AT_decl_line
	.byte	4                               @ Abbrev [4] 0x42:0x7 DW_TAG_base_type
	.long	.Linfo_string4                  @ DW_AT_name
	.byte	8                               @ DW_AT_encoding
	.byte	1                               @ DW_AT_byte_size
	.byte	2                               @ Abbrev [2] 0x49:0x11 DW_TAG_variable
	.long	.Linfo_string6                  @ DW_AT_name
	.long	90                              @ DW_AT_type
	.byte	2                               @ DW_AT_decl_file
	.byte	21                              @ DW_AT_decl_line
	.byte	5                               @ DW_AT_location
	.byte	3
	.long	g_u32WakeupCounts
	.byte	3                               @ Abbrev [3] 0x5a:0xb DW_TAG_typedef
	.long	101                             @ DW_AT_type
	.long	.Linfo_string8                  @ DW_AT_name
	.byte	1                               @ DW_AT_decl_file
	.byte	64                              @ DW_AT_decl_line
	.byte	4                               @ Abbrev [4] 0x65:0x7 DW_TAG_base_type
	.long	.Linfo_string7                  @ DW_AT_name
	.byte	7                               @ DW_AT_encoding
	.byte	4                               @ DW_AT_byte_size
	.byte	5                               @ Abbrev [5] 0x6c:0x5 DW_TAG_pointer_type
	.long	113                             @ DW_AT_type
	.byte	3                               @ Abbrev [3] 0x71:0xb DW_TAG_typedef
	.long	124                             @ DW_AT_type
	.long	.Linfo_string12                 @ DW_AT_name
	.byte	3                               @ DW_AT_decl_file
	.byte	127                             @ DW_AT_decl_line
	.byte	6                               @ Abbrev [6] 0x7c:0x29 DW_TAG_structure_type
	.byte	12                              @ DW_AT_byte_size
	.byte	3                               @ DW_AT_decl_file
	.byte	26                              @ DW_AT_decl_line
	.byte	7                               @ Abbrev [7] 0x80:0xc DW_TAG_member
	.long	.Linfo_string9                  @ DW_AT_name
	.long	165                             @ DW_AT_type
	.byte	3                               @ DW_AT_decl_file
	.byte	123                             @ DW_AT_decl_line
	.byte	0                               @ DW_AT_data_member_location
	.byte	7                               @ Abbrev [7] 0x8c:0xc DW_TAG_member
	.long	.Linfo_string10                 @ DW_AT_name
	.long	165                             @ DW_AT_type
	.byte	3                               @ DW_AT_decl_file
	.byte	124                             @ DW_AT_decl_line
	.byte	4                               @ DW_AT_data_member_location
	.byte	7                               @ Abbrev [7] 0x98:0xc DW_TAG_member
	.long	.Linfo_string11                 @ DW_AT_name
	.long	165                             @ DW_AT_type
	.byte	3                               @ DW_AT_decl_file
	.byte	125                             @ DW_AT_decl_line
	.byte	8                               @ DW_AT_data_member_location
	.byte	0                               @ End Of Children Mark
	.byte	8                               @ Abbrev [8] 0xa5:0x5 DW_TAG_volatile_type
	.long	90                              @ DW_AT_type
	.byte	5                               @ Abbrev [5] 0xaa:0x5 DW_TAG_pointer_type
	.long	175                             @ DW_AT_type
	.byte	9                               @ Abbrev [9] 0xaf:0xc DW_TAG_typedef
	.long	187                             @ DW_AT_type
	.long	.Linfo_string73                 @ DW_AT_name
	.byte	4                               @ DW_AT_decl_file
	.short	1083                            @ DW_AT_decl_line
	.byte	10                              @ Abbrev [10] 0xbb:0x30d DW_TAG_structure_type
	.short	1028                            @ DW_AT_byte_size
	.byte	4                               @ DW_AT_decl_file
	.byte	25                              @ DW_AT_decl_line
	.byte	11                              @ Abbrev [11] 0xc0:0xd DW_TAG_member
	.long	.Linfo_string13                 @ DW_AT_name
	.long	968                             @ DW_AT_type
	.byte	4                               @ DW_AT_decl_file
	.short	1022                            @ DW_AT_decl_line
	.byte	0                               @ DW_AT_data_member_location
	.byte	11                              @ Abbrev [11] 0xcd:0xd DW_TAG_member
	.long	.Linfo_string14                 @ DW_AT_name
	.long	165                             @ DW_AT_type
	.byte	4                               @ DW_AT_decl_file
	.short	1023                            @ DW_AT_decl_line
	.byte	4                               @ DW_AT_data_member_location
	.byte	11                              @ Abbrev [11] 0xda:0xd DW_TAG_member
	.long	.Linfo_string15                 @ DW_AT_name
	.long	165                             @ DW_AT_type
	.byte	4                               @ DW_AT_decl_file
	.short	1024                            @ DW_AT_decl_line
	.byte	8                               @ DW_AT_data_member_location
	.byte	11                              @ Abbrev [11] 0xe7:0xd DW_TAG_member
	.long	.Linfo_string16                 @ DW_AT_name
	.long	165                             @ DW_AT_type
	.byte	4                               @ DW_AT_decl_file
	.short	1025                            @ DW_AT_decl_line
	.byte	12                              @ DW_AT_data_member_location
	.byte	11                              @ Abbrev [11] 0xf4:0xd DW_TAG_member
	.long	.Linfo_string17                 @ DW_AT_name
	.long	165                             @ DW_AT_type
	.byte	4                               @ DW_AT_decl_file
	.short	1026                            @ DW_AT_decl_line
	.byte	16                              @ DW_AT_data_member_location
	.byte	11                              @ Abbrev [11] 0x101:0xd DW_TAG_member
	.long	.Linfo_string18                 @ DW_AT_name
	.long	973                             @ DW_AT_type
	.byte	4                               @ DW_AT_decl_file
	.short	1027                            @ DW_AT_decl_line
	.byte	20                              @ DW_AT_data_member_location
	.byte	11                              @ Abbrev [11] 0x10e:0xd DW_TAG_member
	.long	.Linfo_string20                 @ DW_AT_name
	.long	165                             @ DW_AT_type
	.byte	4                               @ DW_AT_decl_file
	.short	1028                            @ DW_AT_decl_line
	.byte	24                              @ DW_AT_data_member_location
	.byte	11                              @ Abbrev [11] 0x11b:0xd DW_TAG_member
	.long	.Linfo_string21                 @ DW_AT_name
	.long	165                             @ DW_AT_type
	.byte	4                               @ DW_AT_decl_file
	.short	1029                            @ DW_AT_decl_line
	.byte	28                              @ DW_AT_data_member_location
	.byte	11                              @ Abbrev [11] 0x128:0xd DW_TAG_member
	.long	.Linfo_string22                 @ DW_AT_name
	.long	973                             @ DW_AT_type
	.byte	4                               @ DW_AT_decl_file
	.short	1030                            @ DW_AT_decl_line
	.byte	32                              @ DW_AT_data_member_location
	.byte	11                              @ Abbrev [11] 0x135:0xd DW_TAG_member
	.long	.Linfo_string23                 @ DW_AT_name
	.long	165                             @ DW_AT_type
	.byte	4                               @ DW_AT_decl_file
	.short	1031                            @ DW_AT_decl_line
	.byte	36                              @ DW_AT_data_member_location
	.byte	11                              @ Abbrev [11] 0x142:0xd DW_TAG_member
	.long	.Linfo_string24                 @ DW_AT_name
	.long	165                             @ DW_AT_type
	.byte	4                               @ DW_AT_decl_file
	.short	1032                            @ DW_AT_decl_line
	.byte	40                              @ DW_AT_data_member_location
	.byte	11                              @ Abbrev [11] 0x14f:0xd DW_TAG_member
	.long	.Linfo_string25                 @ DW_AT_name
	.long	165                             @ DW_AT_type
	.byte	4                               @ DW_AT_decl_file
	.short	1033                            @ DW_AT_decl_line
	.byte	44                              @ DW_AT_data_member_location
	.byte	11                              @ Abbrev [11] 0x15c:0xd DW_TAG_member
	.long	.Linfo_string26                 @ DW_AT_name
	.long	165                             @ DW_AT_type
	.byte	4                               @ DW_AT_decl_file
	.short	1034                            @ DW_AT_decl_line
	.byte	48                              @ DW_AT_data_member_location
	.byte	11                              @ Abbrev [11] 0x169:0xd DW_TAG_member
	.long	.Linfo_string27                 @ DW_AT_name
	.long	165                             @ DW_AT_type
	.byte	4                               @ DW_AT_decl_file
	.short	1035                            @ DW_AT_decl_line
	.byte	52                              @ DW_AT_data_member_location
	.byte	11                              @ Abbrev [11] 0x176:0xd DW_TAG_member
	.long	.Linfo_string28                 @ DW_AT_name
	.long	165                             @ DW_AT_type
	.byte	4                               @ DW_AT_decl_file
	.short	1036                            @ DW_AT_decl_line
	.byte	56                              @ DW_AT_data_member_location
	.byte	11                              @ Abbrev [11] 0x183:0xd DW_TAG_member
	.long	.Linfo_string29                 @ DW_AT_name
	.long	165                             @ DW_AT_type
	.byte	4                               @ DW_AT_decl_file
	.short	1037                            @ DW_AT_decl_line
	.byte	60                              @ DW_AT_data_member_location
	.byte	11                              @ Abbrev [11] 0x190:0xd DW_TAG_member
	.long	.Linfo_string30                 @ DW_AT_name
	.long	165                             @ DW_AT_type
	.byte	4                               @ DW_AT_decl_file
	.short	1038                            @ DW_AT_decl_line
	.byte	64                              @ DW_AT_data_member_location
	.byte	11                              @ Abbrev [11] 0x19d:0xd DW_TAG_member
	.long	.Linfo_string31                 @ DW_AT_name
	.long	165                             @ DW_AT_type
	.byte	4                               @ DW_AT_decl_file
	.short	1039                            @ DW_AT_decl_line
	.byte	68                              @ DW_AT_data_member_location
	.byte	11                              @ Abbrev [11] 0x1aa:0xd DW_TAG_member
	.long	.Linfo_string32                 @ DW_AT_name
	.long	165                             @ DW_AT_type
	.byte	4                               @ DW_AT_decl_file
	.short	1040                            @ DW_AT_decl_line
	.byte	72                              @ DW_AT_data_member_location
	.byte	11                              @ Abbrev [11] 0x1b7:0xd DW_TAG_member
	.long	.Linfo_string33                 @ DW_AT_name
	.long	165                             @ DW_AT_type
	.byte	4                               @ DW_AT_decl_file
	.short	1041                            @ DW_AT_decl_line
	.byte	76                              @ DW_AT_data_member_location
	.byte	11                              @ Abbrev [11] 0x1c4:0xd DW_TAG_member
	.long	.Linfo_string34                 @ DW_AT_name
	.long	165                             @ DW_AT_type
	.byte	4                               @ DW_AT_decl_file
	.short	1042                            @ DW_AT_decl_line
	.byte	80                              @ DW_AT_data_member_location
	.byte	11                              @ Abbrev [11] 0x1d1:0xd DW_TAG_member
	.long	.Linfo_string35                 @ DW_AT_name
	.long	165                             @ DW_AT_type
	.byte	4                               @ DW_AT_decl_file
	.short	1043                            @ DW_AT_decl_line
	.byte	84                              @ DW_AT_data_member_location
	.byte	11                              @ Abbrev [11] 0x1de:0xd DW_TAG_member
	.long	.Linfo_string36                 @ DW_AT_name
	.long	165                             @ DW_AT_type
	.byte	4                               @ DW_AT_decl_file
	.short	1044                            @ DW_AT_decl_line
	.byte	88                              @ DW_AT_data_member_location
	.byte	11                              @ Abbrev [11] 0x1eb:0xd DW_TAG_member
	.long	.Linfo_string37                 @ DW_AT_name
	.long	165                             @ DW_AT_type
	.byte	4                               @ DW_AT_decl_file
	.short	1045                            @ DW_AT_decl_line
	.byte	92                              @ DW_AT_data_member_location
	.byte	11                              @ Abbrev [11] 0x1f8:0xd DW_TAG_member
	.long	.Linfo_string38                 @ DW_AT_name
	.long	165                             @ DW_AT_type
	.byte	4                               @ DW_AT_decl_file
	.short	1046                            @ DW_AT_decl_line
	.byte	96                              @ DW_AT_data_member_location
	.byte	11                              @ Abbrev [11] 0x205:0xd DW_TAG_member
	.long	.Linfo_string39                 @ DW_AT_name
	.long	165                             @ DW_AT_type
	.byte	4                               @ DW_AT_decl_file
	.short	1047                            @ DW_AT_decl_line
	.byte	100                             @ DW_AT_data_member_location
	.byte	11                              @ Abbrev [11] 0x212:0xd DW_TAG_member
	.long	.Linfo_string40                 @ DW_AT_name
	.long	165                             @ DW_AT_type
	.byte	4                               @ DW_AT_decl_file
	.short	1048                            @ DW_AT_decl_line
	.byte	104                             @ DW_AT_data_member_location
	.byte	11                              @ Abbrev [11] 0x21f:0xd DW_TAG_member
	.long	.Linfo_string41                 @ DW_AT_name
	.long	165                             @ DW_AT_type
	.byte	4                               @ DW_AT_decl_file
	.short	1049                            @ DW_AT_decl_line
	.byte	108                             @ DW_AT_data_member_location
	.byte	11                              @ Abbrev [11] 0x22c:0xd DW_TAG_member
	.long	.Linfo_string42                 @ DW_AT_name
	.long	992                             @ DW_AT_type
	.byte	4                               @ DW_AT_decl_file
	.short	1050                            @ DW_AT_decl_line
	.byte	112                             @ DW_AT_data_member_location
	.byte	11                              @ Abbrev [11] 0x239:0xd DW_TAG_member
	.long	.Linfo_string43                 @ DW_AT_name
	.long	165                             @ DW_AT_type
	.byte	4                               @ DW_AT_decl_file
	.short	1051                            @ DW_AT_decl_line
	.byte	128                             @ DW_AT_data_member_location
	.byte	11                              @ Abbrev [11] 0x246:0xd DW_TAG_member
	.long	.Linfo_string44                 @ DW_AT_name
	.long	165                             @ DW_AT_type
	.byte	4                               @ DW_AT_decl_file
	.short	1052                            @ DW_AT_decl_line
	.byte	132                             @ DW_AT_data_member_location
	.byte	11                              @ Abbrev [11] 0x253:0xd DW_TAG_member
	.long	.Linfo_string45                 @ DW_AT_name
	.long	165                             @ DW_AT_type
	.byte	4                               @ DW_AT_decl_file
	.short	1053                            @ DW_AT_decl_line
	.byte	136                             @ DW_AT_data_member_location
	.byte	11                              @ Abbrev [11] 0x260:0xd DW_TAG_member
	.long	.Linfo_string46                 @ DW_AT_name
	.long	165                             @ DW_AT_type
	.byte	4                               @ DW_AT_decl_file
	.short	1054                            @ DW_AT_decl_line
	.byte	140                             @ DW_AT_data_member_location
	.byte	11                              @ Abbrev [11] 0x26d:0xd DW_TAG_member
	.long	.Linfo_string47                 @ DW_AT_name
	.long	165                             @ DW_AT_type
	.byte	4                               @ DW_AT_decl_file
	.short	1055                            @ DW_AT_decl_line
	.byte	144                             @ DW_AT_data_member_location
	.byte	11                              @ Abbrev [11] 0x27a:0xd DW_TAG_member
	.long	.Linfo_string48                 @ DW_AT_name
	.long	165                             @ DW_AT_type
	.byte	4                               @ DW_AT_decl_file
	.short	1056                            @ DW_AT_decl_line
	.byte	148                             @ DW_AT_data_member_location
	.byte	11                              @ Abbrev [11] 0x287:0xd DW_TAG_member
	.long	.Linfo_string49                 @ DW_AT_name
	.long	165                             @ DW_AT_type
	.byte	4                               @ DW_AT_decl_file
	.short	1057                            @ DW_AT_decl_line
	.byte	152                             @ DW_AT_data_member_location
	.byte	11                              @ Abbrev [11] 0x294:0xd DW_TAG_member
	.long	.Linfo_string50                 @ DW_AT_name
	.long	165                             @ DW_AT_type
	.byte	4                               @ DW_AT_decl_file
	.short	1058                            @ DW_AT_decl_line
	.byte	156                             @ DW_AT_data_member_location
	.byte	11                              @ Abbrev [11] 0x2a1:0xd DW_TAG_member
	.long	.Linfo_string51                 @ DW_AT_name
	.long	1004                            @ DW_AT_type
	.byte	4                               @ DW_AT_decl_file
	.short	1059                            @ DW_AT_decl_line
	.byte	160                             @ DW_AT_data_member_location
	.byte	11                              @ Abbrev [11] 0x2ae:0xd DW_TAG_member
	.long	.Linfo_string52                 @ DW_AT_name
	.long	165                             @ DW_AT_type
	.byte	4                               @ DW_AT_decl_file
	.short	1060                            @ DW_AT_decl_line
	.byte	192                             @ DW_AT_data_member_location
	.byte	11                              @ Abbrev [11] 0x2bb:0xd DW_TAG_member
	.long	.Linfo_string53                 @ DW_AT_name
	.long	165                             @ DW_AT_type
	.byte	4                               @ DW_AT_decl_file
	.short	1061                            @ DW_AT_decl_line
	.byte	196                             @ DW_AT_data_member_location
	.byte	11                              @ Abbrev [11] 0x2c8:0xd DW_TAG_member
	.long	.Linfo_string54                 @ DW_AT_name
	.long	165                             @ DW_AT_type
	.byte	4                               @ DW_AT_decl_file
	.short	1062                            @ DW_AT_decl_line
	.byte	200                             @ DW_AT_data_member_location
	.byte	11                              @ Abbrev [11] 0x2d5:0xd DW_TAG_member
	.long	.Linfo_string55                 @ DW_AT_name
	.long	1016                            @ DW_AT_type
	.byte	4                               @ DW_AT_decl_file
	.short	1063                            @ DW_AT_decl_line
	.byte	204                             @ DW_AT_data_member_location
	.byte	11                              @ Abbrev [11] 0x2e2:0xd DW_TAG_member
	.long	.Linfo_string56                 @ DW_AT_name
	.long	165                             @ DW_AT_type
	.byte	4                               @ DW_AT_decl_file
	.short	1064                            @ DW_AT_decl_line
	.byte	220                             @ DW_AT_data_member_location
	.byte	11                              @ Abbrev [11] 0x2ef:0xd DW_TAG_member
	.long	.Linfo_string57                 @ DW_AT_name
	.long	165                             @ DW_AT_type
	.byte	4                               @ DW_AT_decl_file
	.short	1065                            @ DW_AT_decl_line
	.byte	224                             @ DW_AT_data_member_location
	.byte	11                              @ Abbrev [11] 0x2fc:0xd DW_TAG_member
	.long	.Linfo_string58                 @ DW_AT_name
	.long	165                             @ DW_AT_type
	.byte	4                               @ DW_AT_decl_file
	.short	1066                            @ DW_AT_decl_line
	.byte	228                             @ DW_AT_data_member_location
	.byte	11                              @ Abbrev [11] 0x309:0xd DW_TAG_member
	.long	.Linfo_string59                 @ DW_AT_name
	.long	165                             @ DW_AT_type
	.byte	4                               @ DW_AT_decl_file
	.short	1067                            @ DW_AT_decl_line
	.byte	232                             @ DW_AT_data_member_location
	.byte	11                              @ Abbrev [11] 0x316:0xd DW_TAG_member
	.long	.Linfo_string60                 @ DW_AT_name
	.long	165                             @ DW_AT_type
	.byte	4                               @ DW_AT_decl_file
	.short	1068                            @ DW_AT_decl_line
	.byte	236                             @ DW_AT_data_member_location
	.byte	11                              @ Abbrev [11] 0x323:0xd DW_TAG_member
	.long	.Linfo_string61                 @ DW_AT_name
	.long	165                             @ DW_AT_type
	.byte	4                               @ DW_AT_decl_file
	.short	1069                            @ DW_AT_decl_line
	.byte	240                             @ DW_AT_data_member_location
	.byte	11                              @ Abbrev [11] 0x330:0xd DW_TAG_member
	.long	.Linfo_string62                 @ DW_AT_name
	.long	165                             @ DW_AT_type
	.byte	4                               @ DW_AT_decl_file
	.short	1070                            @ DW_AT_decl_line
	.byte	244                             @ DW_AT_data_member_location
	.byte	11                              @ Abbrev [11] 0x33d:0xd DW_TAG_member
	.long	.Linfo_string63                 @ DW_AT_name
	.long	165                             @ DW_AT_type
	.byte	4                               @ DW_AT_decl_file
	.short	1071                            @ DW_AT_decl_line
	.byte	248                             @ DW_AT_data_member_location
	.byte	11                              @ Abbrev [11] 0x34a:0xd DW_TAG_member
	.long	.Linfo_string64                 @ DW_AT_name
	.long	973                             @ DW_AT_type
	.byte	4                               @ DW_AT_decl_file
	.short	1072                            @ DW_AT_decl_line
	.byte	252                             @ DW_AT_data_member_location
	.byte	12                              @ Abbrev [12] 0x357:0xe DW_TAG_member
	.long	.Linfo_string65                 @ DW_AT_name
	.long	165                             @ DW_AT_type
	.byte	4                               @ DW_AT_decl_file
	.short	1073                            @ DW_AT_decl_line
	.short	256                             @ DW_AT_data_member_location
	.byte	12                              @ Abbrev [12] 0x365:0xe DW_TAG_member
	.long	.Linfo_string66                 @ DW_AT_name
	.long	1028                            @ DW_AT_type
	.byte	4                               @ DW_AT_decl_file
	.short	1074                            @ DW_AT_decl_line
	.short	260                             @ DW_AT_data_member_location
	.byte	12                              @ Abbrev [12] 0x373:0xe DW_TAG_member
	.long	.Linfo_string67                 @ DW_AT_name
	.long	165                             @ DW_AT_type
	.byte	4                               @ DW_AT_decl_file
	.short	1075                            @ DW_AT_decl_line
	.short	492                             @ DW_AT_data_member_location
	.byte	12                              @ Abbrev [12] 0x381:0xe DW_TAG_member
	.long	.Linfo_string68                 @ DW_AT_name
	.long	1040                            @ DW_AT_type
	.byte	4                               @ DW_AT_decl_file
	.short	1076                            @ DW_AT_decl_line
	.short	496                             @ DW_AT_data_member_location
	.byte	12                              @ Abbrev [12] 0x38f:0xe DW_TAG_member
	.long	.Linfo_string69                 @ DW_AT_name
	.long	165                             @ DW_AT_type
	.byte	4                               @ DW_AT_decl_file
	.short	1077                            @ DW_AT_decl_line
	.short	504                             @ DW_AT_data_member_location
	.byte	12                              @ Abbrev [12] 0x39d:0xe DW_TAG_member
	.long	.Linfo_string70                 @ DW_AT_name
	.long	165                             @ DW_AT_type
	.byte	4                               @ DW_AT_decl_file
	.short	1078                            @ DW_AT_decl_line
	.short	508                             @ DW_AT_data_member_location
	.byte	12                              @ Abbrev [12] 0x3ab:0xe DW_TAG_member
	.long	.Linfo_string71                 @ DW_AT_name
	.long	1052                            @ DW_AT_type
	.byte	4                               @ DW_AT_decl_file
	.short	1079                            @ DW_AT_decl_line
	.short	512                             @ DW_AT_data_member_location
	.byte	12                              @ Abbrev [12] 0x3b9:0xe DW_TAG_member
	.long	.Linfo_string72                 @ DW_AT_name
	.long	165                             @ DW_AT_type
	.byte	4                               @ DW_AT_decl_file
	.short	1080                            @ DW_AT_decl_line
	.short	1024                            @ DW_AT_data_member_location
	.byte	0                               @ End Of Children Mark
	.byte	13                              @ Abbrev [13] 0x3c8:0x5 DW_TAG_const_type
	.long	165                             @ DW_AT_type
	.byte	14                              @ Abbrev [14] 0x3cd:0xc DW_TAG_array_type
	.long	968                             @ DW_AT_type
	.byte	15                              @ Abbrev [15] 0x3d2:0x6 DW_TAG_subrange_type
	.long	985                             @ DW_AT_type
	.byte	1                               @ DW_AT_count
	.byte	0                               @ End Of Children Mark
	.byte	16                              @ Abbrev [16] 0x3d9:0x7 DW_TAG_base_type
	.long	.Linfo_string19                 @ DW_AT_name
	.byte	8                               @ DW_AT_byte_size
	.byte	7                               @ DW_AT_encoding
	.byte	14                              @ Abbrev [14] 0x3e0:0xc DW_TAG_array_type
	.long	968                             @ DW_AT_type
	.byte	15                              @ Abbrev [15] 0x3e5:0x6 DW_TAG_subrange_type
	.long	985                             @ DW_AT_type
	.byte	4                               @ DW_AT_count
	.byte	0                               @ End Of Children Mark
	.byte	14                              @ Abbrev [14] 0x3ec:0xc DW_TAG_array_type
	.long	968                             @ DW_AT_type
	.byte	15                              @ Abbrev [15] 0x3f1:0x6 DW_TAG_subrange_type
	.long	985                             @ DW_AT_type
	.byte	8                               @ DW_AT_count
	.byte	0                               @ End Of Children Mark
	.byte	14                              @ Abbrev [14] 0x3f8:0xc DW_TAG_array_type
	.long	165                             @ DW_AT_type
	.byte	15                              @ Abbrev [15] 0x3fd:0x6 DW_TAG_subrange_type
	.long	985                             @ DW_AT_type
	.byte	4                               @ DW_AT_count
	.byte	0                               @ End Of Children Mark
	.byte	14                              @ Abbrev [14] 0x404:0xc DW_TAG_array_type
	.long	968                             @ DW_AT_type
	.byte	15                              @ Abbrev [15] 0x409:0x6 DW_TAG_subrange_type
	.long	985                             @ DW_AT_type
	.byte	58                              @ DW_AT_count
	.byte	0                               @ End Of Children Mark
	.byte	14                              @ Abbrev [14] 0x410:0xc DW_TAG_array_type
	.long	968                             @ DW_AT_type
	.byte	15                              @ Abbrev [15] 0x415:0x6 DW_TAG_subrange_type
	.long	985                             @ DW_AT_type
	.byte	2                               @ DW_AT_count
	.byte	0                               @ End Of Children Mark
	.byte	14                              @ Abbrev [14] 0x41c:0xc DW_TAG_array_type
	.long	968                             @ DW_AT_type
	.byte	15                              @ Abbrev [15] 0x421:0x6 DW_TAG_subrange_type
	.long	985                             @ DW_AT_type
	.byte	128                             @ DW_AT_count
	.byte	0                               @ End Of Children Mark
	.byte	17                              @ Abbrev [17] 0x428:0x20 DW_TAG_subprogram
	.long	.Lfunc_begin0                   @ DW_AT_low_pc
	.long	.Lfunc_end0-.Lfunc_begin0       @ DW_AT_high_pc
	.byte	1                               @ DW_AT_frame_base
	.byte	93
	.long	.Linfo_string74                 @ DW_AT_name
	.byte	2                               @ DW_AT_decl_file
	.byte	103                             @ DW_AT_decl_line
                                        @ DW_AT_prototyped
                                        @ DW_AT_external
	.byte	18                              @ Abbrev [18] 0x439:0xe DW_TAG_variable
	.byte	2                               @ DW_AT_location
	.byte	145
	.byte	12
	.long	.Linfo_string76                 @ DW_AT_name
	.byte	2                               @ DW_AT_decl_file
	.byte	104                             @ DW_AT_decl_line
	.long	90                              @ DW_AT_type
	.byte	0                               @ End Of Children Mark
	.byte	19                              @ Abbrev [19] 0x448:0x22 DW_TAG_subprogram
	.long	.Lfunc_begin1                   @ DW_AT_low_pc
	.long	.Lfunc_end1-.Lfunc_begin1       @ DW_AT_high_pc
	.byte	1                               @ DW_AT_frame_base
	.byte	93
	.long	.Linfo_string75                 @ DW_AT_name
	.byte	5                               @ DW_AT_decl_file
	.short	3836                            @ DW_AT_decl_line
                                        @ DW_AT_prototyped
	.byte	20                              @ Abbrev [20] 0x45a:0xf DW_TAG_variable
	.byte	2                               @ DW_AT_location
	.byte	145
	.byte	0
	.long	.Linfo_string77                 @ DW_AT_name
	.byte	5                               @ DW_AT_decl_file
	.short	3838                            @ DW_AT_decl_line
	.long	90                              @ DW_AT_type
	.byte	0                               @ End Of Children Mark
	.byte	0                               @ End Of Children Mark
.Ldebug_info_end0:
	.section	.debug_ranges,"",%progbits
.Ldebug_ranges0:
	.long	.Lfunc_begin0
	.long	.Lfunc_end0
	.long	.Lfunc_begin1
	.long	.Lfunc_end1
	.long	0
	.long	0
	.section	.debug_str,"MS",%progbits,1
.Linfo_string0:
	.asciz	"Component: Arm Compiler for Embedded 6.24 Tool: armclang [5f371800]" @ string offset=0
.Linfo_string1:
	.asciz	"source\\watchdog.c"            @ string offset=68
.Linfo_string2:
	.asciz	"D:\\work\\dheeraj\\local\\CEL\\CCC\\CCC_CPU123\\Code" @ string offset=86
.Linfo_string3:
	.asciz	"g_u8IsINTEvent"                @ string offset=132
.Linfo_string4:
	.asciz	"unsigned char"                 @ string offset=147
.Linfo_string5:
	.asciz	"uint8_t"                       @ string offset=161
.Linfo_string6:
	.asciz	"g_u32WakeupCounts"             @ string offset=169
.Linfo_string7:
	.asciz	"unsigned int"                  @ string offset=187
.Linfo_string8:
	.asciz	"uint32_t"                      @ string offset=200
.Linfo_string9:
	.asciz	"CTL"                           @ string offset=209
.Linfo_string10:
	.asciz	"ALTCTL"                        @ string offset=213
.Linfo_string11:
	.asciz	"RSTCNT"                        @ string offset=220
.Linfo_string12:
	.asciz	"WDT_T"                         @ string offset=227
.Linfo_string13:
	.asciz	"PDID"                          @ string offset=233
.Linfo_string14:
	.asciz	"RSTSTS"                        @ string offset=238
.Linfo_string15:
	.asciz	"IPRST0"                        @ string offset=245
.Linfo_string16:
	.asciz	"IPRST1"                        @ string offset=252
.Linfo_string17:
	.asciz	"IPRST2"                        @ string offset=259
.Linfo_string18:
	.asciz	"RESERVE0"                      @ string offset=266
.Linfo_string19:
	.asciz	"__ARRAY_SIZE_TYPE__"           @ string offset=275
.Linfo_string20:
	.asciz	"BODCTL"                        @ string offset=295
.Linfo_string21:
	.asciz	"IVSCTL"                        @ string offset=302
.Linfo_string22:
	.asciz	"RESERVE1"                      @ string offset=309
.Linfo_string23:
	.asciz	"PORCTL0"                       @ string offset=318
.Linfo_string24:
	.asciz	"VREFCTL"                       @ string offset=326
.Linfo_string25:
	.asciz	"USBPHY"                        @ string offset=334
.Linfo_string26:
	.asciz	"GPA_MFPL"                      @ string offset=341
.Linfo_string27:
	.asciz	"GPA_MFPH"                      @ string offset=350
.Linfo_string28:
	.asciz	"GPB_MFPL"                      @ string offset=359
.Linfo_string29:
	.asciz	"GPB_MFPH"                      @ string offset=368
.Linfo_string30:
	.asciz	"GPC_MFPL"                      @ string offset=377
.Linfo_string31:
	.asciz	"GPC_MFPH"                      @ string offset=386
.Linfo_string32:
	.asciz	"GPD_MFPL"                      @ string offset=395
.Linfo_string33:
	.asciz	"GPD_MFPH"                      @ string offset=404
.Linfo_string34:
	.asciz	"GPE_MFPL"                      @ string offset=413
.Linfo_string35:
	.asciz	"GPE_MFPH"                      @ string offset=422
.Linfo_string36:
	.asciz	"GPF_MFPL"                      @ string offset=431
.Linfo_string37:
	.asciz	"GPF_MFPH"                      @ string offset=440
.Linfo_string38:
	.asciz	"GPG_MFPL"                      @ string offset=449
.Linfo_string39:
	.asciz	"GPG_MFPH"                      @ string offset=458
.Linfo_string40:
	.asciz	"GPH_MFPL"                      @ string offset=467
.Linfo_string41:
	.asciz	"GPH_MFPH"                      @ string offset=476
.Linfo_string42:
	.asciz	"RESERVE2"                      @ string offset=485
.Linfo_string43:
	.asciz	"GPA_MFOS"                      @ string offset=494
.Linfo_string44:
	.asciz	"GPB_MFOS"                      @ string offset=503
.Linfo_string45:
	.asciz	"GPC_MFOS"                      @ string offset=512
.Linfo_string46:
	.asciz	"GPD_MFOS"                      @ string offset=521
.Linfo_string47:
	.asciz	"GPE_MFOS"                      @ string offset=530
.Linfo_string48:
	.asciz	"GPF_MFOS"                      @ string offset=539
.Linfo_string49:
	.asciz	"GPG_MFOS"                      @ string offset=548
.Linfo_string50:
	.asciz	"GPH_MFOS"                      @ string offset=557
.Linfo_string51:
	.asciz	"RESERVE3"                      @ string offset=566
.Linfo_string52:
	.asciz	"SRAMICTL"                      @ string offset=575
.Linfo_string53:
	.asciz	"SRAMSTS"                       @ string offset=584
.Linfo_string54:
	.asciz	"SRAMEADR"                      @ string offset=592
.Linfo_string55:
	.asciz	"RESERVE4"                      @ string offset=601
.Linfo_string56:
	.asciz	"SRAMPCTL"                      @ string offset=610
.Linfo_string57:
	.asciz	"SRAMPPCT"                      @ string offset=619
.Linfo_string58:
	.asciz	"TCTL48M"                       @ string offset=628
.Linfo_string59:
	.asciz	"TIEN48M"                       @ string offset=636
.Linfo_string60:
	.asciz	"TISTS48M"                      @ string offset=644
.Linfo_string61:
	.asciz	"TCTL12M"                       @ string offset=653
.Linfo_string62:
	.asciz	"TIEN12M"                       @ string offset=661
.Linfo_string63:
	.asciz	"TISTS12M"                      @ string offset=669
.Linfo_string64:
	.asciz	"RESERVE6"                      @ string offset=678
.Linfo_string65:
	.asciz	"REGLCTL"                       @ string offset=687
.Linfo_string66:
	.asciz	"RESERVE7"                      @ string offset=695
.Linfo_string67:
	.asciz	"PORCTL1"                       @ string offset=704
.Linfo_string68:
	.asciz	"RESERVE8"                      @ string offset=712
.Linfo_string69:
	.asciz	"PLCTL"                         @ string offset=721
.Linfo_string70:
	.asciz	"PLSTS"                         @ string offset=727
.Linfo_string71:
	.asciz	"RESERVE9"                      @ string offset=733
.Linfo_string72:
	.asciz	"AHBMCTL"                       @ string offset=742
.Linfo_string73:
	.asciz	"SYS_T"                         @ string offset=750
.Linfo_string74:
	.asciz	"watchdog_init"                 @ string offset=756
.Linfo_string75:
	.asciz	"SYS_UnlockReg"                 @ string offset=770
.Linfo_string76:
	.asciz	"u32TimeOutCnt_wdg"             @ string offset=784
.Linfo_string77:
	.asciz	"u32TimeOutCount"               @ string offset=802
	.ident	"Component: Arm Compiler for Embedded 6.24 Tool: armclang [5f371800]"
	.section	".note.GNU-stack","",%progbits
	.eabi_attribute	30, 6	@ Tag_ABI_optimization_goals
	.ARM_attribute	16, 1	@ Tag_AV_eba
	.section	.debug_line,"",%progbits
.Lline_table_start0:
